Copyright 1986-2020 Xilinx, Inc. All Rights Reserved.
--------------------------------------------------------------------------------------
| Tool Version : Vivado v.2020.1 (win64) Build 2902540 Wed May 27 19:54:49 MDT 2020
| Date         : Tue Dec  9 12:24:04 2025
| Host         : Elio running 64-bit major release  (build 9200)
| Command      : report_control_sets -verbose -file on_board2_control_sets_placed.rpt
| Design       : on_board2
| Device       : xc7a50ti
--------------------------------------------------------------------------------------

Control Set Information

Table of Contents
-----------------
1. Summary
2. Histogram
3. Flip-Flop Distribution
4. Detailed Control Set Information

1. Summary
----------

+----------------------------------------------------------+-------+
|                          Status                          | Count |
+----------------------------------------------------------+-------+
| Total control sets                                       |    22 |
|    Minimum number of control sets                        |    22 |
|    Addition due to synthesis replication                 |     0 |
|    Addition due to physical synthesis replication        |     0 |
| Unused register locations in slices containing registers |    94 |
+----------------------------------------------------------+-------+
* Control sets can be merged at opt_design using control_set_merge or merge_equivalent_drivers
** Run report_qor_suggestions for automated merging and remapping suggestions


2. Histogram
------------

+--------------------+-------+
|       Fanout       | Count |
+--------------------+-------+
| Total control sets |    22 |
| >= 0 to < 4        |     1 |
| >= 4 to < 6        |     2 |
| >= 6 to < 8        |     2 |
| >= 8 to < 10       |     0 |
| >= 10 to < 12      |     0 |
| >= 12 to < 14      |     2 |
| >= 14 to < 16      |     0 |
| >= 16              |    15 |
+--------------------+-------+
* Control sets can be remapped at either synth_design or opt_design


3. Flip-Flop Distribution
-------------------------

+--------------+-----------------------+------------------------+-----------------+--------------+
| Clock Enable | Synchronous Set/Reset | Asynchronous Set/Reset | Total Registers | Total Slices |
+--------------+-----------------------+------------------------+-----------------+--------------+
| No           | No                    | No                     |              12 |            6 |
| No           | No                    | Yes                    |               2 |            1 |
| No           | Yes                   | No                     |              70 |           24 |
| Yes          | No                    | No                     |              17 |           13 |
| Yes          | No                    | Yes                    |              17 |            5 |
| Yes          | Yes                   | No                     |             308 |           78 |
+--------------+-----------------------+------------------------+-----------------+--------------+


4. Detailed Control Set Information
-----------------------------------

+----------------+---------------------------------------+---------------------------------------+------------------+----------------+--------------+
|  Clock Signal  |             Enable Signal             |            Set/Reset Signal           | Slice Load Count | Bel Load Count | Bels / Slice |
+----------------+---------------------------------------+---------------------------------------+------------------+----------------+--------------+
| ~clk_IBUF_BUFG |                                       | clean_reset/cleaned_r                 |                1 |              2 |         2.00 |
|  clk_IBUF_BUFG | clean_set/reg[1]                      | clean_reset/cleaned_r                 |                1 |              5 |         5.00 |
|  clk_IBUF_BUFG | cronos/minutes_counter/E[0]           | clean_reset/cleaned_r                 |                1 |              5 |         5.00 |
|  clk_IBUF_BUFG | secondi/E[0]                          | clean_reset/cleaned_r                 |                2 |              6 |         3.00 |
|  clk_IBUF_BUFG | cronos/seconds_counter/cset_reg[0]    | clean_reset/cleaned_r                 |                2 |              6 |         3.00 |
|  clk_IBUF_BUFG |                                       |                                       |                6 |             12 |         2.00 |
|  clk_IBUF_BUFG | clean_set/reg[0]                      | clean_reset/cleaned_r                 |                6 |             12 |         2.00 |
|  clk_IBUF_BUFG | clean_reset/E[0]                      |                                       |               13 |             17 |         1.31 |
|  clk_IBUF_BUFG | mem0/memo[3]_5                        | clean_reset/cleaned_r                 |                3 |             17 |         5.67 |
|  clk_IBUF_BUFG | mem0/memo[6]_3                        | clean_reset/cleaned_r                 |                3 |             17 |         5.67 |
|  clk_IBUF_BUFG | mem0/memo[7]_1                        | clean_reset/cleaned_r                 |                4 |             17 |         4.25 |
|  clk_IBUF_BUFG | mem0/memo[0][20]_i_1_n_0              | clean_reset/cleaned_r                 |                6 |             17 |         2.83 |
|  clk_IBUF_BUFG | mem0/memo[4]_4                        | clean_reset/cleaned_r                 |                5 |             17 |         3.40 |
|  clk_IBUF_BUFG | mem0/memo[1]_6                        | clean_reset/cleaned_r                 |                4 |             17 |         4.25 |
|  clk_IBUF_BUFG | mem0/memo[2]_7                        | clean_reset/cleaned_r                 |                3 |             17 |         5.67 |
|  clk_IBUF_BUFG | mem0/memo[5]_2                        | clean_reset/cleaned_r                 |                3 |             17 |         5.67 |
|  clk_IBUF_BUFG | clean_set/count[31]_i_2__2_n_0        | clean_set/count[31]_i_1__2_n_0        |                8 |             31 |         3.88 |
|  clk_IBUF_BUFG | clean_view/count[31]_i_2__1_n_0       | clean_view/count[31]_i_1__1_n_0       |                8 |             31 |         3.88 |
|  clk_IBUF_BUFG | clean_intertempo/count[31]_i_2__0_n_0 | clean_intertempo/count[31]_i_1__0_n_0 |                8 |             31 |         3.88 |
|  clk_IBUF_BUFG | clean_reset/count                     | clean_reset/count[31]_i_1__3_n_0      |                8 |             31 |         3.88 |
|  clk_IBUF_BUFG | clean_scroll/count[31]_i_2_n_0        | clean_scroll/count[31]_i_1_n_0        |                8 |             31 |         3.88 |
|  clk_IBUF_BUFG |                                       | clean_reset/cleaned_r                 |               24 |             70 |         2.92 |
+----------------+---------------------------------------+---------------------------------------+------------------+----------------+--------------+


