#-----------------------------------------------------------
# Vivado v2020.1 (64-bit)
# SW Build 2902540 on Wed May 27 19:54:49 MDT 2020
# IP Build 2902112 on Wed May 27 22:43:36 MDT 2020
# Start of session at: Sat Nov 29 13:20:32 2025
# Process ID: 8096
# Current directory: C:/Users/eliof/Desktop/Esercizi ASDI/Esercizio_6.1
# Command line: vivado.exe -gui_launcher_event rodinguilauncherevent9908 C:\Users\eliof\Desktop\Esercizi ASDI\Esercizio_6.1\Esercizio_6.1.xpr
# Log file: C:/Users/eliof/Desktop/Esercizi ASDI/Esercizio_6.1/vivado.log
# Journal file: C:/Users/eliof/Desktop/Esercizi ASDI/Esercizio_6.1\vivado.jou
#-----------------------------------------------------------
start_gui
open_project {C:/Users/eliof/Desktop/Esercizi ASDI/Esercizio_6.1/Esercizio_6.1.xpr}
INFO: [Project 1-313] Project file moved from 'C:/Users/eliof/Desktop/Esercizio_6.1' since last save.
Scanning sources...
Finished scanning sources
INFO: [IP_Flow 19-234] Refreshing IP repositories
INFO: [IP_Flow 19-1704] No user IP repositories specified
INFO: [IP_Flow 19-2313] Loaded Vivado IP repository 'C:/Xilinx/Vivado/2020.1/data/ip'.
open_project: Time (s): cpu = 00:00:17 ; elapsed = 00:00:07 . Memory (MB): peak = 1026.547 ; gain = 0.000
update_compile_order -fileset sources_1
launch_simulation
Command: launch_simulation 
INFO: [Vivado 12-5682] Launching behavioral simulation in 'C:/Users/eliof/Desktop/Esercizi ASDI/Esercizio_6.1/Esercizio_6.1.sim/sim_1/behav/xsim'
INFO: [SIM-utils-51] Simulation object is 'sim_1'
INFO: [SIM-utils-54] Inspecting design source files for 'tb_top_module' in fileset 'sim_1'...
INFO: [USF-XSim-97] Finding global include files...
INFO: [USF-XSim-98] Fetching design files from 'sim_1'...
INFO: [USF-XSim-2] XSim::Compile design
INFO: [USF-XSim-61] Executing 'COMPILE and ANALYZE' step in 'C:/Users/eliof/Desktop/Esercizi ASDI/Esercizio_6.1/Esercizio_6.1.sim/sim_1/behav/xsim'
"xvhdl --incr --relax -prj tb_top_module_vhdl.prj"
INFO: [VRFC 10-163] Analyzing VHDL file "C:/Users/eliof/Desktop/Esercizi ASDI/Esercizio_6.1/Esercizio_6.1.srcs/sources_1/new/MEM.vhd" into library xil_defaultlib
INFO: [VRFC 10-3107] analyzing entity 'MEM'
INFO: [VRFC 10-163] Analyzing VHDL file "C:/Users/eliof/Desktop/Esercizi ASDI/Esercizio_6.1/Esercizio_6.1.srcs/sources_1/imports/Esercizi ASDI/Esercizio 5.1/Esercizio 5.1.srcs/sources_1/new/counter_mod_60.vhd" into library xil_defaultlib
INFO: [VRFC 10-3107] analyzing entity 'counter_mod_60'
INFO: [VRFC 10-163] Analyzing VHDL file "C:/Users/eliof/Desktop/Esercizi ASDI/Esercizio_6.1/Esercizio_6.1.srcs/sources_1/imports/Esercizi ASDI/Esercizio2.2/Esercizio2.1.srcs/sources_1/new/rom.vhd" into library xil_defaultlib
INFO: [VRFC 10-3107] analyzing entity 'rom'
INFO: [VRFC 10-163] Analyzing VHDL file "C:/Users/eliof/Desktop/Esercizi ASDI/Esercizio_6.1/Esercizio_6.1.srcs/sources_1/new/top_module.vhd" into library xil_defaultlib
INFO: [VRFC 10-3107] analyzing entity 'top_module'
INFO: [VRFC 10-163] Analyzing VHDL file "C:/Users/eliof/Desktop/Esercizi ASDI/Esercizio_6.1/Esercizio_6.1.srcs/sim_1/new/tb.vhd" into library xil_defaultlib
INFO: [VRFC 10-3107] analyzing entity 'tb_top_module'
INFO: [USF-XSim-69] 'compile' step finished in '2' seconds
INFO: [USF-XSim-3] XSim::Elaborate design
INFO: [USF-XSim-61] Executing 'ELABORATE' step in 'C:/Users/eliof/Desktop/Esercizi ASDI/Esercizio_6.1/Esercizio_6.1.sim/sim_1/behav/xsim'
"xelab -wto 856f659fd23f464ebaec9601bc0697d0 --incr --debug typical --relax --mt 2 -L xil_defaultlib -L secureip --snapshot tb_top_module_behav xil_defaultlib.tb_top_module -log elaborate.log"
Vivado Simulator 2020.1
Copyright 1986-1999, 2001-2020 Xilinx, Inc. All Rights Reserved.
Running: C:/Xilinx/Vivado/2020.1/bin/unwrapped/win64.o/xelab.exe -wto 856f659fd23f464ebaec9601bc0697d0 --incr --debug typical --relax --mt 2 -L xil_defaultlib -L secureip --snapshot tb_top_module_behav xil_defaultlib.tb_top_module -log elaborate.log 
Using 2 slave threads.
Starting static elaboration
Completed static elaboration
Starting simulation data flow analysis
Completed simulation data flow analysis
Time Resolution for simulation is 1ps
Compiling package std.standard
Compiling package std.textio
Compiling package ieee.std_logic_1164
Compiling package ieee.numeric_std
Compiling architecture behavioral of entity xil_defaultlib.counter_mod_60 [\counter_mod_60(max=8,depth=3)\]
Compiling architecture behavioral of entity xil_defaultlib.rom [\rom(depth=3)\]
Compiling architecture behavioral of entity xil_defaultlib.MEM [\MEM(depth=3)\]
Compiling architecture behavioral of entity xil_defaultlib.top_module [top_module_default]
Compiling architecture behavioral of entity xil_defaultlib.tb_top_module
Built simulation snapshot tb_top_module_behav
INFO: [USF-XSim-69] 'elaborate' step finished in '4' seconds
INFO: [USF-XSim-4] XSim::Simulate design
INFO: [USF-XSim-61] Executing 'SIMULATE' step in 'C:/Users/eliof/Desktop/Esercizi ASDI/Esercizio_6.1/Esercizio_6.1.sim/sim_1/behav/xsim'
INFO: [USF-XSim-98] *** Running xsim
   with args "tb_top_module_behav -key {Behavioral:sim_1:Functional:tb_top_module} -tclbatch {tb_top_module.tcl} -log {simulate.log}"
INFO: [USF-XSim-8] Loading simulator feature
Vivado Simulator 2020.1
Time resolution is 1 ps
source tb_top_module.tcl
# set curr_wave [current_wave_config]
# if { [string length $curr_wave] == 0 } {
#   if { [llength [get_objects]] > 0} {
#     add_wave /
#     set_property needs_save false [current_wave_config]
#   } else {
#      send_msg_id Add_Wave-1 WARNING "No top level signals found. Simulator will start without a wave window. If you want to open a wave window go to 'File->New Waveform Configuration' or type 'create_wave_config' in the TCL console."
#   }
# }
# run 1000ns
INFO: [USF-XSim-96] XSim completed. Design snapshot 'tb_top_module_behav' loaded.
INFO: [USF-XSim-97] XSim simulation ran for 1000ns
launch_simulation: Time (s): cpu = 00:00:14 ; elapsed = 00:00:13 . Memory (MB): peak = 1026.547 ; gain = 0.000
current_wave_config {Untitled 1}
Untitled 1
add_wave {{/tb_top_module/uut/readed}} 
relaunch_sim
Command: launch_simulation -simset sim_1 -mode behavioral
INFO: [Vivado 12-5682] Launching behavioral simulation in 'C:/Users/eliof/Desktop/Esercizi ASDI/Esercizio_6.1/Esercizio_6.1.sim/sim_1/behav/xsim'
INFO: [SIM-utils-51] Simulation object is 'sim_1'
INFO: [SIM-utils-54] Inspecting design source files for 'tb_top_module' in fileset 'sim_1'...
INFO: [USF-XSim-97] Finding global include files...
INFO: [USF-XSim-98] Fetching design files from 'sim_1'...
INFO: [USF-XSim-2] XSim::Compile design
INFO: [USF-XSim-61] Executing 'COMPILE and ANALYZE' step in 'C:/Users/eliof/Desktop/Esercizi ASDI/Esercizio_6.1/Esercizio_6.1.sim/sim_1/behav/xsim'
"xvhdl --incr --relax -prj tb_top_module_vhdl.prj"
INFO: [USF-XSim-69] 'compile' step finished in '2' seconds
Command: launch_simulation -simset sim_1 -mode behavioral
INFO: [Vivado 12-5682] Launching behavioral simulation in 'C:/Users/eliof/Desktop/Esercizi ASDI/Esercizio_6.1/Esercizio_6.1.sim/sim_1/behav/xsim'
INFO: [USF-XSim-3] XSim::Elaborate design
INFO: [USF-XSim-61] Executing 'ELABORATE' step in 'C:/Users/eliof/Desktop/Esercizi ASDI/Esercizio_6.1/Esercizio_6.1.sim/sim_1/behav/xsim'
"xelab -wto 856f659fd23f464ebaec9601bc0697d0 --incr --debug typical --relax --mt 2 -L xil_defaultlib -L secureip --snapshot tb_top_module_behav xil_defaultlib.tb_top_module -log elaborate.log"
Vivado Simulator 2020.1
Copyright 1986-1999, 2001-2020 Xilinx, Inc. All Rights Reserved.
Running: C:/Xilinx/Vivado/2020.1/bin/unwrapped/win64.o/xelab.exe -wto 856f659fd23f464ebaec9601bc0697d0 --incr --debug typical --relax --mt 2 -L xil_defaultlib -L secureip --snapshot tb_top_module_behav xil_defaultlib.tb_top_module -log elaborate.log 
Using 2 slave threads.
Starting static elaboration
Completed static elaboration
INFO: [XSIM 43-4323] No Change in HDL. Linking previously generated obj files to create kernel
INFO: [USF-XSim-69] 'elaborate' step finished in '2' seconds
Vivado Simulator 2020.1
Time resolution is 1 ps
relaunch_sim: Time (s): cpu = 00:00:03 ; elapsed = 00:00:09 . Memory (MB): peak = 1026.547 ; gain = 0.000
step
Stopped at time : 1005 ns : File "C:/Users/eliof/Desktop/Esercizi ASDI/Esercizio_6.1/Esercizio_6.1.srcs/sim_1/new/tb.vhd" Line 44
close_sim
INFO: [Simtcl 6-16] Simulation closed
launch_simulation
Command: launch_simulation 
INFO: [Vivado 12-5682] Launching behavioral simulation in 'C:/Users/eliof/Desktop/Esercizi ASDI/Esercizio_6.1/Esercizio_6.1.sim/sim_1/behav/xsim'
INFO: [SIM-utils-51] Simulation object is 'sim_1'
INFO: [SIM-utils-54] Inspecting design source files for 'tb_top_module' in fileset 'sim_1'...
INFO: [USF-XSim-97] Finding global include files...
INFO: [USF-XSim-98] Fetching design files from 'sim_1'...
INFO: [USF-XSim-2] XSim::Compile design
INFO: [USF-XSim-61] Executing 'COMPILE and ANALYZE' step in 'C:/Users/eliof/Desktop/Esercizi ASDI/Esercizio_6.1/Esercizio_6.1.sim/sim_1/behav/xsim'
"xvhdl --incr --relax -prj tb_top_module_vhdl.prj"
INFO: [USF-XSim-69] 'compile' step finished in '2' seconds
INFO: [USF-XSim-3] XSim::Elaborate design
INFO: [USF-XSim-61] Executing 'ELABORATE' step in 'C:/Users/eliof/Desktop/Esercizi ASDI/Esercizio_6.1/Esercizio_6.1.sim/sim_1/behav/xsim'
"xelab -wto 856f659fd23f464ebaec9601bc0697d0 --incr --debug typical --relax --mt 2 -L xil_defaultlib -L secureip --snapshot tb_top_module_behav xil_defaultlib.tb_top_module -log elaborate.log"
Vivado Simulator 2020.1
Copyright 1986-1999, 2001-2020 Xilinx, Inc. All Rights Reserved.
Running: C:/Xilinx/Vivado/2020.1/bin/unwrapped/win64.o/xelab.exe -wto 856f659fd23f464ebaec9601bc0697d0 --incr --debug typical --relax --mt 2 -L xil_defaultlib -L secureip --snapshot tb_top_module_behav xil_defaultlib.tb_top_module -log elaborate.log 
Using 2 slave threads.
Starting static elaboration
Completed static elaboration
INFO: [XSIM 43-4323] No Change in HDL. Linking previously generated obj files to create kernel
INFO: [USF-XSim-69] 'elaborate' step finished in '2' seconds
INFO: [USF-XSim-4] XSim::Simulate design
INFO: [USF-XSim-61] Executing 'SIMULATE' step in 'C:/Users/eliof/Desktop/Esercizi ASDI/Esercizio_6.1/Esercizio_6.1.sim/sim_1/behav/xsim'
INFO: [USF-XSim-98] *** Running xsim
   with args "tb_top_module_behav -key {Behavioral:sim_1:Functional:tb_top_module} -tclbatch {tb_top_module.tcl} -log {simulate.log}"
INFO: [USF-XSim-8] Loading simulator feature
Vivado Simulator 2020.1
Time resolution is 1 ps
source tb_top_module.tcl
# set curr_wave [current_wave_config]
# if { [string length $curr_wave] == 0 } {
#   if { [llength [get_objects]] > 0} {
#     add_wave /
#     set_property needs_save false [current_wave_config]
#   } else {
#      send_msg_id Add_Wave-1 WARNING "No top level signals found. Simulator will start without a wave window. If you want to open a wave window go to 'File->New Waveform Configuration' or type 'create_wave_config' in the TCL console."
#   }
# }
# run 1000ns
INFO: [USF-XSim-96] XSim completed. Design snapshot 'tb_top_module_behav' loaded.
INFO: [USF-XSim-97] XSim simulation ran for 1000ns
launch_simulation: Time (s): cpu = 00:00:09 ; elapsed = 00:00:08 . Memory (MB): peak = 1026.547 ; gain = 0.000
current_wave_config {Untitled 2}
Untitled 2
add_wave {{/tb_top_module/uut/dout}} 
current_wave_config {Untitled 2}
Untitled 2
add_wave {{/tb_top_module/uut/str}} 
relaunch_sim
Command: launch_simulation -simset sim_1 -mode behavioral
INFO: [Vivado 12-5682] Launching behavioral simulation in 'C:/Users/eliof/Desktop/Esercizi ASDI/Esercizio_6.1/Esercizio_6.1.sim/sim_1/behav/xsim'
INFO: [SIM-utils-51] Simulation object is 'sim_1'
INFO: [SIM-utils-54] Inspecting design source files for 'tb_top_module' in fileset 'sim_1'...
INFO: [USF-XSim-97] Finding global include files...
INFO: [USF-XSim-98] Fetching design files from 'sim_1'...
INFO: [USF-XSim-2] XSim::Compile design
INFO: [USF-XSim-61] Executing 'COMPILE and ANALYZE' step in 'C:/Users/eliof/Desktop/Esercizi ASDI/Esercizio_6.1/Esercizio_6.1.sim/sim_1/behav/xsim'
"xvhdl --incr --relax -prj tb_top_module_vhdl.prj"
INFO: [USF-XSim-69] 'compile' step finished in '2' seconds
Command: launch_simulation -simset sim_1 -mode behavioral
INFO: [Vivado 12-5682] Launching behavioral simulation in 'C:/Users/eliof/Desktop/Esercizi ASDI/Esercizio_6.1/Esercizio_6.1.sim/sim_1/behav/xsim'
INFO: [USF-XSim-3] XSim::Elaborate design
INFO: [USF-XSim-61] Executing 'ELABORATE' step in 'C:/Users/eliof/Desktop/Esercizi ASDI/Esercizio_6.1/Esercizio_6.1.sim/sim_1/behav/xsim'
"xelab -wto 856f659fd23f464ebaec9601bc0697d0 --incr --debug typical --relax --mt 2 -L xil_defaultlib -L secureip --snapshot tb_top_module_behav xil_defaultlib.tb_top_module -log elaborate.log"
Vivado Simulator 2020.1
Copyright 1986-1999, 2001-2020 Xilinx, Inc. All Rights Reserved.
Running: C:/Xilinx/Vivado/2020.1/bin/unwrapped/win64.o/xelab.exe -wto 856f659fd23f464ebaec9601bc0697d0 --incr --debug typical --relax --mt 2 -L xil_defaultlib -L secureip --snapshot tb_top_module_behav xil_defaultlib.tb_top_module -log elaborate.log 
Using 2 slave threads.
Starting static elaboration
Completed static elaboration
INFO: [XSIM 43-4323] No Change in HDL. Linking previously generated obj files to create kernel
INFO: [USF-XSim-69] 'elaborate' step finished in '2' seconds
Vivado Simulator 2020.1
Time resolution is 1 ps
relaunch_sim: Time (s): cpu = 00:00:03 ; elapsed = 00:00:08 . Memory (MB): peak = 1026.547 ; gain = 0.000
close_sim
INFO: [Simtcl 6-16] Simulation closed
