#-----------------------------------------------------------
# Vivado v2020.1 (64-bit)
# SW Build 2902540 on Wed May 27 19:54:49 MDT 2020
# IP Build 2902112 on Wed May 27 22:43:36 MDT 2020
# Start of session at: Mon Dec  1 20:17:31 2025
# Process ID: 12324
# Current directory: C:/Users/eliof/Desktop/Esercizi ASDI/Esercizio_6.1
# Command line: vivado.exe -gui_launcher_event rodinguilauncherevent16700 C:\Users\eliof\Desktop\Esercizi ASDI\Esercizio_6.1\Esercizio_6.1.xpr
# Log file: C:/Users/eliof/Desktop/Esercizi ASDI/Esercizio_6.1/vivado.log
# Journal file: C:/Users/eliof/Desktop/Esercizi ASDI/Esercizio_6.1\vivado.jou
#-----------------------------------------------------------
start_gui
open_project {C:/Users/eliof/Desktop/Esercizi ASDI/Esercizio_6.1/Esercizio_6.1.xpr}
Scanning sources...
Finished scanning sources
INFO: [IP_Flow 19-234] Refreshing IP repositories
INFO: [IP_Flow 19-1704] No user IP repositories specified
INFO: [IP_Flow 19-2313] Loaded Vivado IP repository 'C:/Xilinx/Vivado/2020.1/data/ip'.
open_project: Time (s): cpu = 00:00:19 ; elapsed = 00:00:12 . Memory (MB): peak = 1028.418 ; gain = 0.000
update_compile_order -fileset sources_1
exit
INFO: [Common 17-206] Exiting Vivado at Mon Dec  1 20:43:21 2025...
