
*** Running vivado
    with args -log on_board2.vds -m64 -product Vivado -mode batch -messageDb vivado.pb -notrace -source on_board2.tcl



****** Vivado v2020.1 (64-bit)
  **** SW Build 2902540 on Wed May 27 19:54:49 MDT 2020
  **** IP Build 2902112 on Wed May 27 22:43:36 MDT 2020
    ** Copyright 1986-2020 Xilinx, Inc. All Rights Reserved.

source on_board2.tcl -notrace
Command: synth_design -top on_board2 -part xc7a50ticsg324-1L
Starting synth_design
Attempting to get a license for feature 'Synthesis' and/or device 'xc7a50ti'
INFO: [Common 17-349] Got license for feature 'Synthesis' and/or device 'xc7a50ti'
INFO: [Device 21-403] Loading part xc7a50ticsg324-1L
INFO: [Synth 8-7079] Multithreading enabled for synth_design using a maximum of 2 processes.
INFO: [Synth 8-7078] Launching helper process for spawning children vivado processes
INFO: [Synth 8-7075] Helper process launched with PID 7772
---------------------------------------------------------------------------------
Starting RTL Elaboration : Time (s): cpu = 00:00:03 ; elapsed = 00:00:03 . Memory (MB): peak = 1025.684 ; gain = 0.000
---------------------------------------------------------------------------------
WARNING: [Synth 8-2551] possible infinite loop; process does not have a wait statement [C:/Users/eliof/Desktop/Esercizi ASDI/Esercizio5.2/Esercizio5.2.srcs/sources_1/imports/Desktop/11_INPUT_UNIT_DISPLAY/11_INPUT_UNIT_DISPLAY.srcs/sources_1/imports/sources_1/imports/Display7Seg - Vivado/cathodes_manager.vhd:68]
INFO: [Synth 8-638] synthesizing module 'on_board2' [C:/Users/eliof/Desktop/Esercizi ASDI/Esercizio5.2/Esercizio5.2.srcs/sources_1/new/on_board2.vhd:40]
INFO: [Synth 8-638] synthesizing module 'ButtonDebouncer' [C:/Users/eliof/Desktop/Esercizi ASDI/Esercizio5.2/Esercizio5.2.srcs/sources_1/imports/Desktop/ButtonDebouncer.vhd:46]
	Parameter CLK_period bound to: 10 - type: integer 
	Parameter btn_noise_time bound to: 10000000 - type: integer 
INFO: [Synth 8-226] default block is never used [C:/Users/eliof/Desktop/Esercizi ASDI/Esercizio5.2/Esercizio5.2.srcs/sources_1/imports/Desktop/ButtonDebouncer.vhd:79]
INFO: [Synth 8-256] done synthesizing module 'ButtonDebouncer' (1#1) [C:/Users/eliof/Desktop/Esercizi ASDI/Esercizio5.2/Esercizio5.2.srcs/sources_1/imports/Desktop/ButtonDebouncer.vhd:46]
INFO: [Synth 8-638] synthesizing module 'clock_divider' [C:/Users/eliof/Desktop/Esercizi ASDI/Esercizio5.2/Esercizio5.2.srcs/sources_1/imports/Desktop/11_INPUT_UNIT_DISPLAY/11_INPUT_UNIT_DISPLAY.srcs/sources_1/imports/sources_1/imports/Display7Seg - Vivado/clock_divider.vhd:22]
	Parameter clock_frequency_in bound to: 100000000 - type: integer 
	Parameter clock_frequency_out bound to: 1 - type: integer 
INFO: [Synth 8-256] done synthesizing module 'clock_divider' (2#1) [C:/Users/eliof/Desktop/Esercizi ASDI/Esercizio5.2/Esercizio5.2.srcs/sources_1/imports/Desktop/11_INPUT_UNIT_DISPLAY/11_INPUT_UNIT_DISPLAY.srcs/sources_1/imports/sources_1/imports/Display7Seg - Vivado/clock_divider.vhd:22]
INFO: [Synth 8-638] synthesizing module 'cronometro' [C:/Users/eliof/Desktop/Esercizi ASDI/Esercizio5.2/Esercizio5.2.srcs/sources_1/imports/Desktop/Esercizi ASDI/Esercizio 5.1/Esercizio 5.1.srcs/sources_1/new/cronometro.vhd:47]
INFO: [Synth 8-3491] module 'counter_mod_60' declared at 'C:/Users/eliof/Desktop/Esercizi ASDI/Esercizio5.2/Esercizio5.2.srcs/sources_1/imports/Desktop/Esercizi ASDI/Esercizio 5.1/Esercizio 5.1.srcs/sources_1/new/counter_mod_60.vhd:5' bound to instance 'seconds_counter' of component 'counter_mod_60' [C:/Users/eliof/Desktop/Esercizi ASDI/Esercizio5.2/Esercizio5.2.srcs/sources_1/imports/Desktop/Esercizi ASDI/Esercizio 5.1/Esercizio 5.1.srcs/sources_1/new/cronometro.vhd:62]
INFO: [Synth 8-638] synthesizing module 'counter_mod_60' [C:/Users/eliof/Desktop/Esercizi ASDI/Esercizio5.2/Esercizio5.2.srcs/sources_1/imports/Desktop/Esercizi ASDI/Esercizio 5.1/Esercizio 5.1.srcs/sources_1/new/counter_mod_60.vhd:20]
	Parameter max bound to: 60 - type: integer 
	Parameter depth bound to: 5 - type: integer 
INFO: [Synth 8-256] done synthesizing module 'counter_mod_60' (3#1) [C:/Users/eliof/Desktop/Esercizi ASDI/Esercizio5.2/Esercizio5.2.srcs/sources_1/imports/Desktop/Esercizi ASDI/Esercizio 5.1/Esercizio 5.1.srcs/sources_1/new/counter_mod_60.vhd:20]
INFO: [Synth 8-3491] module 'counter_mod_60' declared at 'C:/Users/eliof/Desktop/Esercizi ASDI/Esercizio5.2/Esercizio5.2.srcs/sources_1/imports/Desktop/Esercizi ASDI/Esercizio 5.1/Esercizio 5.1.srcs/sources_1/new/counter_mod_60.vhd:5' bound to instance 'minutes_counter' of component 'counter_mod_60' [C:/Users/eliof/Desktop/Esercizi ASDI/Esercizio5.2/Esercizio5.2.srcs/sources_1/imports/Desktop/Esercizi ASDI/Esercizio 5.1/Esercizio 5.1.srcs/sources_1/new/cronometro.vhd:72]
INFO: [Synth 8-638] synthesizing module 'counter_mod_60__parameterized1' [C:/Users/eliof/Desktop/Esercizi ASDI/Esercizio5.2/Esercizio5.2.srcs/sources_1/imports/Desktop/Esercizi ASDI/Esercizio 5.1/Esercizio 5.1.srcs/sources_1/new/counter_mod_60.vhd:20]
	Parameter max bound to: 24 - type: integer 
	Parameter depth bound to: 4 - type: integer 
INFO: [Synth 8-256] done synthesizing module 'counter_mod_60__parameterized1' (3#1) [C:/Users/eliof/Desktop/Esercizi ASDI/Esercizio5.2/Esercizio5.2.srcs/sources_1/imports/Desktop/Esercizi ASDI/Esercizio 5.1/Esercizio 5.1.srcs/sources_1/new/counter_mod_60.vhd:20]
INFO: [Synth 8-256] done synthesizing module 'cronometro' (4#1) [C:/Users/eliof/Desktop/Esercizi ASDI/Esercizio5.2/Esercizio5.2.srcs/sources_1/imports/Desktop/Esercizi ASDI/Esercizio 5.1/Esercizio 5.1.srcs/sources_1/new/cronometro.vhd:47]
INFO: [Synth 8-638] synthesizing module 'memory' [C:/Users/eliof/Desktop/Esercizi ASDI/Esercizio5.2/Esercizio5.2.srcs/sources_1/new/memory.vhd:47]
	Parameter n bound to: 8 - type: integer 
	Parameter depth bound to: 3 - type: integer 
INFO: [Synth 8-256] done synthesizing module 'memory' (5#1) [C:/Users/eliof/Desktop/Esercizi ASDI/Esercizio5.2/Esercizio5.2.srcs/sources_1/new/memory.vhd:47]
INFO: [Synth 8-638] synthesizing module 'display_seven_segments' [C:/Users/eliof/Desktop/Esercizi ASDI/Esercizio5.2/Esercizio5.2.srcs/sources_1/imports/Desktop/11_INPUT_UNIT_DISPLAY/11_INPUT_UNIT_DISPLAY.srcs/sources_1/imports/sources_1/imports/Display7Seg - Vivado/display_seven_segments.vhd:46]
	Parameter clock_frequency_in bound to: 100000000 - type: integer 
	Parameter clock_frequency_out bound to: 500 - type: integer 
	Parameter clock_frequency_in bound to: 100000000 - type: integer 
	Parameter clock_frequency_out bound to: 500 - type: integer 
INFO: [Synth 8-3491] module 'clock_divider' declared at 'C:/Users/eliof/Desktop/Esercizi ASDI/Esercizio5.2/Esercizio5.2.srcs/sources_1/imports/Desktop/11_INPUT_UNIT_DISPLAY/11_INPUT_UNIT_DISPLAY.srcs/sources_1/imports/sources_1/imports/Display7Seg - Vivado/clock_divider.vhd:12' bound to instance 'clk_divider_instance' of component 'clock_divider' [C:/Users/eliof/Desktop/Esercizi ASDI/Esercizio5.2/Esercizio5.2.srcs/sources_1/imports/Desktop/11_INPUT_UNIT_DISPLAY/11_INPUT_UNIT_DISPLAY.srcs/sources_1/imports/sources_1/imports/Display7Seg - Vivado/display_seven_segments.vhd:107]
INFO: [Synth 8-638] synthesizing module 'clock_divider__parameterized1' [C:/Users/eliof/Desktop/Esercizi ASDI/Esercizio5.2/Esercizio5.2.srcs/sources_1/imports/Desktop/11_INPUT_UNIT_DISPLAY/11_INPUT_UNIT_DISPLAY.srcs/sources_1/imports/sources_1/imports/Display7Seg - Vivado/clock_divider.vhd:22]
	Parameter clock_frequency_in bound to: 100000000 - type: integer 
	Parameter clock_frequency_out bound to: 500 - type: integer 
INFO: [Synth 8-256] done synthesizing module 'clock_divider__parameterized1' (5#1) [C:/Users/eliof/Desktop/Esercizi ASDI/Esercizio5.2/Esercizio5.2.srcs/sources_1/imports/Desktop/11_INPUT_UNIT_DISPLAY/11_INPUT_UNIT_DISPLAY.srcs/sources_1/imports/sources_1/imports/Display7Seg - Vivado/clock_divider.vhd:22]
INFO: [Synth 8-3491] module 'counter_mod8' declared at 'C:/Users/eliof/Desktop/Esercizi ASDI/Esercizio5.2/Esercizio5.2.srcs/sources_1/imports/Desktop/11_INPUT_UNIT_DISPLAY/11_INPUT_UNIT_DISPLAY.srcs/sources_1/imports/sources_1/new/counter_mod8.vhd:32' bound to instance 'counter_instance' of component 'counter_mod8' [C:/Users/eliof/Desktop/Esercizi ASDI/Esercizio5.2/Esercizio5.2.srcs/sources_1/imports/Desktop/11_INPUT_UNIT_DISPLAY/11_INPUT_UNIT_DISPLAY.srcs/sources_1/imports/sources_1/imports/Display7Seg - Vivado/display_seven_segments.vhd:117]
INFO: [Synth 8-638] synthesizing module 'counter_mod8' [C:/Users/eliof/Desktop/Esercizi ASDI/Esercizio5.2/Esercizio5.2.srcs/sources_1/imports/Desktop/11_INPUT_UNIT_DISPLAY/11_INPUT_UNIT_DISPLAY.srcs/sources_1/imports/sources_1/new/counter_mod8.vhd:39]
INFO: [Synth 8-256] done synthesizing module 'counter_mod8' (6#1) [C:/Users/eliof/Desktop/Esercizi ASDI/Esercizio5.2/Esercizio5.2.srcs/sources_1/imports/Desktop/11_INPUT_UNIT_DISPLAY/11_INPUT_UNIT_DISPLAY.srcs/sources_1/imports/sources_1/new/counter_mod8.vhd:39]
INFO: [Synth 8-3491] module 'cathodes_input_manager' declared at 'C:/Users/eliof/Desktop/Esercizi ASDI/Esercizio5.2/Esercizio5.2.srcs/sources_1/imports/Desktop/11_INPUT_UNIT_DISPLAY/11_INPUT_UNIT_DISPLAY.srcs/sources_1/imports/sources_1/new/cathodes_input_manager.vhd:11' bound to instance 'cathodes_input_man_instance' of component 'cathodes_input_manager' [C:/Users/eliof/Desktop/Esercizi ASDI/Esercizio5.2/Esercizio5.2.srcs/sources_1/imports/Desktop/11_INPUT_UNIT_DISPLAY/11_INPUT_UNIT_DISPLAY.srcs/sources_1/imports/sources_1/imports/Display7Seg - Vivado/display_seven_segments.vhd:124]
INFO: [Synth 8-638] synthesizing module 'cathodes_input_manager' [C:/Users/eliof/Desktop/Esercizi ASDI/Esercizio5.2/Esercizio5.2.srcs/sources_1/imports/Desktop/11_INPUT_UNIT_DISPLAY/11_INPUT_UNIT_DISPLAY.srcs/sources_1/imports/sources_1/new/cathodes_input_manager.vhd:21]
INFO: [Synth 8-226] default block is never used [C:/Users/eliof/Desktop/Esercizi ASDI/Esercizio5.2/Esercizio5.2.srcs/sources_1/imports/Desktop/11_INPUT_UNIT_DISPLAY/11_INPUT_UNIT_DISPLAY.srcs/sources_1/imports/sources_1/new/cathodes_input_manager.vhd:26]
INFO: [Synth 8-226] default block is never used [C:/Users/eliof/Desktop/Esercizi ASDI/Esercizio5.2/Esercizio5.2.srcs/sources_1/imports/Desktop/11_INPUT_UNIT_DISPLAY/11_INPUT_UNIT_DISPLAY.srcs/sources_1/imports/sources_1/new/cathodes_input_manager.vhd:37]
INFO: [Synth 8-256] done synthesizing module 'cathodes_input_manager' (7#1) [C:/Users/eliof/Desktop/Esercizi ASDI/Esercizio5.2/Esercizio5.2.srcs/sources_1/imports/Desktop/11_INPUT_UNIT_DISPLAY/11_INPUT_UNIT_DISPLAY.srcs/sources_1/imports/sources_1/new/cathodes_input_manager.vhd:21]
INFO: [Synth 8-3491] module 'cathodes_manager' declared at 'C:/Users/eliof/Desktop/Esercizi ASDI/Esercizio5.2/Esercizio5.2.srcs/sources_1/imports/Desktop/11_INPUT_UNIT_DISPLAY/11_INPUT_UNIT_DISPLAY.srcs/sources_1/imports/sources_1/imports/Display7Seg - Vivado/cathodes_manager.vhd:32' bound to instance 'cathodes_instance' of component 'cathodes_manager' [C:/Users/eliof/Desktop/Esercizi ASDI/Esercizio5.2/Esercizio5.2.srcs/sources_1/imports/Desktop/11_INPUT_UNIT_DISPLAY/11_INPUT_UNIT_DISPLAY.srcs/sources_1/imports/sources_1/imports/Display7Seg - Vivado/display_seven_segments.vhd:133]
INFO: [Synth 8-638] synthesizing module 'cathodes_manager' [C:/Users/eliof/Desktop/Esercizi ASDI/Esercizio5.2/Esercizio5.2.srcs/sources_1/imports/Desktop/11_INPUT_UNIT_DISPLAY/11_INPUT_UNIT_DISPLAY.srcs/sources_1/imports/sources_1/imports/Display7Seg - Vivado/cathodes_manager.vhd:38]
INFO: [Synth 8-226] default block is never used [C:/Users/eliof/Desktop/Esercizi ASDI/Esercizio5.2/Esercizio5.2.srcs/sources_1/imports/Desktop/11_INPUT_UNIT_DISPLAY/11_INPUT_UNIT_DISPLAY.srcs/sources_1/imports/sources_1/imports/Display7Seg - Vivado/cathodes_manager.vhd:70]
INFO: [Synth 8-256] done synthesizing module 'cathodes_manager' (8#1) [C:/Users/eliof/Desktop/Esercizi ASDI/Esercizio5.2/Esercizio5.2.srcs/sources_1/imports/Desktop/11_INPUT_UNIT_DISPLAY/11_INPUT_UNIT_DISPLAY.srcs/sources_1/imports/sources_1/imports/Display7Seg - Vivado/cathodes_manager.vhd:38]
INFO: [Synth 8-3491] module 'anodes_manager' declared at 'C:/Users/eliof/Desktop/Esercizi ASDI/Esercizio5.2/Esercizio5.2.srcs/sources_1/imports/Desktop/11_INPUT_UNIT_DISPLAY/11_INPUT_UNIT_DISPLAY.srcs/sources_1/imports/sources_1/imports/Display7Seg - Vivado/anodes_manager.vhd:32' bound to instance 'anodes_instance' of component 'anodes_manager' [C:/Users/eliof/Desktop/Esercizi ASDI/Esercizio5.2/Esercizio5.2.srcs/sources_1/imports/Desktop/11_INPUT_UNIT_DISPLAY/11_INPUT_UNIT_DISPLAY.srcs/sources_1/imports/sources_1/imports/Display7Seg - Vivado/display_seven_segments.vhd:139]
INFO: [Synth 8-638] synthesizing module 'anodes_manager' [C:/Users/eliof/Desktop/Esercizi ASDI/Esercizio5.2/Esercizio5.2.srcs/sources_1/imports/Desktop/11_INPUT_UNIT_DISPLAY/11_INPUT_UNIT_DISPLAY.srcs/sources_1/imports/sources_1/imports/Display7Seg - Vivado/anodes_manager.vhd:39]
INFO: [Synth 8-226] default block is never used [C:/Users/eliof/Desktop/Esercizi ASDI/Esercizio5.2/Esercizio5.2.srcs/sources_1/imports/Desktop/11_INPUT_UNIT_DISPLAY/11_INPUT_UNIT_DISPLAY.srcs/sources_1/imports/sources_1/imports/Display7Seg - Vivado/anodes_manager.vhd:50]
INFO: [Synth 8-256] done synthesizing module 'anodes_manager' (9#1) [C:/Users/eliof/Desktop/Esercizi ASDI/Esercizio5.2/Esercizio5.2.srcs/sources_1/imports/Desktop/11_INPUT_UNIT_DISPLAY/11_INPUT_UNIT_DISPLAY.srcs/sources_1/imports/sources_1/imports/Display7Seg - Vivado/anodes_manager.vhd:39]
INFO: [Synth 8-256] done synthesizing module 'display_seven_segments' (10#1) [C:/Users/eliof/Desktop/Esercizi ASDI/Esercizio5.2/Esercizio5.2.srcs/sources_1/imports/Desktop/11_INPUT_UNIT_DISPLAY/11_INPUT_UNIT_DISPLAY.srcs/sources_1/imports/sources_1/imports/Display7Seg - Vivado/display_seven_segments.vhd:46]
INFO: [Synth 8-256] done synthesizing module 'on_board2' (11#1) [C:/Users/eliof/Desktop/Esercizi ASDI/Esercizio5.2/Esercizio5.2.srcs/sources_1/new/on_board2.vhd:40]
---------------------------------------------------------------------------------
Finished RTL Elaboration : Time (s): cpu = 00:00:04 ; elapsed = 00:00:04 . Memory (MB): peak = 1025.684 ; gain = 0.000
---------------------------------------------------------------------------------
---------------------------------------------------------------------------------
Start Handling Custom Attributes
---------------------------------------------------------------------------------
---------------------------------------------------------------------------------
Finished Handling Custom Attributes : Time (s): cpu = 00:00:04 ; elapsed = 00:00:05 . Memory (MB): peak = 1025.684 ; gain = 0.000
---------------------------------------------------------------------------------
---------------------------------------------------------------------------------
Finished RTL Optimization Phase 1 : Time (s): cpu = 00:00:04 ; elapsed = 00:00:05 . Memory (MB): peak = 1025.684 ; gain = 0.000
---------------------------------------------------------------------------------
Netlist sorting complete. Time (s): cpu = 00:00:00 ; elapsed = 00:00:00.009 . Memory (MB): peak = 1025.684 ; gain = 0.000
INFO: [Project 1-570] Preparing netlist for logic optimization

Processing XDC Constraints
Initializing timing engine
Parsing XDC File [C:/Users/eliof/Desktop/Esercizi ASDI/Esercizio5.2/Esercizio5.2.srcs/constrs_1/imports/Desktop/Nexys-A7-50T-Master.xdc]
Finished Parsing XDC File [C:/Users/eliof/Desktop/Esercizi ASDI/Esercizio5.2/Esercizio5.2.srcs/constrs_1/imports/Desktop/Nexys-A7-50T-Master.xdc]
INFO: [Project 1-236] Implementation specific constraints were found while reading constraint file [C:/Users/eliof/Desktop/Esercizi ASDI/Esercizio5.2/Esercizio5.2.srcs/constrs_1/imports/Desktop/Nexys-A7-50T-Master.xdc]. These constraints will be ignored for synthesis but will be used in implementation. Impacted constraints are listed in the file [.Xil/on_board2_propImpl.xdc].
Resolution: To avoid this warning, move constraints listed in [.Xil/on_board2_propImpl.xdc] to another XDC file and exclude this new file from synthesis with the used_in_synthesis property (File Properties dialog in GUI) and re-run elaboration/synthesis.
Completed Processing XDC Constraints

Netlist sorting complete. Time (s): cpu = 00:00:00 ; elapsed = 00:00:00 . Memory (MB): peak = 1068.141 ; gain = 0.000
INFO: [Project 1-111] Unisim Transformation Summary:
No Unisim elements were transformed.

Constraint Validation Runtime : Time (s): cpu = 00:00:00 ; elapsed = 00:00:00.005 . Memory (MB): peak = 1068.141 ; gain = 0.000
---------------------------------------------------------------------------------
Finished Constraint Validation : Time (s): cpu = 00:00:09 ; elapsed = 00:00:10 . Memory (MB): peak = 1068.141 ; gain = 42.457
---------------------------------------------------------------------------------
---------------------------------------------------------------------------------
Start Loading Part and Timing Information
---------------------------------------------------------------------------------
Loading part: xc7a50ticsg324-1L
---------------------------------------------------------------------------------
Finished Loading Part and Timing Information : Time (s): cpu = 00:00:09 ; elapsed = 00:00:10 . Memory (MB): peak = 1068.141 ; gain = 42.457
---------------------------------------------------------------------------------
---------------------------------------------------------------------------------
Start Applying 'set_property' XDC Constraints
---------------------------------------------------------------------------------
---------------------------------------------------------------------------------
Finished applying 'set_property' XDC Constraints : Time (s): cpu = 00:00:09 ; elapsed = 00:00:10 . Memory (MB): peak = 1068.141 ; gain = 42.457
---------------------------------------------------------------------------------
INFO: [Synth 8-802] inferred FSM for state register 'BTN_state_reg' in module 'ButtonDebouncer'
INFO: [Synth 8-802] inferred FSM for state register 'current_state_reg' in module 'on_board2'
---------------------------------------------------------------------------------------------------
                   State |                     New Encoding |                Previous Encoding 
---------------------------------------------------------------------------------------------------
             not_pressed |                               00 |                               00
             chk_pressed |                               01 |                               01
                 pressed |                               10 |                               10
         chk_not_pressed |                               11 |                               11
---------------------------------------------------------------------------------------------------
INFO: [Synth 8-3354] encoded FSM with state register 'BTN_state_reg' using encoding 'sequential' in module 'ButtonDebouncer'
---------------------------------------------------------------------------------------------------
                   State |                     New Encoding |                Previous Encoding 
---------------------------------------------------------------------------------------------------
                    idle |                               00 |                               00
                 load_p1 |                               01 |                               01
                 load_p2 |                               10 |                               10
                    stop |                               11 |                               11
---------------------------------------------------------------------------------------------------
INFO: [Synth 8-3354] encoded FSM with state register 'current_state_reg' using encoding 'sequential' in module 'on_board2'
---------------------------------------------------------------------------------
Finished RTL Optimization Phase 2 : Time (s): cpu = 00:00:09 ; elapsed = 00:00:10 . Memory (MB): peak = 1068.141 ; gain = 42.457
---------------------------------------------------------------------------------
---------------------------------------------------------------------------------
Start RTL Component Statistics 
---------------------------------------------------------------------------------
Detailed RTL Component Info : 
+---Adders : 
	   2 Input   32 Bit       Adders := 5     
	   2 Input   27 Bit       Adders := 1     
	   2 Input   18 Bit       Adders := 1     
	   2 Input    6 Bit       Adders := 2     
	   2 Input    5 Bit       Adders := 1     
	   2 Input    3 Bit       Adders := 3     
+---Registers : 
	               32 Bit    Registers := 14    
	               27 Bit    Registers := 1     
	               18 Bit    Registers := 1     
	               17 Bit    Registers := 1     
	                6 Bit    Registers := 2     
	                5 Bit    Registers := 1     
	                3 Bit    Registers := 3     
	                1 Bit    Registers := 14    
+---Muxes : 
	   2 Input   32 Bit        Muxes := 6     
	   2 Input   18 Bit        Muxes := 1     
	   2 Input   17 Bit        Muxes := 4     
	   4 Input   17 Bit        Muxes := 2     
	   8 Input    8 Bit        Muxes := 1     
	   2 Input    6 Bit        Muxes := 4     
	   2 Input    5 Bit        Muxes := 2     
	   2 Input    3 Bit        Muxes := 1     
	   4 Input    2 Bit        Muxes := 6     
	   2 Input    2 Bit        Muxes := 35    
	   4 Input    1 Bit        Muxes := 11    
	   2 Input    1 Bit        Muxes := 15    
---------------------------------------------------------------------------------
Finished RTL Component Statistics 
---------------------------------------------------------------------------------
---------------------------------------------------------------------------------
Start Part Resource Summary
---------------------------------------------------------------------------------
Part Resources:
DSPs: 120 (col length:60)
BRAMs: 150 (col length: RAMB18 60 RAMB36 30)
---------------------------------------------------------------------------------
Finished Part Resource Summary
---------------------------------------------------------------------------------
---------------------------------------------------------------------------------
Start Cross Boundary and Area Optimization
---------------------------------------------------------------------------------
---------------------------------------------------------------------------------
Finished Cross Boundary and Area Optimization : Time (s): cpu = 00:00:13 ; elapsed = 00:00:14 . Memory (MB): peak = 1068.141 ; gain = 42.457
---------------------------------------------------------------------------------
---------------------------------------------------------------------------------
Start Applying XDC Timing Constraints
---------------------------------------------------------------------------------
---------------------------------------------------------------------------------
Finished Applying XDC Timing Constraints : Time (s): cpu = 00:00:19 ; elapsed = 00:00:20 . Memory (MB): peak = 1068.141 ; gain = 42.457
---------------------------------------------------------------------------------
---------------------------------------------------------------------------------
Start Timing Optimization
---------------------------------------------------------------------------------
---------------------------------------------------------------------------------
Finished Timing Optimization : Time (s): cpu = 00:00:21 ; elapsed = 00:00:22 . Memory (MB): peak = 1091.125 ; gain = 65.441
---------------------------------------------------------------------------------
---------------------------------------------------------------------------------
Start Technology Mapping
---------------------------------------------------------------------------------
---------------------------------------------------------------------------------
Finished Technology Mapping : Time (s): cpu = 00:00:21 ; elapsed = 00:00:22 . Memory (MB): peak = 1100.207 ; gain = 74.523
---------------------------------------------------------------------------------
---------------------------------------------------------------------------------
Start IO Insertion
---------------------------------------------------------------------------------
---------------------------------------------------------------------------------
Start Flattening Before IO Insertion
---------------------------------------------------------------------------------
---------------------------------------------------------------------------------
Finished Flattening Before IO Insertion
---------------------------------------------------------------------------------
---------------------------------------------------------------------------------
Start Final Netlist Cleanup
---------------------------------------------------------------------------------
---------------------------------------------------------------------------------
Finished Final Netlist Cleanup
---------------------------------------------------------------------------------
---------------------------------------------------------------------------------
Finished IO Insertion : Time (s): cpu = 00:00:24 ; elapsed = 00:00:25 . Memory (MB): peak = 1100.207 ; gain = 74.523
---------------------------------------------------------------------------------
---------------------------------------------------------------------------------
Start Renaming Generated Instances
---------------------------------------------------------------------------------
---------------------------------------------------------------------------------
Finished Renaming Generated Instances : Time (s): cpu = 00:00:24 ; elapsed = 00:00:25 . Memory (MB): peak = 1100.207 ; gain = 74.523
---------------------------------------------------------------------------------
---------------------------------------------------------------------------------
Start Rebuilding User Hierarchy
---------------------------------------------------------------------------------
---------------------------------------------------------------------------------
Finished Rebuilding User Hierarchy : Time (s): cpu = 00:00:24 ; elapsed = 00:00:25 . Memory (MB): peak = 1100.207 ; gain = 74.523
---------------------------------------------------------------------------------
---------------------------------------------------------------------------------
Start Renaming Generated Ports
---------------------------------------------------------------------------------
---------------------------------------------------------------------------------
Finished Renaming Generated Ports : Time (s): cpu = 00:00:24 ; elapsed = 00:00:25 . Memory (MB): peak = 1100.207 ; gain = 74.523
---------------------------------------------------------------------------------
---------------------------------------------------------------------------------
Start Handling Custom Attributes
---------------------------------------------------------------------------------
---------------------------------------------------------------------------------
Finished Handling Custom Attributes : Time (s): cpu = 00:00:24 ; elapsed = 00:00:25 . Memory (MB): peak = 1100.207 ; gain = 74.523
---------------------------------------------------------------------------------
---------------------------------------------------------------------------------
Start Renaming Generated Nets
---------------------------------------------------------------------------------
---------------------------------------------------------------------------------
Finished Renaming Generated Nets : Time (s): cpu = 00:00:24 ; elapsed = 00:00:25 . Memory (MB): peak = 1100.207 ; gain = 74.523
---------------------------------------------------------------------------------
---------------------------------------------------------------------------------
Start Writing Synthesis Report
---------------------------------------------------------------------------------

Report BlackBoxes: 
+-+--------------+----------+
| |BlackBox name |Instances |
+-+--------------+----------+
+-+--------------+----------+

Report Cell Usage: 
+------+-------+------+
|      |Cell   |Count |
+------+-------+------+
|1     |BUFG   |     1|
|2     |CARRY4 |    52|
|3     |LUT1   |     2|
|4     |LUT2   |    19|
|5     |LUT3   |    31|
|6     |LUT4   |    98|
|7     |LUT5   |    54|
|8     |LUT6   |    79|
|9     |MUXF7  |    17|
|10    |FDCE   |    19|
|11    |FDRE   |   407|
|12    |IBUF   |    18|
|13    |OBUF   |    16|
+------+-------+------+
---------------------------------------------------------------------------------
Finished Writing Synthesis Report : Time (s): cpu = 00:00:24 ; elapsed = 00:00:25 . Memory (MB): peak = 1100.207 ; gain = 74.523
---------------------------------------------------------------------------------
Synthesis finished with 0 errors, 0 critical warnings and 0 warnings.
Synthesis Optimization Runtime : Time (s): cpu = 00:00:18 ; elapsed = 00:00:23 . Memory (MB): peak = 1100.207 ; gain = 32.066
Synthesis Optimization Complete : Time (s): cpu = 00:00:24 ; elapsed = 00:00:25 . Memory (MB): peak = 1100.207 ; gain = 74.523
INFO: [Project 1-571] Translating synthesized netlist
Netlist sorting complete. Time (s): cpu = 00:00:00 ; elapsed = 00:00:00.006 . Memory (MB): peak = 1100.207 ; gain = 0.000
INFO: [Netlist 29-17] Analyzing 69 Unisim elements for replacement
INFO: [Netlist 29-28] Unisim Transformation completed in 0 CPU seconds
INFO: [Project 1-570] Preparing netlist for logic optimization
INFO: [Opt 31-138] Pushed 0 inverter(s) to 0 load pin(s).
Netlist sorting complete. Time (s): cpu = 00:00:00 ; elapsed = 00:00:00 . Memory (MB): peak = 1100.207 ; gain = 0.000
INFO: [Project 1-111] Unisim Transformation Summary:
No Unisim elements were transformed.

INFO: [Common 17-83] Releasing license: Synthesis
57 Infos, 1 Warnings, 0 Critical Warnings and 0 Errors encountered.
synth_design completed successfully
synth_design: Time (s): cpu = 00:00:29 ; elapsed = 00:00:30 . Memory (MB): peak = 1100.207 ; gain = 74.523
INFO: [Common 17-1381] The checkpoint 'C:/Users/eliof/Desktop/Esercizi ASDI/Esercizio5.2/Esercizio5.2.runs/synth_1/on_board2.dcp' has been generated.
INFO: [runtcl-4] Executing : report_utilization -file on_board2_utilization_synth.rpt -pb on_board2_utilization_synth.pb
INFO: [Common 17-206] Exiting Vivado at Tue Dec  9 12:23:31 2025...
