#-----------------------------------------------------------
# Vivado v2020.1 (64-bit)
# SW Build 2902540 on Wed May 27 19:54:49 MDT 2020
# IP Build 2902112 on Wed May 27 22:43:36 MDT 2020
# Start of session at: Sat Nov 22 15:08:42 2025
# Process ID: 11076
# Current directory: C:/Users/eliof/Desktop/Esercizi ASDI/Esercizio 5.1
# Command line: vivado.exe -gui_launcher_event rodinguilauncherevent7956 C:\Users\eliof\Desktop\Esercizi ASDI\Esercizio 5.1\Esercizio 5.1.xpr
# Log file: C:/Users/eliof/Desktop/Esercizi ASDI/Esercizio 5.1/vivado.log
# Journal file: C:/Users/eliof/Desktop/Esercizi ASDI/Esercizio 5.1\vivado.jou
#-----------------------------------------------------------
start_gui
open_project {C:/Users/eliof/Desktop/Esercizi ASDI/Esercizio 5.1/Esercizio 5.1.xpr}
Scanning sources...
Finished scanning sources
INFO: [IP_Flow 19-234] Refreshing IP repositories
INFO: [IP_Flow 19-1704] No user IP repositories specified
INFO: [IP_Flow 19-2313] Loaded Vivado IP repository 'C:/Xilinx/Vivado/2020.1/data/ip'.
open_project: Time (s): cpu = 00:00:15 ; elapsed = 00:00:09 . Memory (MB): peak = 1015.070 ; gain = 0.000
update_compile_order -fileset sources_1
INFO: [Vivado 12-8231] Launching Vitis
INFO: [Vivado 12-417] Running vitis
launch_simulation
Command: launch_simulation 
INFO: [Vivado 12-5682] Launching behavioral simulation in 'C:/Users/eliof/Desktop/Esercizi ASDI/Esercizio 5.1/Esercizio 5.1.sim/sim_1/behav/xsim'
INFO: [SIM-utils-51] Simulation object is 'sim_1'
INFO: [SIM-utils-54] Inspecting design source files for 'tb_cronometro' in fileset 'sim_1'...
INFO: [USF-XSim-97] Finding global include files...
INFO: [USF-XSim-98] Fetching design files from 'sim_1'...
INFO: [USF-XSim-2] XSim::Compile design
INFO: [USF-XSim-61] Executing 'COMPILE and ANALYZE' step in 'C:/Users/eliof/Desktop/Esercizi ASDI/Esercizio 5.1/Esercizio 5.1.sim/sim_1/behav/xsim'
"xvhdl --incr --relax -prj tb_cronometro_vhdl.prj"
INFO: [VRFC 10-163] Analyzing VHDL file "C:/Users/eliof/Desktop/Esercizi ASDI/Esercizio 5.1/Esercizio 5.1.srcs/sources_1/new/cronometro.vhd" into library xil_defaultlib
INFO: [VRFC 10-3107] analyzing entity 'cronometro'
INFO: [USF-XSim-69] 'compile' step finished in '2' seconds
INFO: [USF-XSim-3] XSim::Elaborate design
INFO: [USF-XSim-61] Executing 'ELABORATE' step in 'C:/Users/eliof/Desktop/Esercizi ASDI/Esercizio 5.1/Esercizio 5.1.sim/sim_1/behav/xsim'
"xelab -wto 62048a5632e64023891f08f8ac603a4d --incr --debug typical --relax --mt 2 -L xil_defaultlib -L secureip --snapshot tb_cronometro_behav xil_defaultlib.tb_cronometro -log elaborate.log"
Vivado Simulator 2020.1
Copyright 1986-1999, 2001-2020 Xilinx, Inc. All Rights Reserved.
Running: C:/Xilinx/Vivado/2020.1/bin/unwrapped/win64.o/xelab.exe -wto 62048a5632e64023891f08f8ac603a4d --incr --debug typical --relax --mt 2 -L xil_defaultlib -L secureip --snapshot tb_cronometro_behav xil_defaultlib.tb_cronometro -log elaborate.log 
Using 2 slave threads.
Starting static elaboration
Completed static elaboration
Starting simulation data flow analysis
Completed simulation data flow analysis
Time Resolution for simulation is 1ps
Compiling package std.standard
Compiling package std.textio
Compiling package ieee.std_logic_1164
Compiling package ieee.numeric_std
Compiling architecture behavioral of entity xil_defaultlib.counter_mod_60 [counter_mod_60_default]
Compiling architecture behavioral of entity xil_defaultlib.counter_mod_60 [\counter_mod_60(max=24)\]
Compiling architecture structural of entity xil_defaultlib.cronometro [cronometro_default]
Compiling architecture behavioral of entity xil_defaultlib.tb_cronometro
Built simulation snapshot tb_cronometro_behav
INFO: [USF-XSim-69] 'elaborate' step finished in '3' seconds
INFO: [USF-XSim-4] XSim::Simulate design
INFO: [USF-XSim-61] Executing 'SIMULATE' step in 'C:/Users/eliof/Desktop/Esercizi ASDI/Esercizio 5.1/Esercizio 5.1.sim/sim_1/behav/xsim'
INFO: [USF-XSim-98] *** Running xsim
   with args "tb_cronometro_behav -key {Behavioral:sim_1:Functional:tb_cronometro} -tclbatch {tb_cronometro.tcl} -log {simulate.log}"
INFO: [USF-XSim-8] Loading simulator feature
Vivado Simulator 2020.1
Time resolution is 1 ps
source tb_cronometro.tcl
# set curr_wave [current_wave_config]
# if { [string length $curr_wave] == 0 } {
#   if { [llength [get_objects]] > 0} {
#     add_wave /
#     set_property needs_save false [current_wave_config]
#   } else {
#      send_msg_id Add_Wave-1 WARNING "No top level signals found. Simulator will start without a wave window. If you want to open a wave window go to 'File->New Waveform Configuration' or type 'create_wave_config' in the TCL console."
#   }
# }
# run 1000ns
INFO: [USF-XSim-96] XSim completed. Design snapshot 'tb_cronometro_behav' loaded.
INFO: [USF-XSim-97] XSim simulation ran for 1000ns
launch_simulation: Time (s): cpu = 00:00:05 ; elapsed = 00:00:08 . Memory (MB): peak = 1109.645 ; gain = 20.070
close_sim
INFO: [Simtcl 6-16] Simulation closed
WARNING: [filemgmt 56-199] Attempt to get parsing info during refresh. "On-the-fly" syntax checking information may be incorrect. [C:\Users\eliof\Desktop\Esercizi ASDI\Esercizio 5.1\Esercizio 5.1.srcs\sources_1\new\cronometro.vhd:]
WARNING: [filemgmt 56-199] Attempt to get parsing info during refresh. "On-the-fly" syntax checking information may be incorrect. [C:\Users\eliof\Desktop\Esercizi ASDI\Esercizio 5.1\Esercizio 5.1.srcs\sources_1\new\counter_mod_60.vhd:]
ERROR: [Common 17-180] Spawn failed: No error
WARNING: [Board 49-26] cannot add Board Part digilentinc.com:genesys2:part0:1.1 available at C:/Xilinx/Vivado/2020.1/data/boards/board_files/genesys2/H/board.xml as part xc7k325tffg900-2 specified in board_part file is either invalid or not available
WARNING: [Board 49-26] cannot add Board Part digilentinc.com:sword:part0:1.0 available at C:/Xilinx/Vivado/2020.1/data/boards/board_files/sword/C.0/board.xml as part xc7k325tffg900-2 specified in board_part file is either invalid or not available
WARNING: [Board 49-26] cannot add Board Part digilentinc.com:genesys2:part0:1.1 available at C:/Xilinx/Vivado/2020.1/data/boards/board_files/genesys2/H/board.xml as part xc7k325tffg900-2 specified in board_part file is either invalid or not available
WARNING: [Board 49-26] cannot add Board Part digilentinc.com:sword:part0:1.0 available at C:/Xilinx/Vivado/2020.1/data/boards/board_files/sword/C.0/board.xml as part xc7k325tffg900-2 specified in board_part file is either invalid or not available
WARNING: [Board 49-26] cannot add Board Part digilentinc.com:genesys2:part0:1.1 available at C:/Xilinx/Vivado/2020.1/data/boards/board_files/genesys2/H/board.xml as part xc7k325tffg900-2 specified in board_part file is either invalid or not available
WARNING: [Board 49-26] cannot add Board Part digilentinc.com:sword:part0:1.0 available at C:/Xilinx/Vivado/2020.1/data/boards/board_files/sword/C.0/board.xml as part xc7k325tffg900-2 specified in board_part file is either invalid or not available
WARNING: [Board 49-26] cannot add Board Part digilentinc.com:genesys2:part0:1.1 available at C:/Xilinx/Vivado/2020.1/data/boards/board_files/genesys2/H/board.xml as part xc7k325tffg900-2 specified in board_part file is either invalid or not available
WARNING: [Board 49-26] cannot add Board Part digilentinc.com:sword:part0:1.0 available at C:/Xilinx/Vivado/2020.1/data/boards/board_files/sword/C.0/board.xml as part xc7k325tffg900-2 specified in board_part file is either invalid or not available
WARNING: [Board 49-26] cannot add Board Part digilentinc.com:genesys2:part0:1.1 available at C:/Xilinx/Vivado/2020.1/data/boards/board_files/genesys2/H/board.xml as part xc7k325tffg900-2 specified in board_part file is either invalid or not available
WARNING: [Board 49-26] cannot add Board Part digilentinc.com:sword:part0:1.0 available at C:/Xilinx/Vivado/2020.1/data/boards/board_files/sword/C.0/board.xml as part xc7k325tffg900-2 specified in board_part file is either invalid or not available
WARNING: [Board 49-26] cannot add Board Part digilentinc.com:genesys2:part0:1.1 available at C:/Xilinx/Vivado/2020.1/data/boards/board_files/genesys2/H/board.xml as part xc7k325tffg900-2 specified in board_part file is either invalid or not available
WARNING: [Board 49-26] cannot add Board Part digilentinc.com:sword:part0:1.0 available at C:/Xilinx/Vivado/2020.1/data/boards/board_files/sword/C.0/board.xml as part xc7k325tffg900-2 specified in board_part file is either invalid or not available
WARNING: [Board 49-26] cannot add Board Part digilentinc.com:genesys2:part0:1.1 available at C:/Xilinx/Vivado/2020.1/data/boards/board_files/genesys2/H/board.xml as part xc7k325tffg900-2 specified in board_part file is either invalid or not available
WARNING: [Board 49-26] cannot add Board Part digilentinc.com:sword:part0:1.0 available at C:/Xilinx/Vivado/2020.1/data/boards/board_files/sword/C.0/board.xml as part xc7k325tffg900-2 specified in board_part file is either invalid or not available
WARNING: [Board 49-26] cannot add Board Part digilentinc.com:genesys2:part0:1.1 available at C:/Xilinx/Vivado/2020.1/data/boards/board_files/genesys2/H/board.xml as part xc7k325tffg900-2 specified in board_part file is either invalid or not available
WARNING: [Board 49-26] cannot add Board Part digilentinc.com:sword:part0:1.0 available at C:/Xilinx/Vivado/2020.1/data/boards/board_files/sword/C.0/board.xml as part xc7k325tffg900-2 specified in board_part file is either invalid or not available
WARNING: [Board 49-26] cannot add Board Part digilentinc.com:genesys2:part0:1.1 available at C:/Xilinx/Vivado/2020.1/data/boards/board_files/genesys2/H/board.xml as part xc7k325tffg900-2 specified in board_part file is either invalid or not available
WARNING: [Board 49-26] cannot add Board Part digilentinc.com:sword:part0:1.0 available at C:/Xilinx/Vivado/2020.1/data/boards/board_files/sword/C.0/board.xml as part xc7k325tffg900-2 specified in board_part file is either invalid or not available
WARNING: [Board 49-26] cannot add Board Part digilentinc.com:genesys2:part0:1.1 available at C:/Xilinx/Vivado/2020.1/data/boards/board_files/genesys2/H/board.xml as part xc7k325tffg900-2 specified in board_part file is either invalid or not available
WARNING: [Board 49-26] cannot add Board Part digilentinc.com:sword:part0:1.0 available at C:/Xilinx/Vivado/2020.1/data/boards/board_files/sword/C.0/board.xml as part xc7k325tffg900-2 specified in board_part file is either invalid or not available
WARNING: [Board 49-26] cannot add Board Part digilentinc.com:genesys2:part0:1.1 available at C:/Xilinx/Vivado/2020.1/data/boards/board_files/genesys2/H/board.xml as part xc7k325tffg900-2 specified in board_part file is either invalid or not available
WARNING: [Board 49-26] cannot add Board Part digilentinc.com:sword:part0:1.0 available at C:/Xilinx/Vivado/2020.1/data/boards/board_files/sword/C.0/board.xml as part xc7k325tffg900-2 specified in board_part file is either invalid or not available
WARNING: [Board 49-26] cannot add Board Part digilentinc.com:genesys2:part0:1.1 available at C:/Xilinx/Vivado/2020.1/data/boards/board_files/genesys2/H/board.xml as part xc7k325tffg900-2 specified in board_part file is either invalid or not available
WARNING: [Board 49-26] cannot add Board Part digilentinc.com:sword:part0:1.0 available at C:/Xilinx/Vivado/2020.1/data/boards/board_files/sword/C.0/board.xml as part xc7k325tffg900-2 specified in board_part file is either invalid or not available
WARNING: [Board 49-26] cannot add Board Part digilentinc.com:genesys2:part0:1.1 available at C:/Xilinx/Vivado/2020.1/data/boards/board_files/genesys2/H/board.xml as part xc7k325tffg900-2 specified in board_part file is either invalid or not available
WARNING: [Board 49-26] cannot add Board Part digilentinc.com:sword:part0:1.0 available at C:/Xilinx/Vivado/2020.1/data/boards/board_files/sword/C.0/board.xml as part xc7k325tffg900-2 specified in board_part file is either invalid or not available
WARNING: [Board 49-26] cannot add Board Part digilentinc.com:genesys2:part0:1.1 available at C:/Xilinx/Vivado/2020.1/data/boards/board_files/genesys2/H/board.xml as part xc7k325tffg900-2 specified in board_part file is either invalid or not available
WARNING: [Board 49-26] cannot add Board Part digilentinc.com:sword:part0:1.0 available at C:/Xilinx/Vivado/2020.1/data/boards/board_files/sword/C.0/board.xml as part xc7k325tffg900-2 specified in board_part file is either invalid or not available
WARNING: [Board 49-26] cannot add Board Part digilentinc.com:genesys2:part0:1.1 available at C:/Xilinx/Vivado/2020.1/data/boards/board_files/genesys2/H/board.xml as part xc7k325tffg900-2 specified in board_part file is either invalid or not available
WARNING: [Board 49-26] cannot add Board Part digilentinc.com:sword:part0:1.0 available at C:/Xilinx/Vivado/2020.1/data/boards/board_files/sword/C.0/board.xml as part xc7k325tffg900-2 specified in board_part file is either invalid or not available
WARNING: [Board 49-26] cannot add Board Part digilentinc.com:genesys2:part0:1.1 available at C:/Xilinx/Vivado/2020.1/data/boards/board_files/genesys2/H/board.xml as part xc7k325tffg900-2 specified in board_part file is either invalid or not available
WARNING: [Board 49-26] cannot add Board Part digilentinc.com:sword:part0:1.0 available at C:/Xilinx/Vivado/2020.1/data/boards/board_files/sword/C.0/board.xml as part xc7k325tffg900-2 specified in board_part file is either invalid or not available
close_project
create_project Esercizio5.2 {C:/Users/eliof/Desktop/Esercizi ASDI/Esercizio5.2} -part xc7a50ticsg324-1L
INFO: [IP_Flow 19-234] Refreshing IP repositories
INFO: [IP_Flow 19-1704] No user IP repositories specified
INFO: [IP_Flow 19-2313] Loaded Vivado IP repository 'C:/Xilinx/Vivado/2020.1/data/ip'.
set_property board_part digilentinc.com:nexys-a7-50t:part0:1.3 [current_project]
set_property target_language VHDL [current_project]
set_property simulator_language VHDL [current_project]
add_files -norecurse {{C:/Users/eliof/Desktop/Esercizi ASDI/Esercizio 5.1/Esercizio 5.1.srcs/sources_1/new/cronometro.vhd} {C:/Users/eliof/Desktop/Esercizi ASDI/Esercizio 5.1/Esercizio 5.1.srcs/sources_1/new/counter_mod_60.vhd}}
import_files -fileset constrs_1 -force -norecurse C:/Users/eliof/Desktop/Nexys-A7-50T-Master.xdc
update_compile_order -fileset sources_1
import_files -norecurse {{C:/Users/eliof/OneDrive - Universitŕ di Napoli Federico II/Appunti Magistrale/Architettura dei sistemi digitali/ESEMPI VHDL DE BENE/11_INPUT_UNIT_DISPLAY/11_INPUT_UNIT_DISPLAY.srcs/sources_1/imports/sources_1/imports/Display7Seg - Vivado/clock_divider.vhd} {C:/Users/eliof/OneDrive - Universitŕ di Napoli Federico II/Appunti Magistrale/Architettura dei sistemi digitali/ESEMPI VHDL DE BENE/11_INPUT_UNIT_DISPLAY/11_INPUT_UNIT_DISPLAY.srcs/sources_1/imports/sources_1/imports/Display7Seg - Vivado/anodes_manager.vhd} {C:/Users/eliof/OneDrive - Universitŕ di Napoli Federico II/Appunti Magistrale/Architettura dei sistemi digitali/ESEMPI VHDL DE BENE/11_INPUT_UNIT_DISPLAY/11_INPUT_UNIT_DISPLAY.srcs/sources_1/imports/sources_1/imports/Display7Seg - Vivado/display_on_board.vhd} {C:/Users/eliof/OneDrive - Universitŕ di Napoli Federico II/Appunti Magistrale/Architettura dei sistemi digitali/ESEMPI VHDL DE BENE/11_INPUT_UNIT_DISPLAY/11_INPUT_UNIT_DISPLAY.srcs/sources_1/imports/sources_1/imports/Display7Seg - Vivado/cathodes_manager.vhd}}
update_compile_order -fileset sources_1
file mkdir C:/Users/eliof/Desktop/Esercizi ASDI/Esercizio5.2/Esercizio5.2.srcs/sources_1/new
file mkdir C:/Users/eliof/Desktop/Esercizi ASDI/Esercizio5.2/Esercizio5.2.srcs/sources_1/new
file mkdir C:/Users/eliof/Desktop/Esercizi ASDI/Esercizio5.2/Esercizio5.2.srcs/sources_1/new
file mkdir C:/Users/eliof/Desktop/Esercizi ASDI/Esercizio5.2/Esercizio5.2.srcs/sources_1/new
file mkdir C:/Users/eliof/Desktop/Esercizi ASDI/Esercizio5.2/Esercizio5.2.srcs/sources_1/new
file mkdir C:/Users/eliof/Desktop/Esercizi ASDI/Esercizio5.2/Esercizio5.2.srcs/sources_1/new
file mkdir {C:/Users/eliof/Desktop/Esercizi ASDI/Esercizio5.2/Esercizio5.2.srcs/sources_1/new}
close [ open {C:/Users/eliof/Desktop/Esercizi ASDI/Esercizio5.2/Esercizio5.2.srcs/sources_1/new/control_unit.vhd} w ]
add_files {{C:/Users/eliof/Desktop/Esercizi ASDI/Esercizio5.2/Esercizio5.2.srcs/sources_1/new/control_unit.vhd}}
update_compile_order -fileset sources_1
close_project
open_project {C:/Users/eliof/Desktop/Esercizi ASDI/Esercizio 5.1/Esercizio 5.1.xpr}
Scanning sources...
Finished scanning sources
INFO: [IP_Flow 19-234] Refreshing IP repositories
INFO: [IP_Flow 19-1704] No user IP repositories specified
INFO: [IP_Flow 19-2313] Loaded Vivado IP repository 'C:/Xilinx/Vivado/2020.1/data/ip'.
update_compile_order -fileset sources_1
launch_simulation
Command: launch_simulation 
INFO: [Vivado 12-5682] Launching behavioral simulation in 'C:/Users/eliof/Desktop/Esercizi ASDI/Esercizio 5.1/Esercizio 5.1.sim/sim_1/behav/xsim'
INFO: [SIM-utils-51] Simulation object is 'sim_1'
INFO: [SIM-utils-54] Inspecting design source files for 'tb_cronometro' in fileset 'sim_1'...
INFO: [USF-XSim-97] Finding global include files...
INFO: [USF-XSim-98] Fetching design files from 'sim_1'...
INFO: [USF-XSim-2] XSim::Compile design
INFO: [USF-XSim-61] Executing 'COMPILE and ANALYZE' step in 'C:/Users/eliof/Desktop/Esercizi ASDI/Esercizio 5.1/Esercizio 5.1.sim/sim_1/behav/xsim'
"xvhdl --incr --relax -prj tb_cronometro_vhdl.prj"
INFO: [VRFC 10-163] Analyzing VHDL file "C:/Users/eliof/Desktop/Esercizi ASDI/Esercizio 5.1/Esercizio 5.1.srcs/sources_1/new/counter_mod_60.vhd" into library xil_defaultlib
INFO: [VRFC 10-3107] analyzing entity 'counter_mod_60'
INFO: [VRFC 10-163] Analyzing VHDL file "C:/Users/eliof/Desktop/Esercizi ASDI/Esercizio 5.1/Esercizio 5.1.srcs/sources_1/new/cronometro.vhd" into library xil_defaultlib
INFO: [VRFC 10-3107] analyzing entity 'cronometro'
INFO: [USF-XSim-69] 'compile' step finished in '1' seconds
INFO: [USF-XSim-3] XSim::Elaborate design
INFO: [USF-XSim-61] Executing 'ELABORATE' step in 'C:/Users/eliof/Desktop/Esercizi ASDI/Esercizio 5.1/Esercizio 5.1.sim/sim_1/behav/xsim'
"xelab -wto 62048a5632e64023891f08f8ac603a4d --incr --debug typical --relax --mt 2 -L xil_defaultlib -L secureip --snapshot tb_cronometro_behav xil_defaultlib.tb_cronometro -log elaborate.log"
Vivado Simulator 2020.1
Copyright 1986-1999, 2001-2020 Xilinx, Inc. All Rights Reserved.
Running: C:/Xilinx/Vivado/2020.1/bin/unwrapped/win64.o/xelab.exe -wto 62048a5632e64023891f08f8ac603a4d --incr --debug typical --relax --mt 2 -L xil_defaultlib -L secureip --snapshot tb_cronometro_behav xil_defaultlib.tb_cronometro -log elaborate.log 
Using 2 slave threads.
Starting static elaboration
ERROR: [VRFC 10-3311] expression has 5 elements ; formal 'init_val' expects 6 [C:/Users/eliof/Desktop/Esercizi ASDI/Esercizio 5.1/Esercizio 5.1.srcs/sources_1/new/cronometro.vhd:92]
ERROR: [VRFC 10-3353] formal port 'init_val_s' has no actual or default value [C:/Users/eliof/Desktop/Esercizi ASDI/Esercizio 5.1/Esercizio 5.1.srcs/sources_1/new/cronometro.vhd:38]
ERROR: [VRFC 10-3353] formal port 'init_val_m' has no actual or default value [C:/Users/eliof/Desktop/Esercizi ASDI/Esercizio 5.1/Esercizio 5.1.srcs/sources_1/new/cronometro.vhd:39]
ERROR: [VRFC 10-3353] formal port 'init_val_h' has no actual or default value [C:/Users/eliof/Desktop/Esercizi ASDI/Esercizio 5.1/Esercizio 5.1.srcs/sources_1/new/cronometro.vhd:40]
ERROR: [VRFC 10-3353] formal port 'set' has no actual or default value [C:/Users/eliof/Desktop/Esercizi ASDI/Esercizio 5.1/Esercizio 5.1.srcs/sources_1/new/cronometro.vhd:41]
ERROR: [XSIM 43-3321] Static elaboration of top level VHDL design unit tb_cronometro in library work failed.
INFO: [USF-XSim-69] 'elaborate' step finished in '2' seconds
INFO: [USF-XSim-99] Step results log file:'C:/Users/eliof/Desktop/Esercizi ASDI/Esercizio 5.1/Esercizio 5.1.sim/sim_1/behav/xsim/elaborate.log'
ERROR: [USF-XSim-62] 'elaborate' step failed with error(s). Please check the Tcl console output or 'C:/Users/eliof/Desktop/Esercizi ASDI/Esercizio 5.1/Esercizio 5.1.sim/sim_1/behav/xsim/elaborate.log' file for more information.
ERROR: [Vivado 12-4473] Detected error while running simulation. Please correct the issue and retry this operation.
ERROR: [Common 17-39] 'launch_simulation' failed due to earlier errors.
launch_simulation
Command: launch_simulation 
INFO: [Vivado 12-5682] Launching behavioral simulation in 'C:/Users/eliof/Desktop/Esercizi ASDI/Esercizio 5.1/Esercizio 5.1.sim/sim_1/behav/xsim'
INFO: [SIM-utils-51] Simulation object is 'sim_1'
INFO: [SIM-utils-54] Inspecting design source files for 'tb_cronometro' in fileset 'sim_1'...
INFO: [USF-XSim-97] Finding global include files...
INFO: [USF-XSim-98] Fetching design files from 'sim_1'...
INFO: [USF-XSim-2] XSim::Compile design
INFO: [USF-XSim-61] Executing 'COMPILE and ANALYZE' step in 'C:/Users/eliof/Desktop/Esercizi ASDI/Esercizio 5.1/Esercizio 5.1.sim/sim_1/behav/xsim'
"xvhdl --incr --relax -prj tb_cronometro_vhdl.prj"
INFO: [VRFC 10-163] Analyzing VHDL file "C:/Users/eliof/Desktop/Esercizi ASDI/Esercizio 5.1/Esercizio 5.1.srcs/sources_1/new/cronometro.vhd" into library xil_defaultlib
INFO: [VRFC 10-3107] analyzing entity 'cronometro'
INFO: [USF-XSim-69] 'compile' step finished in '1' seconds
INFO: [USF-XSim-3] XSim::Elaborate design
INFO: [USF-XSim-61] Executing 'ELABORATE' step in 'C:/Users/eliof/Desktop/Esercizi ASDI/Esercizio 5.1/Esercizio 5.1.sim/sim_1/behav/xsim'
"xelab -wto 62048a5632e64023891f08f8ac603a4d --incr --debug typical --relax --mt 2 -L xil_defaultlib -L secureip --snapshot tb_cronometro_behav xil_defaultlib.tb_cronometro -log elaborate.log"
Vivado Simulator 2020.1
Copyright 1986-1999, 2001-2020 Xilinx, Inc. All Rights Reserved.
Running: C:/Xilinx/Vivado/2020.1/bin/unwrapped/win64.o/xelab.exe -wto 62048a5632e64023891f08f8ac603a4d --incr --debug typical --relax --mt 2 -L xil_defaultlib -L secureip --snapshot tb_cronometro_behav xil_defaultlib.tb_cronometro -log elaborate.log 
Using 2 slave threads.
Starting static elaboration
ERROR: [VRFC 10-3311] expression has 5 elements ; formal 'init_val' expects 6 [C:/Users/eliof/Desktop/Esercizi ASDI/Esercizio 5.1/Esercizio 5.1.srcs/sources_1/new/cronometro.vhd:92]
ERROR: [VRFC 10-3353] formal port 'init_val_s' has no actual or default value [C:/Users/eliof/Desktop/Esercizi ASDI/Esercizio 5.1/Esercizio 5.1.srcs/sources_1/new/cronometro.vhd:38]
ERROR: [VRFC 10-3353] formal port 'init_val_m' has no actual or default value [C:/Users/eliof/Desktop/Esercizi ASDI/Esercizio 5.1/Esercizio 5.1.srcs/sources_1/new/cronometro.vhd:39]
ERROR: [VRFC 10-3353] formal port 'init_val_h' has no actual or default value [C:/Users/eliof/Desktop/Esercizi ASDI/Esercizio 5.1/Esercizio 5.1.srcs/sources_1/new/cronometro.vhd:40]
ERROR: [VRFC 10-3353] formal port 'set' has no actual or default value [C:/Users/eliof/Desktop/Esercizi ASDI/Esercizio 5.1/Esercizio 5.1.srcs/sources_1/new/cronometro.vhd:41]
ERROR: [XSIM 43-3321] Static elaboration of top level VHDL design unit tb_cronometro in library work failed.
INFO: [USF-XSim-69] 'elaborate' step finished in '1' seconds
INFO: [USF-XSim-99] Step results log file:'C:/Users/eliof/Desktop/Esercizi ASDI/Esercizio 5.1/Esercizio 5.1.sim/sim_1/behav/xsim/elaborate.log'
ERROR: [USF-XSim-62] 'elaborate' step failed with error(s). Please check the Tcl console output or 'C:/Users/eliof/Desktop/Esercizi ASDI/Esercizio 5.1/Esercizio 5.1.sim/sim_1/behav/xsim/elaborate.log' file for more information.
ERROR: [Vivado 12-4473] Detected error while running simulation. Please correct the issue and retry this operation.
ERROR: [Common 17-39] 'launch_simulation' failed due to earlier errors.
launch_simulation
Command: launch_simulation 
INFO: [Vivado 12-5682] Launching behavioral simulation in 'C:/Users/eliof/Desktop/Esercizi ASDI/Esercizio 5.1/Esercizio 5.1.sim/sim_1/behav/xsim'
INFO: [SIM-utils-51] Simulation object is 'sim_1'
INFO: [SIM-utils-54] Inspecting design source files for 'tb_cronometro' in fileset 'sim_1'...
INFO: [USF-XSim-97] Finding global include files...
INFO: [USF-XSim-98] Fetching design files from 'sim_1'...
INFO: [USF-XSim-2] XSim::Compile design
INFO: [USF-XSim-61] Executing 'COMPILE and ANALYZE' step in 'C:/Users/eliof/Desktop/Esercizi ASDI/Esercizio 5.1/Esercizio 5.1.sim/sim_1/behav/xsim'
"xvhdl --incr --relax -prj tb_cronometro_vhdl.prj"
INFO: [VRFC 10-163] Analyzing VHDL file "C:/Users/eliof/Desktop/Esercizi ASDI/Esercizio 5.1/Esercizio 5.1.srcs/sources_1/new/cronometro.vhd" into library xil_defaultlib
INFO: [VRFC 10-3107] analyzing entity 'cronometro'
INFO: [USF-XSim-69] 'compile' step finished in '1' seconds
INFO: [USF-XSim-3] XSim::Elaborate design
INFO: [USF-XSim-61] Executing 'ELABORATE' step in 'C:/Users/eliof/Desktop/Esercizi ASDI/Esercizio 5.1/Esercizio 5.1.sim/sim_1/behav/xsim'
"xelab -wto 62048a5632e64023891f08f8ac603a4d --incr --debug typical --relax --mt 2 -L xil_defaultlib -L secureip --snapshot tb_cronometro_behav xil_defaultlib.tb_cronometro -log elaborate.log"
Vivado Simulator 2020.1
Copyright 1986-1999, 2001-2020 Xilinx, Inc. All Rights Reserved.
Running: C:/Xilinx/Vivado/2020.1/bin/unwrapped/win64.o/xelab.exe -wto 62048a5632e64023891f08f8ac603a4d --incr --debug typical --relax --mt 2 -L xil_defaultlib -L secureip --snapshot tb_cronometro_behav xil_defaultlib.tb_cronometro -log elaborate.log 
Using 2 slave threads.
Starting static elaboration
ERROR: [VRFC 10-3353] formal port 'init_val_s' has no actual or default value [C:/Users/eliof/Desktop/Esercizi ASDI/Esercizio 5.1/Esercizio 5.1.srcs/sources_1/new/cronometro.vhd:38]
ERROR: [VRFC 10-3353] formal port 'init_val_m' has no actual or default value [C:/Users/eliof/Desktop/Esercizi ASDI/Esercizio 5.1/Esercizio 5.1.srcs/sources_1/new/cronometro.vhd:39]
ERROR: [VRFC 10-3353] formal port 'init_val_h' has no actual or default value [C:/Users/eliof/Desktop/Esercizi ASDI/Esercizio 5.1/Esercizio 5.1.srcs/sources_1/new/cronometro.vhd:40]
ERROR: [VRFC 10-3353] formal port 'set' has no actual or default value [C:/Users/eliof/Desktop/Esercizi ASDI/Esercizio 5.1/Esercizio 5.1.srcs/sources_1/new/cronometro.vhd:41]
ERROR: [XSIM 43-3321] Static elaboration of top level VHDL design unit tb_cronometro in library work failed.
INFO: [USF-XSim-69] 'elaborate' step finished in '1' seconds
INFO: [USF-XSim-99] Step results log file:'C:/Users/eliof/Desktop/Esercizi ASDI/Esercizio 5.1/Esercizio 5.1.sim/sim_1/behav/xsim/elaborate.log'
ERROR: [USF-XSim-62] 'elaborate' step failed with error(s). Please check the Tcl console output or 'C:/Users/eliof/Desktop/Esercizi ASDI/Esercizio 5.1/Esercizio 5.1.sim/sim_1/behav/xsim/elaborate.log' file for more information.
ERROR: [Vivado 12-4473] Detected error while running simulation. Please correct the issue and retry this operation.
ERROR: [Common 17-39] 'launch_simulation' failed due to earlier errors.
launch_simulation
Command: launch_simulation 
INFO: [Vivado 12-5682] Launching behavioral simulation in 'C:/Users/eliof/Desktop/Esercizi ASDI/Esercizio 5.1/Esercizio 5.1.sim/sim_1/behav/xsim'
INFO: [SIM-utils-51] Simulation object is 'sim_1'
INFO: [SIM-utils-54] Inspecting design source files for 'tb_cronometro' in fileset 'sim_1'...
INFO: [USF-XSim-97] Finding global include files...
INFO: [USF-XSim-98] Fetching design files from 'sim_1'...
INFO: [USF-XSim-2] XSim::Compile design
INFO: [USF-XSim-61] Executing 'COMPILE and ANALYZE' step in 'C:/Users/eliof/Desktop/Esercizi ASDI/Esercizio 5.1/Esercizio 5.1.sim/sim_1/behav/xsim'
"xvhdl --incr --relax -prj tb_cronometro_vhdl.prj"
INFO: [VRFC 10-163] Analyzing VHDL file "C:/Users/eliof/Desktop/Esercizi ASDI/Esercizio 5.1/Esercizio 5.1.srcs/sim_1/new/tb_cronometro.vhd" into library xil_defaultlib
INFO: [VRFC 10-3107] analyzing entity 'tb_cronometro'
INFO: [USF-XSim-69] 'compile' step finished in '1' seconds
INFO: [USF-XSim-3] XSim::Elaborate design
INFO: [USF-XSim-61] Executing 'ELABORATE' step in 'C:/Users/eliof/Desktop/Esercizi ASDI/Esercizio 5.1/Esercizio 5.1.sim/sim_1/behav/xsim'
"xelab -wto 62048a5632e64023891f08f8ac603a4d --incr --debug typical --relax --mt 2 -L xil_defaultlib -L secureip --snapshot tb_cronometro_behav xil_defaultlib.tb_cronometro -log elaborate.log"
Vivado Simulator 2020.1
Copyright 1986-1999, 2001-2020 Xilinx, Inc. All Rights Reserved.
Running: C:/Xilinx/Vivado/2020.1/bin/unwrapped/win64.o/xelab.exe -wto 62048a5632e64023891f08f8ac603a4d --incr --debug typical --relax --mt 2 -L xil_defaultlib -L secureip --snapshot tb_cronometro_behav xil_defaultlib.tb_cronometro -log elaborate.log 
Using 2 slave threads.
Starting static elaboration
Completed static elaboration
Starting simulation data flow analysis
Completed simulation data flow analysis
Time Resolution for simulation is 1ps
Compiling package std.standard
Compiling package std.textio
Compiling package ieee.std_logic_1164
Compiling package ieee.numeric_std
Compiling architecture behavioral of entity xil_defaultlib.counter_mod_60 [counter_mod_60_default]
Compiling architecture behavioral of entity xil_defaultlib.counter_mod_60 [\counter_mod_60(max=24)\]
Compiling architecture structural of entity xil_defaultlib.cronometro [cronometro_default]
Compiling architecture behavioral of entity xil_defaultlib.tb_cronometro
Built simulation snapshot tb_cronometro_behav

****** Webtalk v2020.1 (64-bit)
  **** SW Build 2902540 on Wed May 27 19:54:49 MDT 2020
  **** IP Build 2902112 on Wed May 27 22:43:36 MDT 2020
    ** Copyright 1986-2020 Xilinx, Inc. All Rights Reserved.

source C:/Users/eliof/Desktop/Esercizi -notrace
couldn't read file "C:/Users/eliof/Desktop/Esercizi": permission denied
INFO: [Common 17-206] Exiting Webtalk at Sat Nov 22 16:43:35 2025...
INFO: [USF-XSim-69] 'elaborate' step finished in '2' seconds
INFO: [USF-XSim-4] XSim::Simulate design
INFO: [USF-XSim-61] Executing 'SIMULATE' step in 'C:/Users/eliof/Desktop/Esercizi ASDI/Esercizio 5.1/Esercizio 5.1.sim/sim_1/behav/xsim'
INFO: [USF-XSim-98] *** Running xsim
   with args "tb_cronometro_behav -key {Behavioral:sim_1:Functional:tb_cronometro} -tclbatch {tb_cronometro.tcl} -log {simulate.log}"
INFO: [USF-XSim-8] Loading simulator feature
Vivado Simulator 2020.1
Time resolution is 1 ps
source tb_cronometro.tcl
# set curr_wave [current_wave_config]
# if { [string length $curr_wave] == 0 } {
#   if { [llength [get_objects]] > 0} {
#     add_wave /
#     set_property needs_save false [current_wave_config]
#   } else {
#      send_msg_id Add_Wave-1 WARNING "No top level signals found. Simulator will start without a wave window. If you want to open a wave window go to 'File->New Waveform Configuration' or type 'create_wave_config' in the TCL console."
#   }
# }
# run 1000ns
INFO: [USF-XSim-96] XSim completed. Design snapshot 'tb_cronometro_behav' loaded.
INFO: [USF-XSim-97] XSim simulation ran for 1000ns
launch_simulation: Time (s): cpu = 00:00:03 ; elapsed = 00:00:06 . Memory (MB): peak = 1109.645 ; gain = 0.000
close_sim
INFO: [Simtcl 6-16] Simulation closed
exit
INFO: [Common 17-206] Exiting Vivado at Sat Nov 22 16:46:26 2025...
