#-----------------------------------------------------------
# Vivado v2020.1 (64-bit)
# SW Build 2902540 on Wed May 27 19:54:49 MDT 2020
# IP Build 2902112 on Wed May 27 22:43:36 MDT 2020
# Start of session at: Fri Nov 21 15:21:57 2025
# Process ID: 10848
# Current directory: C:/Users/eliof/Desktop/Esercizi ASDI/Esercizio 5.1
# Command line: vivado.exe -gui_launcher_event rodinguilauncherevent5056 C:\Users\eliof\Desktop\Esercizi ASDI\Esercizio 5.1\Esercizio 5.1.xpr
# Log file: C:/Users/eliof/Desktop/Esercizi ASDI/Esercizio 5.1/vivado.log
# Journal file: C:/Users/eliof/Desktop/Esercizi ASDI/Esercizio 5.1\vivado.jou
#-----------------------------------------------------------
start_gui
open_project {C:/Users/eliof/Desktop/Esercizi ASDI/Esercizio 5.1/Esercizio 5.1.xpr}
Scanning sources...
Finished scanning sources
INFO: [IP_Flow 19-234] Refreshing IP repositories
INFO: [IP_Flow 19-1704] No user IP repositories specified
INFO: [IP_Flow 19-2313] Loaded Vivado IP repository 'C:/Xilinx/Vivado/2020.1/data/ip'.
open_project: Time (s): cpu = 00:00:13 ; elapsed = 00:00:09 . Memory (MB): peak = 1015.441 ; gain = 0.000
update_compile_order -fileset sources_1
launch_simulation
Command: launch_simulation 
INFO: [Vivado 12-5682] Launching behavioral simulation in 'C:/Users/eliof/Desktop/Esercizi ASDI/Esercizio 5.1/Esercizio 5.1.sim/sim_1/behav/xsim'
INFO: [SIM-utils-51] Simulation object is 'sim_1'
INFO: [SIM-utils-54] Inspecting design source files for 'tb_cronometro' in fileset 'sim_1'...
INFO: [USF-XSim-97] Finding global include files...
INFO: [USF-XSim-98] Fetching design files from 'sim_1'...
INFO: [USF-XSim-2] XSim::Compile design
INFO: [USF-XSim-61] Executing 'COMPILE and ANALYZE' step in 'C:/Users/eliof/Desktop/Esercizi ASDI/Esercizio 5.1/Esercizio 5.1.sim/sim_1/behav/xsim'
"xvhdl --incr --relax -prj tb_cronometro_vhdl.prj"
INFO: [VRFC 10-163] Analyzing VHDL file "C:/Users/eliof/Desktop/Esercizi ASDI/Esercizio 5.1/Esercizio 5.1.srcs/sources_1/new/counter_mod_60.vhd" into library xil_defaultlib
INFO: [VRFC 10-3107] analyzing entity 'counter_mod_60'
INFO: [VRFC 10-163] Analyzing VHDL file "C:/Users/eliof/Desktop/Esercizi ASDI/Esercizio 5.1/Esercizio 5.1.srcs/sources_1/new/cronometro.vhd" into library xil_defaultlib
INFO: [VRFC 10-3107] analyzing entity 'cronometro'
INFO: [USF-XSim-69] 'compile' step finished in '3' seconds
INFO: [USF-XSim-3] XSim::Elaborate design
INFO: [USF-XSim-61] Executing 'ELABORATE' step in 'C:/Users/eliof/Desktop/Esercizi ASDI/Esercizio 5.1/Esercizio 5.1.sim/sim_1/behav/xsim'
"xelab -wto 62048a5632e64023891f08f8ac603a4d --incr --debug typical --relax --mt 2 -L xil_defaultlib -L secureip --snapshot tb_cronometro_behav xil_defaultlib.tb_cronometro -log elaborate.log"
Vivado Simulator 2020.1
Copyright 1986-1999, 2001-2020 Xilinx, Inc. All Rights Reserved.
Running: C:/Xilinx/Vivado/2020.1/bin/unwrapped/win64.o/xelab.exe -wto 62048a5632e64023891f08f8ac603a4d --incr --debug typical --relax --mt 2 -L xil_defaultlib -L secureip --snapshot tb_cronometro_behav xil_defaultlib.tb_cronometro -log elaborate.log 
Using 2 slave threads.
Starting static elaboration
Completed static elaboration
Starting simulation data flow analysis
Completed simulation data flow analysis
Time Resolution for simulation is 1ps
Compiling package std.standard
Compiling package std.textio
Compiling package ieee.std_logic_1164
Compiling package ieee.numeric_std
Compiling architecture behavioral of entity xil_defaultlib.counter_mod_60 [counter_mod_60_default]
Compiling architecture behavioral of entity xil_defaultlib.counter_mod_60 [\counter_mod_60(max=24)\]
Compiling architecture structural of entity xil_defaultlib.cronometro [cronometro_default]
Compiling architecture behavioral of entity xil_defaultlib.tb_cronometro
Built simulation snapshot tb_cronometro_behav

****** Webtalk v2020.1 (64-bit)
  **** SW Build 2902540 on Wed May 27 19:54:49 MDT 2020
  **** IP Build 2902112 on Wed May 27 22:43:36 MDT 2020
    ** Copyright 1986-2020 Xilinx, Inc. All Rights Reserved.

source C:/Users/eliof/Desktop/Esercizi -notrace
couldn't read file "C:/Users/eliof/Desktop/Esercizi": permission denied
INFO: [Common 17-206] Exiting Webtalk at Fri Nov 21 15:24:15 2025...
run_program: Time (s): cpu = 00:00:01 ; elapsed = 00:00:08 . Memory (MB): peak = 1015.441 ; gain = 0.000
INFO: [USF-XSim-69] 'elaborate' step finished in '8' seconds
INFO: [USF-XSim-4] XSim::Simulate design
INFO: [USF-XSim-61] Executing 'SIMULATE' step in 'C:/Users/eliof/Desktop/Esercizi ASDI/Esercizio 5.1/Esercizio 5.1.sim/sim_1/behav/xsim'
INFO: [USF-XSim-98] *** Running xsim
   with args "tb_cronometro_behav -key {Behavioral:sim_1:Functional:tb_cronometro} -tclbatch {tb_cronometro.tcl} -log {simulate.log}"
INFO: [USF-XSim-8] Loading simulator feature
Vivado Simulator 2020.1
Time resolution is 1 ps
source tb_cronometro.tcl
# set curr_wave [current_wave_config]
# if { [string length $curr_wave] == 0 } {
#   if { [llength [get_objects]] > 0} {
#     add_wave /
#     set_property needs_save false [current_wave_config]
#   } else {
#      send_msg_id Add_Wave-1 WARNING "No top level signals found. Simulator will start without a wave window. If you want to open a wave window go to 'File->New Waveform Configuration' or type 'create_wave_config' in the TCL console."
#   }
# }
# run 1000ns
INFO: [USF-XSim-96] XSim completed. Design snapshot 'tb_cronometro_behav' loaded.
INFO: [USF-XSim-97] XSim simulation ran for 1000ns
launch_simulation: Time (s): cpu = 00:00:14 ; elapsed = 00:00:18 . Memory (MB): peak = 1015.441 ; gain = 0.000
close_sim
INFO: [Simtcl 6-16] Simulation closed
launch_simulation
Command: launch_simulation 
INFO: [Vivado 12-5682] Launching behavioral simulation in 'C:/Users/eliof/Desktop/Esercizi ASDI/Esercizio 5.1/Esercizio 5.1.sim/sim_1/behav/xsim'
INFO: [SIM-utils-51] Simulation object is 'sim_1'
INFO: [SIM-utils-54] Inspecting design source files for 'tb_cronometro' in fileset 'sim_1'...
INFO: [USF-XSim-97] Finding global include files...
INFO: [USF-XSim-98] Fetching design files from 'sim_1'...
INFO: [USF-XSim-2] XSim::Compile design
INFO: [USF-XSim-61] Executing 'COMPILE and ANALYZE' step in 'C:/Users/eliof/Desktop/Esercizi ASDI/Esercizio 5.1/Esercizio 5.1.sim/sim_1/behav/xsim'
"xvhdl --incr --relax -prj tb_cronometro_vhdl.prj"
INFO: [VRFC 10-163] Analyzing VHDL file "C:/Users/eliof/Desktop/Esercizi ASDI/Esercizio 5.1/Esercizio 5.1.srcs/sources_1/new/counter_mod_60.vhd" into library xil_defaultlib
INFO: [VRFC 10-3107] analyzing entity 'counter_mod_60'
INFO: [VRFC 10-163] Analyzing VHDL file "C:/Users/eliof/Desktop/Esercizi ASDI/Esercizio 5.1/Esercizio 5.1.srcs/sources_1/new/cronometro.vhd" into library xil_defaultlib
INFO: [VRFC 10-3107] analyzing entity 'cronometro'
INFO: [USF-XSim-69] 'compile' step finished in '3' seconds
INFO: [USF-XSim-3] XSim::Elaborate design
INFO: [USF-XSim-61] Executing 'ELABORATE' step in 'C:/Users/eliof/Desktop/Esercizi ASDI/Esercizio 5.1/Esercizio 5.1.sim/sim_1/behav/xsim'
"xelab -wto 62048a5632e64023891f08f8ac603a4d --incr --debug typical --relax --mt 2 -L xil_defaultlib -L secureip --snapshot tb_cronometro_behav xil_defaultlib.tb_cronometro -log elaborate.log"
Vivado Simulator 2020.1
Copyright 1986-1999, 2001-2020 Xilinx, Inc. All Rights Reserved.
Running: C:/Xilinx/Vivado/2020.1/bin/unwrapped/win64.o/xelab.exe -wto 62048a5632e64023891f08f8ac603a4d --incr --debug typical --relax --mt 2 -L xil_defaultlib -L secureip --snapshot tb_cronometro_behav xil_defaultlib.tb_cronometro -log elaborate.log 
Using 2 slave threads.
Starting static elaboration
Completed static elaboration
Starting simulation data flow analysis
Completed simulation data flow analysis
Time Resolution for simulation is 1ps
Compiling package std.standard
Compiling package std.textio
Compiling package ieee.std_logic_1164
Compiling package ieee.numeric_std
Compiling architecture behavioral of entity xil_defaultlib.counter_mod_60 [counter_mod_60_default]
Compiling architecture behavioral of entity xil_defaultlib.counter_mod_60 [\counter_mod_60(max=24)\]
Compiling architecture structural of entity xil_defaultlib.cronometro [cronometro_default]
Compiling architecture behavioral of entity xil_defaultlib.tb_cronometro
Built simulation snapshot tb_cronometro_behav
INFO: [USF-XSim-69] 'elaborate' step finished in '2' seconds
INFO: [USF-XSim-4] XSim::Simulate design
INFO: [USF-XSim-61] Executing 'SIMULATE' step in 'C:/Users/eliof/Desktop/Esercizi ASDI/Esercizio 5.1/Esercizio 5.1.sim/sim_1/behav/xsim'
INFO: [USF-XSim-98] *** Running xsim
   with args "tb_cronometro_behav -key {Behavioral:sim_1:Functional:tb_cronometro} -tclbatch {tb_cronometro.tcl} -log {simulate.log}"
INFO: [USF-XSim-8] Loading simulator feature
Vivado Simulator 2020.1
Time resolution is 1 ps
source tb_cronometro.tcl
# set curr_wave [current_wave_config]
# if { [string length $curr_wave] == 0 } {
#   if { [llength [get_objects]] > 0} {
#     add_wave /
#     set_property needs_save false [current_wave_config]
#   } else {
#      send_msg_id Add_Wave-1 WARNING "No top level signals found. Simulator will start without a wave window. If you want to open a wave window go to 'File->New Waveform Configuration' or type 'create_wave_config' in the TCL console."
#   }
# }
# run 1000ns
INFO: [USF-XSim-96] XSim completed. Design snapshot 'tb_cronometro_behav' loaded.
INFO: [USF-XSim-97] XSim simulation ran for 1000ns
launch_simulation: Time (s): cpu = 00:00:09 ; elapsed = 00:00:09 . Memory (MB): peak = 1170.832 ; gain = 0.000
close_sim
INFO: [Simtcl 6-16] Simulation closed
launch_simulation
Command: launch_simulation 
INFO: [Vivado 12-5682] Launching behavioral simulation in 'C:/Users/eliof/Desktop/Esercizi ASDI/Esercizio 5.1/Esercizio 5.1.sim/sim_1/behav/xsim'
INFO: [SIM-utils-51] Simulation object is 'sim_1'
INFO: [SIM-utils-54] Inspecting design source files for 'tb_cronometro' in fileset 'sim_1'...
INFO: [USF-XSim-97] Finding global include files...
INFO: [USF-XSim-98] Fetching design files from 'sim_1'...
INFO: [USF-XSim-2] XSim::Compile design
INFO: [USF-XSim-61] Executing 'COMPILE and ANALYZE' step in 'C:/Users/eliof/Desktop/Esercizi ASDI/Esercizio 5.1/Esercizio 5.1.sim/sim_1/behav/xsim'
"xvhdl --incr --relax -prj tb_cronometro_vhdl.prj"
INFO: [VRFC 10-163] Analyzing VHDL file "C:/Users/eliof/Desktop/Esercizi ASDI/Esercizio 5.1/Esercizio 5.1.srcs/sources_1/new/counter_mod_60.vhd" into library xil_defaultlib
INFO: [VRFC 10-3107] analyzing entity 'counter_mod_60'
INFO: [VRFC 10-163] Analyzing VHDL file "C:/Users/eliof/Desktop/Esercizi ASDI/Esercizio 5.1/Esercizio 5.1.srcs/sources_1/new/cronometro.vhd" into library xil_defaultlib
INFO: [VRFC 10-3107] analyzing entity 'cronometro'
INFO: [USF-XSim-69] 'compile' step finished in '2' seconds
INFO: [USF-XSim-3] XSim::Elaborate design
INFO: [USF-XSim-61] Executing 'ELABORATE' step in 'C:/Users/eliof/Desktop/Esercizi ASDI/Esercizio 5.1/Esercizio 5.1.sim/sim_1/behav/xsim'
"xelab -wto 62048a5632e64023891f08f8ac603a4d --incr --debug typical --relax --mt 2 -L xil_defaultlib -L secureip --snapshot tb_cronometro_behav xil_defaultlib.tb_cronometro -log elaborate.log"
Vivado Simulator 2020.1
Copyright 1986-1999, 2001-2020 Xilinx, Inc. All Rights Reserved.
Running: C:/Xilinx/Vivado/2020.1/bin/unwrapped/win64.o/xelab.exe -wto 62048a5632e64023891f08f8ac603a4d --incr --debug typical --relax --mt 2 -L xil_defaultlib -L secureip --snapshot tb_cronometro_behav xil_defaultlib.tb_cronometro -log elaborate.log 
Using 2 slave threads.
Starting static elaboration
Completed static elaboration
Starting simulation data flow analysis
Completed simulation data flow analysis
Time Resolution for simulation is 1ps
Compiling package std.standard
Compiling package std.textio
Compiling package ieee.std_logic_1164
Compiling package ieee.numeric_std
Compiling architecture behavioral of entity xil_defaultlib.counter_mod_60 [counter_mod_60_default]
Compiling architecture behavioral of entity xil_defaultlib.counter_mod_60 [\counter_mod_60(max=24)\]
Compiling architecture structural of entity xil_defaultlib.cronometro [cronometro_default]
Compiling architecture behavioral of entity xil_defaultlib.tb_cronometro
Built simulation snapshot tb_cronometro_behav
INFO: [USF-XSim-69] 'elaborate' step finished in '2' seconds
INFO: [USF-XSim-4] XSim::Simulate design
INFO: [USF-XSim-61] Executing 'SIMULATE' step in 'C:/Users/eliof/Desktop/Esercizi ASDI/Esercizio 5.1/Esercizio 5.1.sim/sim_1/behav/xsim'
INFO: [USF-XSim-98] *** Running xsim
   with args "tb_cronometro_behav -key {Behavioral:sim_1:Functional:tb_cronometro} -tclbatch {tb_cronometro.tcl} -log {simulate.log}"
INFO: [USF-XSim-8] Loading simulator feature
Vivado Simulator 2020.1
Time resolution is 1 ps
source tb_cronometro.tcl
# set curr_wave [current_wave_config]
# if { [string length $curr_wave] == 0 } {
#   if { [llength [get_objects]] > 0} {
#     add_wave /
#     set_property needs_save false [current_wave_config]
#   } else {
#      send_msg_id Add_Wave-1 WARNING "No top level signals found. Simulator will start without a wave window. If you want to open a wave window go to 'File->New Waveform Configuration' or type 'create_wave_config' in the TCL console."
#   }
# }
# run 1000ns
INFO: [USF-XSim-96] XSim completed. Design snapshot 'tb_cronometro_behav' loaded.
INFO: [USF-XSim-97] XSim simulation ran for 1000ns
launch_simulation: Time (s): cpu = 00:00:05 ; elapsed = 00:00:08 . Memory (MB): peak = 1170.832 ; gain = 0.000
close_sim
INFO: [Simtcl 6-16] Simulation closed
launch_simulation
Command: launch_simulation 
INFO: [Vivado 12-5682] Launching behavioral simulation in 'C:/Users/eliof/Desktop/Esercizi ASDI/Esercizio 5.1/Esercizio 5.1.sim/sim_1/behav/xsim'
INFO: [SIM-utils-51] Simulation object is 'sim_1'
INFO: [SIM-utils-54] Inspecting design source files for 'tb_cronometro' in fileset 'sim_1'...
INFO: [USF-XSim-97] Finding global include files...
INFO: [USF-XSim-98] Fetching design files from 'sim_1'...
INFO: [USF-XSim-2] XSim::Compile design
INFO: [USF-XSim-61] Executing 'COMPILE and ANALYZE' step in 'C:/Users/eliof/Desktop/Esercizi ASDI/Esercizio 5.1/Esercizio 5.1.sim/sim_1/behav/xsim'
"xvhdl --incr --relax -prj tb_cronometro_vhdl.prj"
INFO: [VRFC 10-163] Analyzing VHDL file "C:/Users/eliof/Desktop/Esercizi ASDI/Esercizio 5.1/Esercizio 5.1.srcs/sources_1/new/counter_mod_60.vhd" into library xil_defaultlib
INFO: [VRFC 10-3107] analyzing entity 'counter_mod_60'
INFO: [VRFC 10-163] Analyzing VHDL file "C:/Users/eliof/Desktop/Esercizi ASDI/Esercizio 5.1/Esercizio 5.1.srcs/sources_1/new/cronometro.vhd" into library xil_defaultlib
INFO: [VRFC 10-3107] analyzing entity 'cronometro'
INFO: [USF-XSim-69] 'compile' step finished in '2' seconds
INFO: [USF-XSim-3] XSim::Elaborate design
INFO: [USF-XSim-61] Executing 'ELABORATE' step in 'C:/Users/eliof/Desktop/Esercizi ASDI/Esercizio 5.1/Esercizio 5.1.sim/sim_1/behav/xsim'
"xelab -wto 62048a5632e64023891f08f8ac603a4d --incr --debug typical --relax --mt 2 -L xil_defaultlib -L secureip --snapshot tb_cronometro_behav xil_defaultlib.tb_cronometro -log elaborate.log"
Vivado Simulator 2020.1
Copyright 1986-1999, 2001-2020 Xilinx, Inc. All Rights Reserved.
Running: C:/Xilinx/Vivado/2020.1/bin/unwrapped/win64.o/xelab.exe -wto 62048a5632e64023891f08f8ac603a4d --incr --debug typical --relax --mt 2 -L xil_defaultlib -L secureip --snapshot tb_cronometro_behav xil_defaultlib.tb_cronometro -log elaborate.log 
Using 2 slave threads.
Starting static elaboration
Completed static elaboration
Starting simulation data flow analysis
Completed simulation data flow analysis
Time Resolution for simulation is 1ps
Compiling package std.standard
Compiling package std.textio
Compiling package ieee.std_logic_1164
Compiling package ieee.numeric_std
Compiling architecture behavioral of entity xil_defaultlib.counter_mod_60 [counter_mod_60_default]
Compiling architecture behavioral of entity xil_defaultlib.counter_mod_60 [\counter_mod_60(max=24)\]
Compiling architecture structural of entity xil_defaultlib.cronometro [cronometro_default]
Compiling architecture behavioral of entity xil_defaultlib.tb_cronometro
Built simulation snapshot tb_cronometro_behav
INFO: [USF-XSim-69] 'elaborate' step finished in '3' seconds
INFO: [USF-XSim-4] XSim::Simulate design
INFO: [USF-XSim-61] Executing 'SIMULATE' step in 'C:/Users/eliof/Desktop/Esercizi ASDI/Esercizio 5.1/Esercizio 5.1.sim/sim_1/behav/xsim'
INFO: [USF-XSim-98] *** Running xsim
   with args "tb_cronometro_behav -key {Behavioral:sim_1:Functional:tb_cronometro} -tclbatch {tb_cronometro.tcl} -log {simulate.log}"
INFO: [USF-XSim-8] Loading simulator feature
Vivado Simulator 2020.1
Time resolution is 1 ps
source tb_cronometro.tcl
# set curr_wave [current_wave_config]
# if { [string length $curr_wave] == 0 } {
#   if { [llength [get_objects]] > 0} {
#     add_wave /
#     set_property needs_save false [current_wave_config]
#   } else {
#      send_msg_id Add_Wave-1 WARNING "No top level signals found. Simulator will start without a wave window. If you want to open a wave window go to 'File->New Waveform Configuration' or type 'create_wave_config' in the TCL console."
#   }
# }
# run 1000ns
INFO: [USF-XSim-96] XSim completed. Design snapshot 'tb_cronometro_behav' loaded.
INFO: [USF-XSim-97] XSim simulation ran for 1000ns
launch_simulation: Time (s): cpu = 00:00:04 ; elapsed = 00:00:09 . Memory (MB): peak = 1601.059 ; gain = 0.000
close_sim
INFO: [Simtcl 6-16] Simulation closed
launch_simulation
Command: launch_simulation 
INFO: [Vivado 12-5682] Launching behavioral simulation in 'C:/Users/eliof/Desktop/Esercizi ASDI/Esercizio 5.1/Esercizio 5.1.sim/sim_1/behav/xsim'
INFO: [SIM-utils-51] Simulation object is 'sim_1'
INFO: [SIM-utils-54] Inspecting design source files for 'tb_cronometro' in fileset 'sim_1'...
INFO: [USF-XSim-97] Finding global include files...
INFO: [USF-XSim-98] Fetching design files from 'sim_1'...
INFO: [USF-XSim-2] XSim::Compile design
INFO: [USF-XSim-61] Executing 'COMPILE and ANALYZE' step in 'C:/Users/eliof/Desktop/Esercizi ASDI/Esercizio 5.1/Esercizio 5.1.sim/sim_1/behav/xsim'
"xvhdl --incr --relax -prj tb_cronometro_vhdl.prj"
INFO: [VRFC 10-163] Analyzing VHDL file "C:/Users/eliof/Desktop/Esercizi ASDI/Esercizio 5.1/Esercizio 5.1.srcs/sources_1/new/counter_mod_60.vhd" into library xil_defaultlib
INFO: [VRFC 10-3107] analyzing entity 'counter_mod_60'
INFO: [VRFC 10-163] Analyzing VHDL file "C:/Users/eliof/Desktop/Esercizi ASDI/Esercizio 5.1/Esercizio 5.1.srcs/sources_1/new/cronometro.vhd" into library xil_defaultlib
INFO: [VRFC 10-3107] analyzing entity 'cronometro'
INFO: [USF-XSim-69] 'compile' step finished in '2' seconds
INFO: [USF-XSim-3] XSim::Elaborate design
INFO: [USF-XSim-61] Executing 'ELABORATE' step in 'C:/Users/eliof/Desktop/Esercizi ASDI/Esercizio 5.1/Esercizio 5.1.sim/sim_1/behav/xsim'
"xelab -wto 62048a5632e64023891f08f8ac603a4d --incr --debug typical --relax --mt 2 -L xil_defaultlib -L secureip --snapshot tb_cronometro_behav xil_defaultlib.tb_cronometro -log elaborate.log"
Vivado Simulator 2020.1
Copyright 1986-1999, 2001-2020 Xilinx, Inc. All Rights Reserved.
Running: C:/Xilinx/Vivado/2020.1/bin/unwrapped/win64.o/xelab.exe -wto 62048a5632e64023891f08f8ac603a4d --incr --debug typical --relax --mt 2 -L xil_defaultlib -L secureip --snapshot tb_cronometro_behav xil_defaultlib.tb_cronometro -log elaborate.log 
Using 2 slave threads.
Starting static elaboration
Completed static elaboration
Starting simulation data flow analysis
Completed simulation data flow analysis
Time Resolution for simulation is 1ps
Compiling package std.standard
Compiling package std.textio
Compiling package ieee.std_logic_1164
Compiling package ieee.numeric_std
Compiling architecture behavioral of entity xil_defaultlib.counter_mod_60 [counter_mod_60_default]
Compiling architecture behavioral of entity xil_defaultlib.counter_mod_60 [\counter_mod_60(max=24)\]
Compiling architecture structural of entity xil_defaultlib.cronometro [cronometro_default]
Compiling architecture behavioral of entity xil_defaultlib.tb_cronometro
Built simulation snapshot tb_cronometro_behav
INFO: [USF-XSim-69] 'elaborate' step finished in '3' seconds
INFO: [USF-XSim-4] XSim::Simulate design
INFO: [USF-XSim-61] Executing 'SIMULATE' step in 'C:/Users/eliof/Desktop/Esercizi ASDI/Esercizio 5.1/Esercizio 5.1.sim/sim_1/behav/xsim'
INFO: [USF-XSim-98] *** Running xsim
   with args "tb_cronometro_behav -key {Behavioral:sim_1:Functional:tb_cronometro} -tclbatch {tb_cronometro.tcl} -log {simulate.log}"
INFO: [USF-XSim-8] Loading simulator feature
Vivado Simulator 2020.1
Time resolution is 1 ps
source tb_cronometro.tcl
# set curr_wave [current_wave_config]
# if { [string length $curr_wave] == 0 } {
#   if { [llength [get_objects]] > 0} {
#     add_wave /
#     set_property needs_save false [current_wave_config]
#   } else {
#      send_msg_id Add_Wave-1 WARNING "No top level signals found. Simulator will start without a wave window. If you want to open a wave window go to 'File->New Waveform Configuration' or type 'create_wave_config' in the TCL console."
#   }
# }
# run 1000ns
INFO: [USF-XSim-96] XSim completed. Design snapshot 'tb_cronometro_behav' loaded.
INFO: [USF-XSim-97] XSim simulation ran for 1000ns
launch_simulation: Time (s): cpu = 00:00:04 ; elapsed = 00:00:08 . Memory (MB): peak = 1601.059 ; gain = 0.000
close_sim
INFO: [Simtcl 6-16] Simulation closed
exit
INFO: [Common 17-206] Exiting Vivado at Fri Nov 21 15:41:12 2025...
