Copyright 1986-2020 Xilinx, Inc. All Rights Reserved.
-------------------------------------------------------------------------------------
| Tool Version : Vivado v.2020.1 (win64) Build 2902540 Wed May 27 19:54:49 MDT 2020
| Date         : Sat Feb  7 20:56:55 2026
| Host         : Elio running 64-bit major release  (build 9200)
| Command      : report_control_sets -verbose -file on_board_control_sets_placed.rpt
| Design       : on_board
| Device       : xc7a50ti
-------------------------------------------------------------------------------------

Control Set Information

Table of Contents
-----------------
1. Summary
2. Histogram
3. Flip-Flop Distribution
4. Detailed Control Set Information

1. Summary
----------

+----------------------------------------------------------+-------+
|                          Status                          | Count |
+----------------------------------------------------------+-------+
| Total control sets                                       |     6 |
|    Minimum number of control sets                        |     6 |
|    Addition due to synthesis replication                 |     0 |
|    Addition due to physical synthesis replication        |     0 |
| Unused register locations in slices containing registers |    16 |
+----------------------------------------------------------+-------+
* Control sets can be merged at opt_design using control_set_merge or merge_equivalent_drivers
** Run report_qor_suggestions for automated merging and remapping suggestions


2. Histogram
------------

+--------------------+-------+
|       Fanout       | Count |
+--------------------+-------+
| Total control sets |     6 |
| >= 0 to < 4        |     1 |
| >= 4 to < 6        |     0 |
| >= 6 to < 8        |     0 |
| >= 8 to < 10       |     0 |
| >= 10 to < 12      |     1 |
| >= 12 to < 14      |     0 |
| >= 14 to < 16      |     1 |
| >= 16              |     3 |
+--------------------+-------+
* Control sets can be remapped at either synth_design or opt_design


3. Flip-Flop Distribution
-------------------------

+--------------+-----------------------+------------------------+-----------------+--------------+
| Clock Enable | Synchronous Set/Reset | Asynchronous Set/Reset | Total Registers | Total Slices |
+--------------+-----------------------+------------------------+-----------------+--------------+
| No           | No                    | No                     |              11 |            7 |
| No           | No                    | Yes                    |               9 |            3 |
| No           | Yes                   | No                     |               6 |            3 |
| Yes          | No                    | No                     |               0 |            0 |
| Yes          | No                    | Yes                    |               0 |            0 |
| Yes          | Yes                   | No                     |              94 |           27 |
+--------------+-----------------------+------------------------+-----------------+--------------+


4. Detailed Control Set Information
-----------------------------------

+----------------+-------------------------------+--------------------------------+------------------+----------------+--------------+
|  Clock Signal  |         Enable Signal         |        Set/Reset Signal        | Slice Load Count | Bel Load Count | Bels / Slice |
+----------------+-------------------------------+--------------------------------+------------------+----------------+--------------+
|  clk_IBUF_BUFG | control_unit/led0_OBUF        | reset_deb/cleaned_reset        |                1 |              1 |         1.00 |
|  clk_IBUF_BUFG |                               |                                |                7 |             11 |         1.57 |
|  clk_IBUF_BUFG |                               | reset_deb/cleaned_reset        |                6 |             15 |         2.50 |
|  clk_IBUF_BUFG | read_deb/count[31]_i_2__0_n_0 | read_deb/count[31]_i_1__1_n_0  |                9 |             31 |         3.44 |
|  clk_IBUF_BUFG | reset_deb/count               | reset_deb/count[31]_i_1_n_0    |                9 |             31 |         3.44 |
|  clk_IBUF_BUFG | start_deb/count[31]_i_2_n_0   | start_deb/count[31]_i_1__0_n_0 |                8 |             31 |         3.88 |
+----------------+-------------------------------+--------------------------------+------------------+----------------+--------------+


