
*** Running vivado
    with args -log on_board.vdi -applog -m64 -product Vivado -messageDb vivado.pb -mode batch -source on_board.tcl -notrace



****** Vivado v2020.1 (64-bit)
  **** SW Build 2902540 on Wed May 27 19:54:49 MDT 2020
  **** IP Build 2902112 on Wed May 27 22:43:36 MDT 2020
    ** Copyright 1986-2020 Xilinx, Inc. All Rights Reserved.

source on_board.tcl -notrace
Command: link_design -top on_board -part xc7a50ticsg324-1L
Design is defaulting to srcset: sources_1
Design is defaulting to constrset: constrs_1
INFO: [Device 21-403] Loading part xc7a50ticsg324-1L
Netlist sorting complete. Time (s): cpu = 00:00:00 ; elapsed = 00:00:00.001 . Memory (MB): peak = 1025.316 ; gain = 0.000
INFO: [Netlist 29-17] Analyzing 24 Unisim elements for replacement
INFO: [Netlist 29-28] Unisim Transformation completed in 0 CPU seconds
INFO: [Project 1-479] Netlist was created with Vivado 2020.1
INFO: [Project 1-570] Preparing netlist for logic optimization
Parsing XDC File [C:/Users/eliof/Desktop/Esercizi ASDI/Esercizio_6.1/Esercizio_6.1.srcs/constrs_1/imports/Desktop/Nexys-A7-50T-Master.xdc]
Finished Parsing XDC File [C:/Users/eliof/Desktop/Esercizi ASDI/Esercizio_6.1/Esercizio_6.1.srcs/constrs_1/imports/Desktop/Nexys-A7-50T-Master.xdc]
INFO: [Opt 31-138] Pushed 0 inverter(s) to 0 load pin(s).
Netlist sorting complete. Time (s): cpu = 00:00:00 ; elapsed = 00:00:00 . Memory (MB): peak = 1025.316 ; gain = 0.000
INFO: [Project 1-111] Unisim Transformation Summary:
No Unisim elements were transformed.

7 Infos, 0 Warnings, 0 Critical Warnings and 0 Errors encountered.
link_design completed successfully
link_design: Time (s): cpu = 00:00:05 ; elapsed = 00:00:06 . Memory (MB): peak = 1025.316 ; gain = 0.000
Command: opt_design
Attempting to get a license for feature 'Implementation' and/or device 'xc7a50ti'
INFO: [Common 17-349] Got license for feature 'Implementation' and/or device 'xc7a50ti'
Running DRC as a precondition to command opt_design

Starting DRC Task
INFO: [DRC 23-27] Running DRC with 2 threads
INFO: [Project 1-461] DRC finished with 0 Errors
INFO: [Project 1-462] Please refer to the DRC report (report_drc) for more information.

Time (s): cpu = 00:00:01 ; elapsed = 00:00:00.818 . Memory (MB): peak = 1025.316 ; gain = 0.000

Starting Cache Timing Information Task
INFO: [Timing 38-35] Done setting XDC timing constraints.
Ending Cache Timing Information Task | Checksum: 156437d6a

Time (s): cpu = 00:00:07 ; elapsed = 00:00:07 . Memory (MB): peak = 1338.938 ; gain = 313.621

Starting Logic Optimization Task

Phase 1 Retarget
INFO: [Opt 31-138] Pushed 0 inverter(s) to 0 load pin(s).
INFO: [Opt 31-49] Retargeted 0 cell(s).
Phase 1 Retarget | Checksum: 156437d6a

Time (s): cpu = 00:00:00 ; elapsed = 00:00:00.012 . Memory (MB): peak = 1542.914 ; gain = 0.000
INFO: [Opt 31-389] Phase Retarget created 0 cells and removed 0 cells

Phase 2 Constant propagation
INFO: [Opt 31-138] Pushed 0 inverter(s) to 0 load pin(s).
Phase 2 Constant propagation | Checksum: 156437d6a

Time (s): cpu = 00:00:00 ; elapsed = 00:00:00.014 . Memory (MB): peak = 1542.914 ; gain = 0.000
INFO: [Opt 31-389] Phase Constant propagation created 0 cells and removed 0 cells

Phase 3 Sweep
Phase 3 Sweep | Checksum: 149a7b061

Time (s): cpu = 00:00:00 ; elapsed = 00:00:00.020 . Memory (MB): peak = 1542.914 ; gain = 0.000
INFO: [Opt 31-389] Phase Sweep created 1 cells and removed 0 cells

Phase 4 BUFG optimization
Phase 4 BUFG optimization | Checksum: 149a7b061

Time (s): cpu = 00:00:00 ; elapsed = 00:00:00.024 . Memory (MB): peak = 1542.914 ; gain = 0.000
INFO: [Opt 31-662] Phase BUFG optimization created 0 cells of which 0 are BUFGs and removed 0 cells.

Phase 5 Shift Register Optimization
INFO: [Opt 31-1064] SRL Remap converted 0 SRLs to 0 registers and converted 0 registers of register chains to 0 SRLs
Phase 5 Shift Register Optimization | Checksum: 149a7b061

Time (s): cpu = 00:00:00 ; elapsed = 00:00:00.027 . Memory (MB): peak = 1542.914 ; gain = 0.000
INFO: [Opt 31-389] Phase Shift Register Optimization created 0 cells and removed 0 cells

Phase 6 Post Processing Netlist
Phase 6 Post Processing Netlist | Checksum: 149a7b061

Time (s): cpu = 00:00:00 ; elapsed = 00:00:00.028 . Memory (MB): peak = 1542.914 ; gain = 0.000
INFO: [Opt 31-389] Phase Post Processing Netlist created 0 cells and removed 0 cells
Opt_design Change Summary
=========================


-------------------------------------------------------------------------------------------------------------------------
|  Phase                        |  #Cells created  |  #Cells Removed  |  #Constrained objects preventing optimizations  |
-------------------------------------------------------------------------------------------------------------------------
|  Retarget                     |               0  |               0  |                                              0  |
|  Constant propagation         |               0  |               0  |                                              0  |
|  Sweep                        |               1  |               0  |                                              0  |
|  BUFG optimization            |               0  |               0  |                                              0  |
|  Shift Register Optimization  |               0  |               0  |                                              0  |
|  Post Processing Netlist      |               0  |               0  |                                              0  |
-------------------------------------------------------------------------------------------------------------------------



Starting Connectivity Check Task

Time (s): cpu = 00:00:00 ; elapsed = 00:00:00 . Memory (MB): peak = 1542.914 ; gain = 0.000
Ending Logic Optimization Task | Checksum: 1458b4b9f

Time (s): cpu = 00:00:00 ; elapsed = 00:00:00.039 . Memory (MB): peak = 1542.914 ; gain = 0.000

Starting Power Optimization Task
INFO: [Pwropt 34-132] Skipping clock gating for clocks with a period < 2.00 ns.
Ending Power Optimization Task | Checksum: 1458b4b9f

Time (s): cpu = 00:00:00 ; elapsed = 00:00:00.007 . Memory (MB): peak = 1542.914 ; gain = 0.000

Starting Final Cleanup Task
Ending Final Cleanup Task | Checksum: 1458b4b9f

Time (s): cpu = 00:00:00 ; elapsed = 00:00:00 . Memory (MB): peak = 1542.914 ; gain = 0.000

Starting Netlist Obfuscation Task
Netlist sorting complete. Time (s): cpu = 00:00:00 ; elapsed = 00:00:00.001 . Memory (MB): peak = 1542.914 ; gain = 0.000
Ending Netlist Obfuscation Task | Checksum: 1458b4b9f

Time (s): cpu = 00:00:00 ; elapsed = 00:00:00.001 . Memory (MB): peak = 1542.914 ; gain = 0.000
INFO: [Common 17-83] Releasing license: Implementation
24 Infos, 0 Warnings, 0 Critical Warnings and 0 Errors encountered.
opt_design completed successfully
opt_design: Time (s): cpu = 00:00:10 ; elapsed = 00:00:10 . Memory (MB): peak = 1542.914 ; gain = 517.598
INFO: [Timing 38-480] Writing timing data to binary archive.
Writing placer database...
Writing XDEF routing.
Writing XDEF routing logical nets.
Writing XDEF routing special nets.
Write XDEF Complete: Time (s): cpu = 00:00:00 ; elapsed = 00:00:00.027 . Memory (MB): peak = 1542.914 ; gain = 0.000
INFO: [Common 17-1381] The checkpoint 'C:/Users/eliof/Desktop/Esercizi ASDI/Esercizio_6.1/Esercizio_6.1.runs/impl_1/on_board_opt.dcp' has been generated.
INFO: [runtcl-4] Executing : report_drc -file on_board_drc_opted.rpt -pb on_board_drc_opted.pb -rpx on_board_drc_opted.rpx
Command: report_drc -file on_board_drc_opted.rpt -pb on_board_drc_opted.pb -rpx on_board_drc_opted.rpx
INFO: [IP_Flow 19-234] Refreshing IP repositories
INFO: [IP_Flow 19-1704] No user IP repositories specified
INFO: [IP_Flow 19-2313] Loaded Vivado IP repository 'C:/Xilinx/Vivado/2020.1/data/ip'.
INFO: [DRC 23-27] Running DRC with 2 threads
INFO: [Coretcl 2-168] The results of DRC are in file C:/Users/eliof/Desktop/Esercizi ASDI/Esercizio_6.1/Esercizio_6.1.runs/impl_1/on_board_drc_opted.rpt.
report_drc completed successfully
Command: place_design
Attempting to get a license for feature 'Implementation' and/or device 'xc7a50ti'
INFO: [Common 17-349] Got license for feature 'Implementation' and/or device 'xc7a50ti'
INFO: [DRC 23-27] Running DRC with 2 threads
INFO: [Vivado_Tcl 4-198] DRC finished with 0 Errors
INFO: [Vivado_Tcl 4-199] Please refer to the DRC report (report_drc) for more information.
Running DRC as a precondition to command place_design
INFO: [DRC 23-27] Running DRC with 2 threads
INFO: [Vivado_Tcl 4-198] DRC finished with 0 Errors
INFO: [Vivado_Tcl 4-199] Please refer to the DRC report (report_drc) for more information.

Starting Placer Task
INFO: [Place 30-611] Multithreading enabled for place_design using a maximum of 2 CPUs

Phase 1 Placer Initialization

Phase 1.1 Placer Initialization Netlist Sorting
Netlist sorting complete. Time (s): cpu = 00:00:00 ; elapsed = 00:00:00 . Memory (MB): peak = 1542.914 ; gain = 0.000
Phase 1.1 Placer Initialization Netlist Sorting | Checksum: db206802

Time (s): cpu = 00:00:00 ; elapsed = 00:00:00.004 . Memory (MB): peak = 1542.914 ; gain = 0.000
Netlist sorting complete. Time (s): cpu = 00:00:00 ; elapsed = 00:00:00 . Memory (MB): peak = 1542.914 ; gain = 0.000

Phase 1.2 IO Placement/ Clock Placement/ Build Placer Device
INFO: [Timing 38-35] Done setting XDC timing constraints.
Phase 1.2 IO Placement/ Clock Placement/ Build Placer Device | Checksum: ac5c3941

Time (s): cpu = 00:00:01 ; elapsed = 00:00:00.355 . Memory (MB): peak = 1542.914 ; gain = 0.000

Phase 1.3 Build Placer Netlist Model
Phase 1.3 Build Placer Netlist Model | Checksum: b5f6eedf

Time (s): cpu = 00:00:01 ; elapsed = 00:00:00.450 . Memory (MB): peak = 1542.914 ; gain = 0.000

Phase 1.4 Constrain Clocks/Macros
Phase 1.4 Constrain Clocks/Macros | Checksum: b5f6eedf

Time (s): cpu = 00:00:01 ; elapsed = 00:00:00.451 . Memory (MB): peak = 1542.914 ; gain = 0.000
Phase 1 Placer Initialization | Checksum: b5f6eedf

Time (s): cpu = 00:00:01 ; elapsed = 00:00:00.453 . Memory (MB): peak = 1542.914 ; gain = 0.000

Phase 2 Global Placement

Phase 2.1 Floorplanning
Phase 2.1 Floorplanning | Checksum: cefe2b24

Time (s): cpu = 00:00:01 ; elapsed = 00:00:00.564 . Memory (MB): peak = 1542.914 ; gain = 0.000

Phase 2.2 Global Placement Core

Phase 2.2.1 Physical Synthesis In Placer
INFO: [Physopt 32-1044] Break lutnm for timing: one critical 0, two critical 0, total 0, new lutff created 0
INFO: [Physopt 32-775] End 1 Pass. Optimized 0 net or cell. Created 0 new cell, deleted 0 existing cell and moved 0 existing cell
INFO: [Physopt 32-65] No nets found for high-fanout optimization.
INFO: [Physopt 32-232] Optimized 0 net. Created 0 new instance.
INFO: [Physopt 32-775] End 1 Pass. Optimized 0 net or cell. Created 0 new cell, deleted 0 existing cell and moved 0 existing cell
INFO: [Physopt 32-456] No candidate cells for DSP register optimization found in the design.
INFO: [Physopt 32-775] End 2 Pass. Optimized 0 net or cell. Created 0 new cell, deleted 0 existing cell and moved 0 existing cell
INFO: [Physopt 32-1123] No candidate cells found for Shift Register to Pipeline optimization
INFO: [Physopt 32-775] End 1 Pass. Optimized 0 net or cell. Created 0 new cell, deleted 0 existing cell and moved 0 existing cell
INFO: [Physopt 32-677] No candidate cells for Shift Register optimization found in the design
INFO: [Physopt 32-775] End 1 Pass. Optimized 0 net or cell. Created 0 new cell, deleted 0 existing cell and moved 0 existing cell
INFO: [Physopt 32-526] No candidate cells for BRAM register optimization found in the design
INFO: [Physopt 32-775] End 1 Pass. Optimized 0 net or cell. Created 0 new cell, deleted 0 existing cell and moved 0 existing cell
INFO: [Physopt 32-846] No candidate cells for URAM register optimization found in the design
INFO: [Physopt 32-775] End 2 Pass. Optimized 0 net or cell. Created 0 new cell, deleted 0 existing cell and moved 0 existing cell
INFO: [Physopt 32-949] No candidate nets found for HD net replication
INFO: [Physopt 32-775] End 1 Pass. Optimized 0 net or cell. Created 0 new cell, deleted 0 existing cell and moved 0 existing cell
Netlist sorting complete. Time (s): cpu = 00:00:00 ; elapsed = 00:00:00.001 . Memory (MB): peak = 1542.914 ; gain = 0.000

Summary of Physical Synthesis Optimizations
============================================


-----------------------------------------------------------------------------------------------------------------------------------------------------------
|  Optimization                                     |  Added Cells  |  Removed Cells  |  Optimized Cells/Nets  |  Dont Touch  |  Iterations  |  Elapsed   |
-----------------------------------------------------------------------------------------------------------------------------------------------------------
|  LUT Combining                                    |            0  |              0  |                     0  |           0  |           1  |  00:00:00  |
|  Very High Fanout                                 |            0  |              0  |                     0  |           0  |           1  |  00:00:00  |
|  DSP Register                                     |            0  |              0  |                     0  |           0  |           1  |  00:00:00  |
|  Shift Register to Pipeline                       |            0  |              0  |                     0  |           0  |           1  |  00:00:00  |
|  Shift Register                                   |            0  |              0  |                     0  |           0  |           1  |  00:00:00  |
|  BRAM Register                                    |            0  |              0  |                     0  |           0  |           1  |  00:00:00  |
|  URAM Register                                    |            0  |              0  |                     0  |           0  |           1  |  00:00:00  |
|  Dynamic/Static Region Interface Net Replication  |            0  |              0  |                     0  |           0  |           1  |  00:00:00  |
|  Total                                            |            0  |              0  |                     0  |           0  |           8  |  00:00:00  |
-----------------------------------------------------------------------------------------------------------------------------------------------------------


Phase 2.2.1 Physical Synthesis In Placer | Checksum: e7b66ddf

Time (s): cpu = 00:00:03 ; elapsed = 00:00:02 . Memory (MB): peak = 1542.914 ; gain = 0.000
Phase 2.2 Global Placement Core | Checksum: 18374354a

Time (s): cpu = 00:00:03 ; elapsed = 00:00:02 . Memory (MB): peak = 1542.914 ; gain = 0.000
Phase 2 Global Placement | Checksum: 18374354a

Time (s): cpu = 00:00:03 ; elapsed = 00:00:02 . Memory (MB): peak = 1542.914 ; gain = 0.000

Phase 3 Detail Placement

Phase 3.1 Commit Multi Column Macros
Phase 3.1 Commit Multi Column Macros | Checksum: 1a16c6c35

Time (s): cpu = 00:00:03 ; elapsed = 00:00:02 . Memory (MB): peak = 1542.914 ; gain = 0.000

Phase 3.2 Commit Most Macros & LUTRAMs
Phase 3.2 Commit Most Macros & LUTRAMs | Checksum: e5b89879

Time (s): cpu = 00:00:03 ; elapsed = 00:00:02 . Memory (MB): peak = 1542.914 ; gain = 0.000

Phase 3.3 Area Swap Optimization
Phase 3.3 Area Swap Optimization | Checksum: 12ab25cc9

Time (s): cpu = 00:00:03 ; elapsed = 00:00:02 . Memory (MB): peak = 1542.914 ; gain = 0.000

Phase 3.4 Pipeline Register Optimization
Phase 3.4 Pipeline Register Optimization | Checksum: e8b5da51

Time (s): cpu = 00:00:03 ; elapsed = 00:00:02 . Memory (MB): peak = 1542.914 ; gain = 0.000

Phase 3.5 Fast Optimization
Phase 3.5 Fast Optimization | Checksum: 1269d8afb

Time (s): cpu = 00:00:03 ; elapsed = 00:00:03 . Memory (MB): peak = 1542.914 ; gain = 0.000

Phase 3.6 Small Shape Detail Placement
Phase 3.6 Small Shape Detail Placement | Checksum: 13d511b18

Time (s): cpu = 00:00:03 ; elapsed = 00:00:03 . Memory (MB): peak = 1542.914 ; gain = 0.000

Phase 3.7 Re-assign LUT pins
Phase 3.7 Re-assign LUT pins | Checksum: 17aec60b5

Time (s): cpu = 00:00:03 ; elapsed = 00:00:03 . Memory (MB): peak = 1542.914 ; gain = 0.000

Phase 3.8 Pipeline Register Optimization
Phase 3.8 Pipeline Register Optimization | Checksum: 12da0ce1d

Time (s): cpu = 00:00:03 ; elapsed = 00:00:03 . Memory (MB): peak = 1542.914 ; gain = 0.000

Phase 3.9 Fast Optimization
Phase 3.9 Fast Optimization | Checksum: 1d237c2b4

Time (s): cpu = 00:00:04 ; elapsed = 00:00:03 . Memory (MB): peak = 1542.914 ; gain = 0.000
Phase 3 Detail Placement | Checksum: 1d237c2b4

Time (s): cpu = 00:00:04 ; elapsed = 00:00:03 . Memory (MB): peak = 1542.914 ; gain = 0.000

Phase 4 Post Placement Optimization and Clean-Up

Phase 4.1 Post Commit Optimization
INFO: [Timing 38-35] Done setting XDC timing constraints.

Phase 4.1.1 Post Placement Optimization
Post Placement Optimization Initialization | Checksum: 172d8add0

Phase 4.1.1.1 BUFG Insertion

Starting Physical Synthesis Task

Phase 1 Physical Synthesis Initialization
INFO: [Physopt 32-721] Multithreading enabled for phys_opt_design using a maximum of 2 CPUs
INFO: [Physopt 32-619] Estimated Timing Summary | WNS=-3.120 | TNS=-490.381 |
Phase 1 Physical Synthesis Initialization | Checksum: e5b29425

Time (s): cpu = 00:00:00 ; elapsed = 00:00:00.013 . Memory (MB): peak = 1548.781 ; gain = 0.000
INFO: [Place 46-56] BUFG insertion identified 0 candidate nets. Inserted BUFG: 0, Replicated BUFG Driver: 0, Skipped due to Placement/Routing Conflicts: 0, Skipped due to Timing Degradation: 0, Skipped due to Illegal Netlist: 0.
Ending Physical Synthesis Task | Checksum: 1d88032e4

Time (s): cpu = 00:00:00 ; elapsed = 00:00:00.013 . Memory (MB): peak = 1548.781 ; gain = 0.000
Phase 4.1.1.1 BUFG Insertion | Checksum: 172d8add0

Time (s): cpu = 00:00:04 ; elapsed = 00:00:04 . Memory (MB): peak = 1548.781 ; gain = 5.867
INFO: [Place 30-746] Post Placement Timing Summary WNS=-2.605. For the most accurate timing information please run report_timing.
Phase 4.1.1 Post Placement Optimization | Checksum: e6812319

Time (s): cpu = 00:00:20 ; elapsed = 00:00:20 . Memory (MB): peak = 1548.781 ; gain = 5.867
Phase 4.1 Post Commit Optimization | Checksum: e6812319

Time (s): cpu = 00:00:20 ; elapsed = 00:00:20 . Memory (MB): peak = 1548.781 ; gain = 5.867

Phase 4.2 Post Placement Cleanup
Phase 4.2 Post Placement Cleanup | Checksum: e6812319

Time (s): cpu = 00:00:20 ; elapsed = 00:00:20 . Memory (MB): peak = 1548.781 ; gain = 5.867

Phase 4.3 Placer Reporting
Phase 4.3 Placer Reporting | Checksum: e6812319

Time (s): cpu = 00:00:20 ; elapsed = 00:00:20 . Memory (MB): peak = 1548.781 ; gain = 5.867

Phase 4.4 Final Placement Cleanup
Netlist sorting complete. Time (s): cpu = 00:00:00 ; elapsed = 00:00:00 . Memory (MB): peak = 1548.781 ; gain = 0.000
Phase 4.4 Final Placement Cleanup | Checksum: cedf7e58

Time (s): cpu = 00:00:20 ; elapsed = 00:00:20 . Memory (MB): peak = 1548.781 ; gain = 5.867
Phase 4 Post Placement Optimization and Clean-Up | Checksum: cedf7e58

Time (s): cpu = 00:00:20 ; elapsed = 00:00:20 . Memory (MB): peak = 1548.781 ; gain = 5.867
Ending Placer Task | Checksum: 6d3ac93b

Time (s): cpu = 00:00:20 ; elapsed = 00:00:20 . Memory (MB): peak = 1548.781 ; gain = 5.867
INFO: [Common 17-83] Releasing license: Implementation
64 Infos, 0 Warnings, 0 Critical Warnings and 0 Errors encountered.
place_design completed successfully
place_design: Time (s): cpu = 00:00:21 ; elapsed = 00:00:20 . Memory (MB): peak = 1548.781 ; gain = 5.867
INFO: [Timing 38-480] Writing timing data to binary archive.
Writing placer database...
Writing XDEF routing.
Writing XDEF routing logical nets.
Writing XDEF routing special nets.
Write XDEF Complete: Time (s): cpu = 00:00:00 ; elapsed = 00:00:00.043 . Memory (MB): peak = 1548.867 ; gain = 0.086
INFO: [Common 17-1381] The checkpoint 'C:/Users/eliof/Desktop/Esercizi ASDI/Esercizio_6.1/Esercizio_6.1.runs/impl_1/on_board_placed.dcp' has been generated.
INFO: [runtcl-4] Executing : report_io -file on_board_io_placed.rpt
report_io: Time (s): cpu = 00:00:00 ; elapsed = 00:00:00.033 . Memory (MB): peak = 1548.867 ; gain = 0.000
INFO: [runtcl-4] Executing : report_utilization -file on_board_utilization_placed.rpt -pb on_board_utilization_placed.pb
INFO: [runtcl-4] Executing : report_control_sets -verbose -file on_board_control_sets_placed.rpt
report_control_sets: Time (s): cpu = 00:00:00 ; elapsed = 00:00:00.002 . Memory (MB): peak = 1548.867 ; gain = 0.000
Command: phys_opt_design
Attempting to get a license for feature 'Implementation' and/or device 'xc7a50ti'
INFO: [Common 17-349] Got license for feature 'Implementation' and/or device 'xc7a50ti'
Netlist sorting complete. Time (s): cpu = 00:00:00 ; elapsed = 00:00:00 . Memory (MB): peak = 1565.379 ; gain = 0.000

Starting Physical Synthesis Task

Phase 1 Physical Synthesis Initialization
INFO: [Physopt 32-721] Multithreading enabled for phys_opt_design using a maximum of 2 CPUs
INFO: [Physopt 32-619] Estimated Timing Summary | WNS=-2.605 | TNS=-522.171 |
Phase 1 Physical Synthesis Initialization | Checksum: 106f5613b

Time (s): cpu = 00:00:01 ; elapsed = 00:00:00.639 . Memory (MB): peak = 1565.379 ; gain = 0.000
INFO: [Physopt 32-619] Estimated Timing Summary | WNS=-2.605 | TNS=-522.171 |

Phase 2 DSP Register Optimization
INFO: [Physopt 32-456] No candidate cells for DSP register optimization found in the design.
INFO: [Physopt 32-775] End 2 Pass. Optimized 0 net or cell. Created 0 new cell, deleted 0 existing cell and moved 0 existing cell
Phase 2 DSP Register Optimization | Checksum: 106f5613b

Time (s): cpu = 00:00:01 ; elapsed = 00:00:00.687 . Memory (MB): peak = 1565.379 ; gain = 0.000

Phase 3 Critical Path Optimization
INFO: [Physopt 32-619] Estimated Timing Summary | WNS=-2.605 | TNS=-522.171 |
INFO: [Physopt 32-663] Processed net read_deb/count_reg_n_0_[30].  Re-placed instance read_deb/count_reg[30]
INFO: [Physopt 32-735] Processed net read_deb/count_reg_n_0_[30]. Optimization improves timing on the net.
INFO: [Physopt 32-619] Estimated Timing Summary | WNS=-2.583 | TNS=-521.790 |
INFO: [Physopt 32-663] Processed net read_deb/count_reg_n_0_[27].  Re-placed instance read_deb/count_reg[27]
INFO: [Physopt 32-735] Processed net read_deb/count_reg_n_0_[27]. Optimization improves timing on the net.
INFO: [Physopt 32-619] Estimated Timing Summary | WNS=-2.583 | TNS=-521.481 |
INFO: [Physopt 32-662] Processed net read_deb/count_reg_n_0_[3].  Did not re-place instance read_deb/count_reg[3]
INFO: [Physopt 32-702] Processed net read_deb/count_reg_n_0_[3]. Optimizations did not improve timing on the net.
INFO: [Physopt 32-572] Net read_deb/count[31]_i_1__1_n_0 was not replicated.
Resolution: phys_opt_design can be forced to replicate a net driver using the option -force_replication_on_nets <list of net objects>.
INFO: [Physopt 32-662] Processed net read_deb/count[31]_i_1__1_n_0.  Did not re-place instance read_deb/count[31]_i_1__1
INFO: [Physopt 32-702] Processed net read_deb/count[31]_i_1__1_n_0. Optimizations did not improve timing on the net.
INFO: [Physopt 32-662] Processed net read_deb/FSM_sequential_BTN_state[1]_i_3__1_n_0.  Did not re-place instance read_deb/FSM_sequential_BTN_state[1]_i_3__1
INFO: [Physopt 32-242] Processed net read_deb/FSM_sequential_BTN_state[1]_i_3__1_n_0. Rewired (signal push) read_deb/FSM_sequential_BTN_state[1]_i_6__1_n_0 to 1 loads. Replicated 1 times.
INFO: [Physopt 32-735] Processed net read_deb/FSM_sequential_BTN_state[1]_i_3__1_n_0. Optimization improves timing on the net.
INFO: [Physopt 32-619] Estimated Timing Summary | WNS=-2.570 | TNS=-519.372 |
INFO: [Physopt 32-663] Processed net start_deb/count_reg_n_0_[30].  Re-placed instance start_deb/count_reg[30]
INFO: [Physopt 32-735] Processed net start_deb/count_reg_n_0_[30]. Optimization improves timing on the net.
INFO: [Physopt 32-619] Estimated Timing Summary | WNS=-2.535 | TNS=-519.290 |
INFO: [Physopt 32-663] Processed net read_deb/count_reg_n_0_[29].  Re-placed instance read_deb/count_reg[29]
INFO: [Physopt 32-735] Processed net read_deb/count_reg_n_0_[29]. Optimization improves timing on the net.
INFO: [Physopt 32-619] Estimated Timing Summary | WNS=-2.519 | TNS=-518.638 |
INFO: [Physopt 32-663] Processed net start_deb/count_reg_n_0_[31].  Re-placed instance start_deb/count_reg[31]
INFO: [Physopt 32-735] Processed net start_deb/count_reg_n_0_[31]. Optimization improves timing on the net.
INFO: [Physopt 32-619] Estimated Timing Summary | WNS=-2.517 | TNS=-518.525 |
INFO: [Physopt 32-663] Processed net read_deb/count_reg_n_0_[31].  Re-placed instance read_deb/count_reg[31]
INFO: [Physopt 32-735] Processed net read_deb/count_reg_n_0_[31]. Optimization improves timing on the net.
INFO: [Physopt 32-619] Estimated Timing Summary | WNS=-2.511 | TNS=-518.325 |
INFO: [Physopt 32-663] Processed net start_deb/count_reg_n_0_[29].  Re-placed instance start_deb/count_reg[29]
INFO: [Physopt 32-735] Processed net start_deb/count_reg_n_0_[29]. Optimization improves timing on the net.
INFO: [Physopt 32-619] Estimated Timing Summary | WNS=-2.509 | TNS=-518.226 |
INFO: [Physopt 32-663] Processed net read_deb/count_reg_n_0_[15].  Re-placed instance read_deb/count_reg[15]
INFO: [Physopt 32-735] Processed net read_deb/count_reg_n_0_[15]. Optimization improves timing on the net.
INFO: [Physopt 32-619] Estimated Timing Summary | WNS=-2.506 | TNS=-517.520 |
INFO: [Physopt 32-663] Processed net reset_deb/count_reg_n_0_[17].  Re-placed instance reset_deb/count_reg[17]
INFO: [Physopt 32-735] Processed net reset_deb/count_reg_n_0_[17]. Optimization improves timing on the net.
INFO: [Physopt 32-619] Estimated Timing Summary | WNS=-2.489 | TNS=-517.124 |
INFO: [Physopt 32-662] Processed net read_deb/count_reg_n_0_[15].  Did not re-place instance read_deb/count_reg[15]
INFO: [Physopt 32-702] Processed net read_deb/count_reg_n_0_[15]. Optimizations did not improve timing on the net.
INFO: [Physopt 32-662] Processed net read_deb/count_reg_n_0_[7].  Did not re-place instance read_deb/count_reg[7]
INFO: [Physopt 32-81] Processed net read_deb/count_reg_n_0_[7]. Replicated 1 times.
INFO: [Physopt 32-735] Processed net read_deb/count_reg_n_0_[7]. Optimization improves timing on the net.
INFO: [Physopt 32-619] Estimated Timing Summary | WNS=-2.489 | TNS=-522.877 |
INFO: [Physopt 32-663] Processed net start_deb/count_reg_n_0_[28].  Re-placed instance start_deb/count_reg[28]
INFO: [Physopt 32-735] Processed net start_deb/count_reg_n_0_[28]. Optimization improves timing on the net.
INFO: [Physopt 32-619] Estimated Timing Summary | WNS=-2.485 | TNS=-522.507 |
INFO: [Physopt 32-662] Processed net read_deb/count_reg_n_0_[6].  Did not re-place instance read_deb/count_reg[6]
INFO: [Physopt 32-572] Net read_deb/count_reg_n_0_[6] was not replicated.
Resolution: phys_opt_design can be forced to replicate a net driver using the option -force_replication_on_nets <list of net objects>.
INFO: [Physopt 32-702] Processed net read_deb/count_reg_n_0_[6]. Optimizations did not improve timing on the net.
INFO: [Physopt 32-662] Processed net read_deb/FSM_sequential_BTN_state[1]_i_3__1_n_0.  Did not re-place instance read_deb/FSM_sequential_BTN_state[1]_i_3__1_rewire
INFO: [Physopt 32-710] Processed net read_deb/count[31]_i_1__1_n_0. Critical path length was reduced through logic transformation on cell read_deb/count[31]_i_1__1_rewire_comp.
INFO: [Physopt 32-735] Processed net read_deb/FSM_sequential_BTN_state[1]_i_3__1_n_0. Optimization improves timing on the net.
INFO: [Physopt 32-619] Estimated Timing Summary | WNS=-2.480 | TNS=-520.619 |
INFO: [Physopt 32-663] Processed net read_deb/count_reg_n_0_[28].  Re-placed instance read_deb/count_reg[28]
INFO: [Physopt 32-735] Processed net read_deb/count_reg_n_0_[28]. Optimization improves timing on the net.
INFO: [Physopt 32-619] Estimated Timing Summary | WNS=-2.468 | TNS=-520.383 |
INFO: [Physopt 32-662] Processed net read_deb/count_reg_n_0_[30].  Did not re-place instance read_deb/count_reg[30]
INFO: [Physopt 32-702] Processed net read_deb/count_reg_n_0_[30]. Optimizations did not improve timing on the net.
INFO: [Physopt 32-663] Processed net read_deb/count_reg_n_0_[1].  Re-placed instance read_deb/count_reg[1]
INFO: [Physopt 32-735] Processed net read_deb/count_reg_n_0_[1]. Optimization improves timing on the net.
INFO: [Physopt 32-619] Estimated Timing Summary | WNS=-2.467 | TNS=-516.136 |
INFO: [Physopt 32-663] Processed net reset_deb/count_reg_n_0_[12].  Re-placed instance reset_deb/count_reg[12]
INFO: [Physopt 32-735] Processed net reset_deb/count_reg_n_0_[12]. Optimization improves timing on the net.
INFO: [Physopt 32-619] Estimated Timing Summary | WNS=-2.465 | TNS=-515.667 |
INFO: [Physopt 32-663] Processed net start_deb/count_reg_n_0_[28].  Re-placed instance start_deb/count_reg[28]
INFO: [Physopt 32-735] Processed net start_deb/count_reg_n_0_[28]. Optimization improves timing on the net.
INFO: [Physopt 32-619] Estimated Timing Summary | WNS=-2.465 | TNS=-515.754 |
INFO: [Physopt 32-662] Processed net start_deb/count_reg_n_0_[29].  Did not re-place instance start_deb/count_reg[29]
INFO: [Physopt 32-702] Processed net start_deb/count_reg_n_0_[29]. Optimizations did not improve timing on the net.
INFO: [Physopt 32-662] Processed net start_deb/count_reg_n_0_[3].  Did not re-place instance start_deb/count_reg[3]
INFO: [Physopt 32-572] Net start_deb/count_reg_n_0_[3] was not replicated.
Resolution: phys_opt_design can be forced to replicate a net driver using the option -force_replication_on_nets <list of net objects>.
INFO: [Physopt 32-702] Processed net start_deb/count_reg_n_0_[3]. Optimizations did not improve timing on the net.
INFO: [Physopt 32-662] Processed net start_deb/FSM_sequential_BTN_state[1]_i_3__0_n_0.  Did not re-place instance start_deb/FSM_sequential_BTN_state[1]_i_3__0
INFO: [Physopt 32-134] Processed net start_deb/FSM_sequential_BTN_state[1]_i_3__0_n_0. Rewiring did not optimize the net.
INFO: [Physopt 32-81] Processed net start_deb/FSM_sequential_BTN_state[1]_i_3__0_n_0. Replicated 1 times.
INFO: [Physopt 32-735] Processed net start_deb/FSM_sequential_BTN_state[1]_i_3__0_n_0. Optimization improves timing on the net.
INFO: [Physopt 32-619] Estimated Timing Summary | WNS=-2.459 | TNS=-515.350 |
INFO: [Physopt 32-663] Processed net reset_deb/count_reg_n_0_[4].  Re-placed instance reset_deb/count_reg[4]
INFO: [Physopt 32-735] Processed net reset_deb/count_reg_n_0_[4]. Optimization improves timing on the net.
INFO: [Physopt 32-619] Estimated Timing Summary | WNS=-2.457 | TNS=-515.181 |
INFO: [Physopt 32-662] Processed net reset_deb/count_reg_n_0_[14].  Did not re-place instance reset_deb/count_reg[14]
INFO: [Physopt 32-702] Processed net reset_deb/count_reg_n_0_[14]. Optimizations did not improve timing on the net.
INFO: [Physopt 32-662] Processed net reset_deb/count_reg_n_0_[29].  Did not re-place instance reset_deb/count_reg[29]
INFO: [Physopt 32-572] Net reset_deb/count_reg_n_0_[29] was not replicated.
Resolution: phys_opt_design can be forced to replicate a net driver using the option -force_replication_on_nets <list of net objects>.
INFO: [Physopt 32-702] Processed net reset_deb/count_reg_n_0_[29]. Optimizations did not improve timing on the net.
INFO: [Physopt 32-662] Processed net reset_deb/count[31]_i_3_n_0.  Did not re-place instance reset_deb/count[31]_i_3
INFO: [Physopt 32-710] Processed net reset_deb/count[31]_i_1_n_0. Critical path length was reduced through logic transformation on cell reset_deb/count[31]_i_1_comp.
INFO: [Physopt 32-735] Processed net reset_deb/count[31]_i_3_n_0. Optimization improves timing on the net.
INFO: [Physopt 32-619] Estimated Timing Summary | WNS=-2.454 | TNS=-514.251 |
INFO: [Physopt 32-662] Processed net start_deb/FSM_sequential_BTN_state[1]_i_3__0_n_0.  Did not re-place instance start_deb/FSM_sequential_BTN_state[1]_i_3__0
INFO: [Physopt 32-710] Processed net start_deb/count[31]_i_1__0_n_0. Critical path length was reduced through logic transformation on cell start_deb/count[31]_i_1__0_comp.
INFO: [Physopt 32-735] Processed net start_deb/FSM_sequential_BTN_state[1]_i_3__0_n_0. Optimization improves timing on the net.
INFO: [Physopt 32-619] Estimated Timing Summary | WNS=-2.453 | TNS=-512.577 |
INFO: [Physopt 32-663] Processed net start_deb/count_reg_n_0_[26].  Re-placed instance start_deb/count_reg[26]
INFO: [Physopt 32-735] Processed net start_deb/count_reg_n_0_[26]. Optimization improves timing on the net.
INFO: [Physopt 32-619] Estimated Timing Summary | WNS=-2.445 | TNS=-512.471 |
INFO: [Physopt 32-662] Processed net start_deb/count_reg_n_0_[28].  Did not re-place instance start_deb/count_reg[28]
INFO: [Physopt 32-702] Processed net start_deb/count_reg_n_0_[28]. Optimizations did not improve timing on the net.
INFO: [Physopt 32-663] Processed net start_deb/count_reg_n_0_[2].  Re-placed instance start_deb/count_reg[2]
INFO: [Physopt 32-735] Processed net start_deb/count_reg_n_0_[2]. Optimization improves timing on the net.
INFO: [Physopt 32-619] Estimated Timing Summary | WNS=-2.427 | TNS=-509.760 |
INFO: [Physopt 32-662] Processed net reset_deb/count_reg_n_0_[5].  Did not re-place instance reset_deb/count_reg[5]
INFO: [Physopt 32-572] Net reset_deb/count_reg_n_0_[5] was not replicated.
Resolution: phys_opt_design can be forced to replicate a net driver using the option -force_replication_on_nets <list of net objects>.
INFO: [Physopt 32-702] Processed net reset_deb/count_reg_n_0_[5]. Optimizations did not improve timing on the net.
INFO: [Physopt 32-662] Processed net reset_deb/FSM_sequential_BTN_state[1]_i_3_n_0.  Did not re-place instance reset_deb/FSM_sequential_BTN_state[1]_i_3
INFO: [Physopt 32-572] Net reset_deb/FSM_sequential_BTN_state[1]_i_3_n_0 was not replicated.
Resolution: phys_opt_design can be forced to replicate a net driver using the option -force_replication_on_nets <list of net objects>.
INFO: [Physopt 32-702] Processed net reset_deb/FSM_sequential_BTN_state[1]_i_3_n_0. Optimizations did not improve timing on the net.
INFO: [Physopt 32-662] Processed net reset_deb/FSM_sequential_BTN_state[1]_i_9_n_0.  Did not re-place instance reset_deb/FSM_sequential_BTN_state[1]_i_9
INFO: [Physopt 32-242] Processed net reset_deb/FSM_sequential_BTN_state[1]_i_9_n_0. Rewired (signal push) reset_deb/count_reg_n_0_[5] to 2 loads. Replicated 0 times.
INFO: [Physopt 32-735] Processed net reset_deb/FSM_sequential_BTN_state[1]_i_9_n_0. Optimization improves timing on the net.
INFO: [Physopt 32-619] Estimated Timing Summary | WNS=-2.426 | TNS=-509.698 |
INFO: [Physopt 32-662] Processed net read_deb/count_reg_n_0_[18].  Did not re-place instance read_deb/count_reg[18]
INFO: [Physopt 32-572] Net read_deb/count_reg_n_0_[18] was not replicated.
Resolution: phys_opt_design can be forced to replicate a net driver using the option -force_replication_on_nets <list of net objects>.
INFO: [Physopt 32-702] Processed net read_deb/count_reg_n_0_[18]. Optimizations did not improve timing on the net.
INFO: [Physopt 32-662] Processed net read_deb/FSM_sequential_BTN_state[1]_i_4__1_n_0.  Did not re-place instance read_deb/FSM_sequential_BTN_state[1]_i_4__1
INFO: [Physopt 32-572] Net read_deb/FSM_sequential_BTN_state[1]_i_4__1_n_0 was not replicated.
Resolution: phys_opt_design can be forced to replicate a net driver using the option -force_replication_on_nets <list of net objects>.
INFO: [Physopt 32-702] Processed net read_deb/FSM_sequential_BTN_state[1]_i_4__1_n_0. Optimizations did not improve timing on the net.
INFO: [Physopt 32-662] Processed net read_deb/FSM_sequential_BTN_state[1]_i_9__1_n_0.  Did not re-place instance read_deb/FSM_sequential_BTN_state[1]_i_9__1
INFO: [Physopt 32-710] Processed net read_deb/FSM_sequential_BTN_state[1]_i_4__1_n_0. Critical path length was reduced through logic transformation on cell read_deb/FSM_sequential_BTN_state[1]_i_4__1_comp.
INFO: [Physopt 32-735] Processed net read_deb/FSM_sequential_BTN_state[1]_i_9__1_n_0. Optimization improves timing on the net.
INFO: [Physopt 32-619] Estimated Timing Summary | WNS=-2.425 | TNS=-509.282 |
INFO: [Physopt 32-662] Processed net reset_deb/count_reg_n_0_[4].  Did not re-place instance reset_deb/count_reg[4]
INFO: [Physopt 32-572] Net reset_deb/count_reg_n_0_[4] was not replicated.
Resolution: phys_opt_design can be forced to replicate a net driver using the option -force_replication_on_nets <list of net objects>.
INFO: [Physopt 32-702] Processed net reset_deb/count_reg_n_0_[4]. Optimizations did not improve timing on the net.
INFO: [Physopt 32-662] Processed net reset_deb/FSM_sequential_BTN_state[1]_i_9_n_0.  Did not re-place instance reset_deb/FSM_sequential_BTN_state[1]_i_9_rewire
INFO: [Physopt 32-81] Processed net reset_deb/FSM_sequential_BTN_state[1]_i_9_n_0. Replicated 1 times.
INFO: [Physopt 32-735] Processed net reset_deb/FSM_sequential_BTN_state[1]_i_9_n_0. Optimization improves timing on the net.
INFO: [Physopt 32-619] Estimated Timing Summary | WNS=-2.424 | TNS=-509.574 |
INFO: [Physopt 32-662] Processed net reset_deb/count_reg_n_0_[13].  Did not re-place instance reset_deb/count_reg[13]
INFO: [Physopt 32-572] Net reset_deb/count_reg_n_0_[13] was not replicated.
Resolution: phys_opt_design can be forced to replicate a net driver using the option -force_replication_on_nets <list of net objects>.
INFO: [Physopt 32-702] Processed net reset_deb/count_reg_n_0_[13]. Optimizations did not improve timing on the net.
INFO: [Physopt 32-662] Processed net reset_deb/FSM_sequential_BTN_state[1]_i_4_n_0.  Did not re-place instance reset_deb/FSM_sequential_BTN_state[1]_i_4
INFO: [Physopt 32-572] Net reset_deb/FSM_sequential_BTN_state[1]_i_4_n_0 was not replicated.
Resolution: phys_opt_design can be forced to replicate a net driver using the option -force_replication_on_nets <list of net objects>.
INFO: [Physopt 32-702] Processed net reset_deb/FSM_sequential_BTN_state[1]_i_4_n_0. Optimizations did not improve timing on the net.
INFO: [Physopt 32-662] Processed net reset_deb/FSM_sequential_BTN_state[1]_i_10_n_0.  Did not re-place instance reset_deb/FSM_sequential_BTN_state[1]_i_10
INFO: [Physopt 32-134] Processed net reset_deb/FSM_sequential_BTN_state[1]_i_10_n_0. Rewiring did not optimize the net.
INFO: [Physopt 32-572] Net reset_deb/FSM_sequential_BTN_state[1]_i_10_n_0 was not replicated.
Resolution: phys_opt_design can be forced to replicate a net driver using the option -force_replication_on_nets <list of net objects>.
INFO: [Physopt 32-702] Processed net reset_deb/FSM_sequential_BTN_state[1]_i_10_n_0. Optimizations did not improve timing on the net.
INFO: [Physopt 32-572] Net reset_deb/count[31]_i_1_n_0 was not replicated.
Resolution: phys_opt_design can be forced to replicate a net driver using the option -force_replication_on_nets <list of net objects>.
INFO: [Physopt 32-662] Processed net reset_deb/count[31]_i_1_n_0.  Did not re-place instance reset_deb/count[31]_i_1_comp
INFO: [Physopt 32-702] Processed net reset_deb/count[31]_i_1_n_0. Optimizations did not improve timing on the net.
INFO: [Physopt 32-702] Processed net clk_IBUF. Optimizations did not improve timing on the net.
INFO: [Physopt 32-702] Processed net clk. Optimizations did not improve timing on the net.
INFO: [Physopt 32-663] Processed net control_unit/led0_OBUF.  Re-placed instance control_unit/y_reg_reg
INFO: [Physopt 32-735] Processed net control_unit/led0_OBUF. Optimization improves timing on the net.
INFO: [Physopt 32-619] Estimated Timing Summary | WNS=-2.424 | TNS=-508.782 |
INFO: [Physopt 32-663] Processed net control_unit/y_reg_reg_lopt_replica_1.  Re-placed instance control_unit/y_reg_reg_lopt_replica
INFO: [Physopt 32-735] Processed net control_unit/y_reg_reg_lopt_replica_1. Optimization improves timing on the net.
INFO: [Physopt 32-619] Estimated Timing Summary | WNS=-2.424 | TNS=-508.768 |
INFO: [Physopt 32-662] Processed net control_unit/y_reg_reg_lopt_replica_1.  Did not re-place instance control_unit/y_reg_reg_lopt_replica
INFO: [Physopt 32-702] Processed net control_unit/y_reg_reg_lopt_replica_1. Optimizations did not improve timing on the net.
INFO: [Physopt 32-572] Net reset_deb/cleaned_reset was not replicated.
Resolution: phys_opt_design can be forced to replicate a net driver using the option -force_replication_on_nets <list of net objects>.
INFO: [Physopt 32-662] Processed net reset_deb/cleaned_reset.  Did not re-place instance reset_deb/CLEARED_BTN_reg
INFO: [Physopt 32-572] Net reset_deb/cleaned_reset was not replicated.
Resolution: phys_opt_design can be forced to replicate a net driver using the option -force_replication_on_nets <list of net objects>.
INFO: [Physopt 32-702] Processed net reset_deb/cleaned_reset. Optimizations did not improve timing on the net.
INFO: [Physopt 32-662] Processed net reset_deb/count_reg_n_0_[14].  Did not re-place instance reset_deb/count_reg[14]
INFO: [Physopt 32-702] Processed net reset_deb/count_reg_n_0_[14]. Optimizations did not improve timing on the net.
INFO: [Physopt 32-662] Processed net reset_deb/count_reg_n_0_[13].  Did not re-place instance reset_deb/count_reg[13]
INFO: [Physopt 32-702] Processed net reset_deb/count_reg_n_0_[13]. Optimizations did not improve timing on the net.
INFO: [Physopt 32-662] Processed net reset_deb/FSM_sequential_BTN_state[1]_i_4_n_0.  Did not re-place instance reset_deb/FSM_sequential_BTN_state[1]_i_4
INFO: [Physopt 32-702] Processed net reset_deb/FSM_sequential_BTN_state[1]_i_4_n_0. Optimizations did not improve timing on the net.
INFO: [Physopt 32-662] Processed net reset_deb/FSM_sequential_BTN_state[1]_i_10_n_0.  Did not re-place instance reset_deb/FSM_sequential_BTN_state[1]_i_10
INFO: [Physopt 32-702] Processed net reset_deb/FSM_sequential_BTN_state[1]_i_10_n_0. Optimizations did not improve timing on the net.
INFO: [Physopt 32-662] Processed net reset_deb/count[31]_i_1_n_0.  Did not re-place instance reset_deb/count[31]_i_1_comp
INFO: [Physopt 32-702] Processed net reset_deb/count[31]_i_1_n_0. Optimizations did not improve timing on the net.
INFO: [Physopt 32-702] Processed net clk_IBUF. Optimizations did not improve timing on the net.
INFO: [Physopt 32-702] Processed net clk. Optimizations did not improve timing on the net.
INFO: [Physopt 32-662] Processed net control_unit/y_reg_reg_lopt_replica_1.  Did not re-place instance control_unit/y_reg_reg_lopt_replica
INFO: [Physopt 32-702] Processed net control_unit/y_reg_reg_lopt_replica_1. Optimizations did not improve timing on the net.
INFO: [Physopt 32-662] Processed net reset_deb/cleaned_reset.  Did not re-place instance reset_deb/CLEARED_BTN_reg
INFO: [Physopt 32-702] Processed net reset_deb/cleaned_reset. Optimizations did not improve timing on the net.
INFO: [Physopt 32-619] Estimated Timing Summary | WNS=-2.424 | TNS=-508.768 |
Phase 3 Critical Path Optimization | Checksum: 106f5613b

Time (s): cpu = 00:00:07 ; elapsed = 00:00:05 . Memory (MB): peak = 1574.434 ; gain = 9.055

Phase 4 Critical Path Optimization
INFO: [Physopt 32-619] Estimated Timing Summary | WNS=-2.424 | TNS=-508.768 |
INFO: [Physopt 32-662] Processed net reset_deb/count_reg_n_0_[14].  Did not re-place instance reset_deb/count_reg[14]
INFO: [Physopt 32-702] Processed net reset_deb/count_reg_n_0_[14]. Optimizations did not improve timing on the net.
INFO: [Physopt 32-662] Processed net reset_deb/count_reg_n_0_[13].  Did not re-place instance reset_deb/count_reg[13]
INFO: [Physopt 32-572] Net reset_deb/count_reg_n_0_[13] was not replicated.
Resolution: phys_opt_design can be forced to replicate a net driver using the option -force_replication_on_nets <list of net objects>.
INFO: [Physopt 32-702] Processed net reset_deb/count_reg_n_0_[13]. Optimizations did not improve timing on the net.
INFO: [Physopt 32-662] Processed net reset_deb/FSM_sequential_BTN_state[1]_i_4_n_0.  Did not re-place instance reset_deb/FSM_sequential_BTN_state[1]_i_4
INFO: [Physopt 32-572] Net reset_deb/FSM_sequential_BTN_state[1]_i_4_n_0 was not replicated.
Resolution: phys_opt_design can be forced to replicate a net driver using the option -force_replication_on_nets <list of net objects>.
INFO: [Physopt 32-702] Processed net reset_deb/FSM_sequential_BTN_state[1]_i_4_n_0. Optimizations did not improve timing on the net.
INFO: [Physopt 32-662] Processed net reset_deb/FSM_sequential_BTN_state[1]_i_10_n_0.  Did not re-place instance reset_deb/FSM_sequential_BTN_state[1]_i_10
INFO: [Physopt 32-134] Processed net reset_deb/FSM_sequential_BTN_state[1]_i_10_n_0. Rewiring did not optimize the net.
INFO: [Physopt 32-572] Net reset_deb/FSM_sequential_BTN_state[1]_i_10_n_0 was not replicated.
Resolution: phys_opt_design can be forced to replicate a net driver using the option -force_replication_on_nets <list of net objects>.
INFO: [Physopt 32-702] Processed net reset_deb/FSM_sequential_BTN_state[1]_i_10_n_0. Optimizations did not improve timing on the net.
INFO: [Physopt 32-572] Net reset_deb/count[31]_i_1_n_0 was not replicated.
Resolution: phys_opt_design can be forced to replicate a net driver using the option -force_replication_on_nets <list of net objects>.
INFO: [Physopt 32-662] Processed net reset_deb/count[31]_i_1_n_0.  Did not re-place instance reset_deb/count[31]_i_1_comp
INFO: [Physopt 32-702] Processed net reset_deb/count[31]_i_1_n_0. Optimizations did not improve timing on the net.
INFO: [Physopt 32-702] Processed net clk_IBUF. Optimizations did not improve timing on the net.
INFO: [Physopt 32-702] Processed net clk. Optimizations did not improve timing on the net.
INFO: [Physopt 32-662] Processed net control_unit/y_reg_reg_lopt_replica_1.  Did not re-place instance control_unit/y_reg_reg_lopt_replica
INFO: [Physopt 32-702] Processed net control_unit/y_reg_reg_lopt_replica_1. Optimizations did not improve timing on the net.
INFO: [Physopt 32-572] Net reset_deb/cleaned_reset was not replicated.
Resolution: phys_opt_design can be forced to replicate a net driver using the option -force_replication_on_nets <list of net objects>.
INFO: [Physopt 32-662] Processed net reset_deb/cleaned_reset.  Did not re-place instance reset_deb/CLEARED_BTN_reg
INFO: [Physopt 32-572] Net reset_deb/cleaned_reset was not replicated.
Resolution: phys_opt_design can be forced to replicate a net driver using the option -force_replication_on_nets <list of net objects>.
INFO: [Physopt 32-702] Processed net reset_deb/cleaned_reset. Optimizations did not improve timing on the net.
INFO: [Physopt 32-662] Processed net reset_deb/count_reg_n_0_[14].  Did not re-place instance reset_deb/count_reg[14]
INFO: [Physopt 32-702] Processed net reset_deb/count_reg_n_0_[14]. Optimizations did not improve timing on the net.
INFO: [Physopt 32-662] Processed net reset_deb/count_reg_n_0_[13].  Did not re-place instance reset_deb/count_reg[13]
INFO: [Physopt 32-702] Processed net reset_deb/count_reg_n_0_[13]. Optimizations did not improve timing on the net.
INFO: [Physopt 32-662] Processed net reset_deb/FSM_sequential_BTN_state[1]_i_4_n_0.  Did not re-place instance reset_deb/FSM_sequential_BTN_state[1]_i_4
INFO: [Physopt 32-702] Processed net reset_deb/FSM_sequential_BTN_state[1]_i_4_n_0. Optimizations did not improve timing on the net.
INFO: [Physopt 32-662] Processed net reset_deb/FSM_sequential_BTN_state[1]_i_10_n_0.  Did not re-place instance reset_deb/FSM_sequential_BTN_state[1]_i_10
INFO: [Physopt 32-702] Processed net reset_deb/FSM_sequential_BTN_state[1]_i_10_n_0. Optimizations did not improve timing on the net.
INFO: [Physopt 32-662] Processed net reset_deb/count[31]_i_1_n_0.  Did not re-place instance reset_deb/count[31]_i_1_comp
INFO: [Physopt 32-702] Processed net reset_deb/count[31]_i_1_n_0. Optimizations did not improve timing on the net.
INFO: [Physopt 32-702] Processed net clk_IBUF. Optimizations did not improve timing on the net.
INFO: [Physopt 32-702] Processed net clk. Optimizations did not improve timing on the net.
INFO: [Physopt 32-662] Processed net control_unit/y_reg_reg_lopt_replica_1.  Did not re-place instance control_unit/y_reg_reg_lopt_replica
INFO: [Physopt 32-702] Processed net control_unit/y_reg_reg_lopt_replica_1. Optimizations did not improve timing on the net.
INFO: [Physopt 32-662] Processed net reset_deb/cleaned_reset.  Did not re-place instance reset_deb/CLEARED_BTN_reg
INFO: [Physopt 32-702] Processed net reset_deb/cleaned_reset. Optimizations did not improve timing on the net.
INFO: [Physopt 32-619] Estimated Timing Summary | WNS=-2.424 | TNS=-508.768 |
Phase 4 Critical Path Optimization | Checksum: 106f5613b

Time (s): cpu = 00:00:09 ; elapsed = 00:00:06 . Memory (MB): peak = 1574.434 ; gain = 9.055
Netlist sorting complete. Time (s): cpu = 00:00:00 ; elapsed = 00:00:00.001 . Memory (MB): peak = 1574.434 ; gain = 0.000
INFO: [Physopt 32-603] Post Physical Optimization Timing Summary | WNS=-2.424 | TNS=-508.768 |

Summary of Physical Synthesis Optimizations
============================================


-------------------------------------------------------------------------------------------------------------------------------------------------------------
|  Optimization   |  WNS Gain (ns)  |  TNS Gain (ns)  |  Added Cells  |  Removed Cells  |  Optimized Cells/Nets  |  Dont Touch  |  Iterations  |  Elapsed   |
-------------------------------------------------------------------------------------------------------------------------------------------------------------
|  DSP Register   |          0.000  |          0.000  |            0  |              0  |                     0  |           0  |           1  |  00:00:00  |
|  Critical Path  |          0.181  |         13.402  |            4  |              0  |                    28  |           0  |           2  |  00:00:05  |
|  Total          |          0.181  |         13.402  |            4  |              0  |                    28  |           0  |           3  |  00:00:05  |
-------------------------------------------------------------------------------------------------------------------------------------------------------------


Netlist sorting complete. Time (s): cpu = 00:00:00 ; elapsed = 00:00:00 . Memory (MB): peak = 1574.434 ; gain = 0.000
Ending Physical Synthesis Task | Checksum: 170f69990

Time (s): cpu = 00:00:09 ; elapsed = 00:00:06 . Memory (MB): peak = 1574.434 ; gain = 9.055
INFO: [Common 17-83] Releasing license: Implementation
290 Infos, 0 Warnings, 0 Critical Warnings and 0 Errors encountered.
phys_opt_design completed successfully
phys_opt_design: Time (s): cpu = 00:00:09 ; elapsed = 00:00:06 . Memory (MB): peak = 1574.434 ; gain = 25.566
INFO: [Timing 38-480] Writing timing data to binary archive.
Writing placer database...
Writing XDEF routing.
Writing XDEF routing logical nets.
Writing XDEF routing special nets.
Write XDEF Complete: Time (s): cpu = 00:00:00 ; elapsed = 00:00:00.042 . Memory (MB): peak = 1583.312 ; gain = 8.879
INFO: [Common 17-1381] The checkpoint 'C:/Users/eliof/Desktop/Esercizi ASDI/Esercizio_6.1/Esercizio_6.1.runs/impl_1/on_board_physopt.dcp' has been generated.
Command: route_design
Attempting to get a license for feature 'Implementation' and/or device 'xc7a50ti'
INFO: [Common 17-349] Got license for feature 'Implementation' and/or device 'xc7a50ti'
INFO: [DRC 23-27] Running DRC with 2 threads
INFO: [Vivado_Tcl 4-198] DRC finished with 0 Errors
INFO: [Vivado_Tcl 4-199] Please refer to the DRC report (report_drc) for more information.
Running DRC as a precondition to command route_design
INFO: [DRC 23-27] Running DRC with 2 threads
INFO: [Vivado_Tcl 4-198] DRC finished with 0 Errors
INFO: [Vivado_Tcl 4-199] Please refer to the DRC report (report_drc) for more information.


Starting Routing Task
INFO: [Route 35-254] Multithreading enabled for route_design using a maximum of 2 CPUs
Checksum: PlaceDB: 30df35a2 ConstDB: 0 ShapeSum: 5ee2ad3e RouteDB: 0

Phase 1 Build RT Design
Phase 1 Build RT Design | Checksum: a514aed5

Time (s): cpu = 00:00:15 ; elapsed = 00:00:13 . Memory (MB): peak = 1679.703 ; gain = 84.395
Post Restoration Checksum: NetGraph: 4a35a5d8 NumContArr: 5adf08fd Constraints: 0 Timing: 0

Phase 2 Router Initialization

Phase 2.1 Create Timer
Phase 2.1 Create Timer | Checksum: a514aed5

Time (s): cpu = 00:00:15 ; elapsed = 00:00:13 . Memory (MB): peak = 1679.703 ; gain = 84.395

Phase 2.2 Fix Topology Constraints
Phase 2.2 Fix Topology Constraints | Checksum: a514aed5

Time (s): cpu = 00:00:15 ; elapsed = 00:00:13 . Memory (MB): peak = 1685.703 ; gain = 90.395

Phase 2.3 Pre Route Cleanup
Phase 2.3 Pre Route Cleanup | Checksum: a514aed5

Time (s): cpu = 00:00:15 ; elapsed = 00:00:13 . Memory (MB): peak = 1685.703 ; gain = 90.395
 Number of Nodes with overlaps = 0

Phase 2.4 Update Timing
Phase 2.4 Update Timing | Checksum: 1515cb22e

Time (s): cpu = 00:00:15 ; elapsed = 00:00:13 . Memory (MB): peak = 1688.805 ; gain = 93.496
INFO: [Route 35-416] Intermediate Timing Summary | WNS=-2.474 | TNS=-515.216| WHS=-0.146 | THS=-1.775 |

Phase 2 Router Initialization | Checksum: eec070a8

Time (s): cpu = 00:00:15 ; elapsed = 00:00:13 . Memory (MB): peak = 1688.805 ; gain = 93.496

Router Utilization Summary
  Global Vertical Routing Utilization    = 0 %
  Global Horizontal Routing Utilization  = 0 %
  Routable Net Status*
  *Does not include unroutable nets such as driverless and loadless.
  Run report_route_status for detailed report.
  Number of Failed Nets               = 253
    (Failed Nets is the sum of unrouted and partially routed nets)
  Number of Unrouted Nets             = 253
  Number of Partially Routed Nets     = 0
  Number of Node Overlaps             = 0


Phase 3 Initial Routing
Phase 3 Initial Routing | Checksum: aecb5824

Time (s): cpu = 00:00:15 ; elapsed = 00:00:13 . Memory (MB): peak = 1690.504 ; gain = 95.195
INFO: [Route 35-580] Design has 29 pins with tight setup and hold constraints.

The top 5 pins with tight setup and hold constraints:

+--------------------------+--------------------------+----------------------------------------------------------------------------------------------------------+
|       Launch Clock       |      Capture Clock       |                                                 Pin                                                      |
+--------------------------+--------------------------+----------------------------------------------------------------------------------------------------------+
|              sys_clk_pin |              sys_clk_pin |                                                               reset_deb/FSM_sequential_BTN_state_reg[0]/D|
|              sys_clk_pin |              sys_clk_pin |                                                               reset_deb/FSM_sequential_BTN_state_reg[1]/D|
|              sys_clk_pin |              sys_clk_pin |                                                                               start_deb/CLEARED_BTN_reg/D|
|              sys_clk_pin |              sys_clk_pin |                                                                               reset_deb/CLEARED_BTN_reg/D|
|              sys_clk_pin |              sys_clk_pin |                                                                                read_deb/CLEARED_BTN_reg/D|
+--------------------------+--------------------------+----------------------------------------------------------------------------------------------------------+

File with complete list of pins: tight_setup_hold_pins.txt


Phase 4 Rip-up And Reroute

Phase 4.1 Global Iteration 0
 Number of Nodes with overlaps = 64
 Number of Nodes with overlaps = 33
 Number of Nodes with overlaps = 15
 Number of Nodes with overlaps = 11
 Number of Nodes with overlaps = 7
 Number of Nodes with overlaps = 7
 Number of Nodes with overlaps = 6
 Number of Nodes with overlaps = 5
 Number of Nodes with overlaps = 3
 Number of Nodes with overlaps = 0
INFO: [Route 35-416] Intermediate Timing Summary | WNS=-2.829 | TNS=-595.964| WHS=N/A    | THS=N/A    |

Phase 4.1 Global Iteration 0 | Checksum: 17dfecbb7

Time (s): cpu = 00:00:15 ; elapsed = 00:00:14 . Memory (MB): peak = 1690.508 ; gain = 95.199

Phase 4.2 Global Iteration 1
 Number of Nodes with overlaps = 47
 Number of Nodes with overlaps = 37
 Number of Nodes with overlaps = 24
 Number of Nodes with overlaps = 18
 Number of Nodes with overlaps = 6
 Number of Nodes with overlaps = 3
 Number of Nodes with overlaps = 2
 Number of Nodes with overlaps = 2
 Number of Nodes with overlaps = 1
 Number of Nodes with overlaps = 1
 Number of Nodes with overlaps = 1
 Number of Nodes with overlaps = 0
INFO: [Route 35-416] Intermediate Timing Summary | WNS=-3.157 | TNS=-600.239| WHS=N/A    | THS=N/A    |

Phase 4.2 Global Iteration 1 | Checksum: 24c572acc

Time (s): cpu = 00:00:16 ; elapsed = 00:00:15 . Memory (MB): peak = 1690.508 ; gain = 95.199
Phase 4 Rip-up And Reroute | Checksum: 24c572acc

Time (s): cpu = 00:00:16 ; elapsed = 00:00:15 . Memory (MB): peak = 1690.508 ; gain = 95.199

Phase 5 Delay and Skew Optimization

Phase 5.1 Delay CleanUp

Phase 5.1.1 Update Timing
Phase 5.1.1 Update Timing | Checksum: 1fc065ab6

Time (s): cpu = 00:00:16 ; elapsed = 00:00:15 . Memory (MB): peak = 1690.508 ; gain = 95.199
INFO: [Route 35-416] Intermediate Timing Summary | WNS=-2.737 | TNS=-566.206| WHS=N/A    | THS=N/A    |

 Number of Nodes with overlaps = 0
Phase 5.1 Delay CleanUp | Checksum: d0ca7e6e

Time (s): cpu = 00:00:16 ; elapsed = 00:00:15 . Memory (MB): peak = 1690.508 ; gain = 95.199

Phase 5.2 Clock Skew Optimization
Phase 5.2 Clock Skew Optimization | Checksum: d0ca7e6e

Time (s): cpu = 00:00:16 ; elapsed = 00:00:15 . Memory (MB): peak = 1690.508 ; gain = 95.199
Phase 5 Delay and Skew Optimization | Checksum: d0ca7e6e

Time (s): cpu = 00:00:16 ; elapsed = 00:00:15 . Memory (MB): peak = 1690.508 ; gain = 95.199

Phase 6 Post Hold Fix

Phase 6.1 Hold Fix Iter

Phase 6.1.1 Update Timing
Phase 6.1.1 Update Timing | Checksum: 9c35e4c6

Time (s): cpu = 00:00:16 ; elapsed = 00:00:15 . Memory (MB): peak = 1690.512 ; gain = 95.203
INFO: [Route 35-416] Intermediate Timing Summary | WNS=-2.737 | TNS=-548.863| WHS=0.126  | THS=0.000  |

Phase 6.1 Hold Fix Iter | Checksum: 9c35e4c6

Time (s): cpu = 00:00:16 ; elapsed = 00:00:15 . Memory (MB): peak = 1690.512 ; gain = 95.203
Phase 6 Post Hold Fix | Checksum: 9c35e4c6

Time (s): cpu = 00:00:16 ; elapsed = 00:00:15 . Memory (MB): peak = 1690.512 ; gain = 95.203

Phase 7 Route finalize

Router Utilization Summary
  Global Vertical Routing Utilization    = 0.0566053 %
  Global Horizontal Routing Utilization  = 0.0501041 %
  Routable Net Status*
  *Does not include unroutable nets such as driverless and loadless.
  Run report_route_status for detailed report.
  Number of Failed Nets               = 0
    (Failed Nets is the sum of unrouted and partially routed nets)
  Number of Unrouted Nets             = 0
  Number of Partially Routed Nets     = 0
  Number of Node Overlaps             = 0

Congestion Report
North Dir 1x1 Area, Max Cong = 32.4324%, No Congested Regions.
South Dir 1x1 Area, Max Cong = 21.6216%, No Congested Regions.
East Dir 1x1 Area, Max Cong = 23.5294%, No Congested Regions.
West Dir 1x1 Area, Max Cong = 23.5294%, No Congested Regions.

------------------------------
Reporting congestion hotspots
------------------------------
Direction: North
----------------
Congested clusters found at Level 0
Effective congestion level: 0 Aspect Ratio: 1 Sparse Ratio: 0
Direction: South
----------------
Congested clusters found at Level 0
Effective congestion level: 0 Aspect Ratio: 1 Sparse Ratio: 0
Direction: East
----------------
Congested clusters found at Level 0
Effective congestion level: 0 Aspect Ratio: 1 Sparse Ratio: 0
Direction: West
----------------
Congested clusters found at Level 0
Effective congestion level: 0 Aspect Ratio: 1 Sparse Ratio: 0

Phase 7 Route finalize | Checksum: 1169422f3

Time (s): cpu = 00:00:16 ; elapsed = 00:00:15 . Memory (MB): peak = 1690.512 ; gain = 95.203

Phase 8 Verifying routed nets

 Verification completed successfully
Phase 8 Verifying routed nets | Checksum: 1169422f3

Time (s): cpu = 00:00:16 ; elapsed = 00:00:15 . Memory (MB): peak = 1692.547 ; gain = 97.238

Phase 9 Depositing Routes
Phase 9 Depositing Routes | Checksum: 1515734ef

Time (s): cpu = 00:00:16 ; elapsed = 00:00:15 . Memory (MB): peak = 1692.547 ; gain = 97.238

Phase 10 Post Router Timing
INFO: [Route 35-57] Estimated Timing Summary | WNS=-2.737 | TNS=-548.863| WHS=0.126  | THS=0.000  |

WARNING: [Route 35-328] Router estimated timing not met.
Resolution: For a complete and accurate timing signoff, report_timing_summary must be run after route_design. Alternatively, route_design can be run with the -timing_summary option to enable a complete timing signoff at the end of route_design.
Phase 10 Post Router Timing | Checksum: 1515734ef

Time (s): cpu = 00:00:16 ; elapsed = 00:00:15 . Memory (MB): peak = 1692.547 ; gain = 97.238
INFO: [Route 35-16] Router Completed Successfully

Time (s): cpu = 00:00:16 ; elapsed = 00:00:15 . Memory (MB): peak = 1692.547 ; gain = 97.238

Routing Is Done.
INFO: [Common 17-83] Releasing license: Implementation
309 Infos, 1 Warnings, 0 Critical Warnings and 0 Errors encountered.
route_design completed successfully
route_design: Time (s): cpu = 00:00:17 ; elapsed = 00:00:15 . Memory (MB): peak = 1692.547 ; gain = 109.234
INFO: [Timing 38-480] Writing timing data to binary archive.
Writing placer database...
Writing XDEF routing.
Writing XDEF routing logical nets.
Writing XDEF routing special nets.
Write XDEF Complete: Time (s): cpu = 00:00:00 ; elapsed = 00:00:00.046 . Memory (MB): peak = 1702.441 ; gain = 9.895
INFO: [Common 17-1381] The checkpoint 'C:/Users/eliof/Desktop/Esercizi ASDI/Esercizio_6.1/Esercizio_6.1.runs/impl_1/on_board_routed.dcp' has been generated.
INFO: [runtcl-4] Executing : report_drc -file on_board_drc_routed.rpt -pb on_board_drc_routed.pb -rpx on_board_drc_routed.rpx
Command: report_drc -file on_board_drc_routed.rpt -pb on_board_drc_routed.pb -rpx on_board_drc_routed.rpx
INFO: [IP_Flow 19-1839] IP Catalog is up to date.
INFO: [DRC 23-27] Running DRC with 2 threads
INFO: [Coretcl 2-168] The results of DRC are in file C:/Users/eliof/Desktop/Esercizi ASDI/Esercizio_6.1/Esercizio_6.1.runs/impl_1/on_board_drc_routed.rpt.
report_drc completed successfully
INFO: [runtcl-4] Executing : report_methodology -file on_board_methodology_drc_routed.rpt -pb on_board_methodology_drc_routed.pb -rpx on_board_methodology_drc_routed.rpx
Command: report_methodology -file on_board_methodology_drc_routed.rpt -pb on_board_methodology_drc_routed.pb -rpx on_board_methodology_drc_routed.rpx
INFO: [Timing 38-35] Done setting XDC timing constraints.
INFO: [DRC 23-133] Running Methodology with 2 threads
INFO: [Coretcl 2-1520] The results of Report Methodology are in file C:/Users/eliof/Desktop/Esercizi ASDI/Esercizio_6.1/Esercizio_6.1.runs/impl_1/on_board_methodology_drc_routed.rpt.
report_methodology completed successfully
INFO: [runtcl-4] Executing : report_power -file on_board_power_routed.rpt -pb on_board_power_summary_routed.pb -rpx on_board_power_routed.rpx
Command: report_power -file on_board_power_routed.rpt -pb on_board_power_summary_routed.pb -rpx on_board_power_routed.rpx
INFO: [Timing 38-35] Done setting XDC timing constraints.
Running Vector-less Activity Propagation...

Finished Running Vector-less Activity Propagation
321 Infos, 1 Warnings, 0 Critical Warnings and 0 Errors encountered.
report_power completed successfully
INFO: [runtcl-4] Executing : report_route_status -file on_board_route_status.rpt -pb on_board_route_status.pb
INFO: [runtcl-4] Executing : report_timing_summary -max_paths 10 -file on_board_timing_summary_routed.rpt -pb on_board_timing_summary_routed.pb -rpx on_board_timing_summary_routed.rpx -warn_on_violation 
INFO: [Timing 38-91] UpdateTimingParams: Speed grade: -1L, Delay Type: min_max.
INFO: [Timing 38-191] Multithreading enabled for timing update using a maximum of 2 CPUs
CRITICAL WARNING: [Timing 38-282] The design failed to meet the timing requirements. Please see the timing summary report for details on the timing violations.
INFO: [runtcl-4] Executing : report_incremental_reuse -file on_board_incremental_reuse_routed.rpt
INFO: [Vivado_Tcl 4-1062] Incremental flow is disabled. No incremental reuse Info to report.
INFO: [runtcl-4] Executing : report_clock_utilization -file on_board_clock_utilization_routed.rpt
INFO: [runtcl-4] Executing : report_bus_skew -warn_on_violation -file on_board_bus_skew_routed.rpt -pb on_board_bus_skew_routed.pb -rpx on_board_bus_skew_routed.rpx
INFO: [Timing 38-91] UpdateTimingParams: Speed grade: -1L, Delay Type: min_max.
INFO: [Timing 38-191] Multithreading enabled for timing update using a maximum of 2 CPUs
INFO: [Common 17-206] Exiting Vivado at Sat Feb  7 20:57:19 2026...
