#-----------------------------------------------------------
# Vivado v2020.1 (64-bit)
# SW Build 2902540 on Wed May 27 19:54:49 MDT 2020
# IP Build 2902112 on Wed May 27 22:43:36 MDT 2020
# Start of session at: Sat Dec  6 17:48:33 2025
# Process ID: 4360
# Current directory: C:/Users/eliof/Desktop/Esercizi ASDI/Esercizio5.2
# Command line: vivado.exe -gui_launcher_event rodinguilauncherevent21444 C:\Users\eliof\Desktop\Esercizi ASDI\Esercizio5.2\Esercizio5.2.xpr
# Log file: C:/Users/eliof/Desktop/Esercizi ASDI/Esercizio5.2/vivado.log
# Journal file: C:/Users/eliof/Desktop/Esercizi ASDI/Esercizio5.2\vivado.jou
#-----------------------------------------------------------
start_gui
open_project {C:/Users/eliof/Desktop/Esercizi ASDI/Esercizio5.2/Esercizio5.2.xpr}
Scanning sources...
Finished scanning sources
INFO: [IP_Flow 19-234] Refreshing IP repositories
INFO: [IP_Flow 19-1704] No user IP repositories specified
INFO: [IP_Flow 19-2313] Loaded Vivado IP repository 'C:/Xilinx/Vivado/2020.1/data/ip'.
update_compile_order -fileset sources_1
reset_run synth_1
launch_runs impl_1 -to_step write_bitstream -jobs 8
[Sat Dec  6 17:56:16 2025] Launched synth_1...
Run output will be captured here: C:/Users/eliof/Desktop/Esercizi ASDI/Esercizio5.2/Esercizio5.2.runs/synth_1/runme.log
[Sat Dec  6 17:56:16 2025] Launched impl_1...
Run output will be captured here: C:/Users/eliof/Desktop/Esercizi ASDI/Esercizio5.2/Esercizio5.2.runs/impl_1/runme.log
exit
INFO: [Common 17-206] Exiting Vivado at Sat Dec  6 17:58:00 2025...
