#-----------------------------------------------------------
# Vivado v2020.1 (64-bit)
# SW Build 2902540 on Wed May 27 19:54:49 MDT 2020
# IP Build 2902112 on Wed May 27 22:43:36 MDT 2020
# Start of session at: Tue Dec  9 19:15:47 2025
# Process ID: 18816
# Current directory: C:/Users/eliof/Desktop/Esercizi ASDI/Esercizio5.2
# Command line: vivado.exe -gui_launcher_event rodinguilauncherevent19688 C:\Users\eliof\Desktop\Esercizi ASDI\Esercizio5.2\Esercizio5.2.xpr
# Log file: C:/Users/eliof/Desktop/Esercizi ASDI/Esercizio5.2/vivado.log
# Journal file: C:/Users/eliof/Desktop/Esercizi ASDI/Esercizio5.2\vivado.jou
#-----------------------------------------------------------
start_gui
open_project {C:/Users/eliof/Desktop/Esercizi ASDI/Esercizio5.2/Esercizio5.2.xpr}
Scanning sources...
Finished scanning sources
INFO: [IP_Flow 19-234] Refreshing IP repositories
INFO: [IP_Flow 19-1704] No user IP repositories specified
INFO: [IP_Flow 19-2313] Loaded Vivado IP repository 'C:/Xilinx/Vivado/2020.1/data/ip'.
open_project: Time (s): cpu = 00:00:14 ; elapsed = 00:00:08 . Memory (MB): peak = 1015.410 ; gain = 0.000
update_compile_order -fileset sources_1
synth_design -rtl -name rtl_1
Command: synth_design -rtl -name rtl_1
Starting synth_design
Using part: xc7a50ticsg324-1L
Top: on_board2
INFO: [Device 21-403] Loading part xc7a50ticsg324-1L
---------------------------------------------------------------------------------
Starting RTL Elaboration : Time (s): cpu = 00:00:03 ; elapsed = 00:00:04 . Memory (MB): peak = 1364.500 ; gain = 240.070
---------------------------------------------------------------------------------
WARNING: [Synth 8-2551] possible infinite loop; process does not have a wait statement [C:/Users/eliof/Desktop/Esercizi ASDI/Esercizio5.2/Esercizio5.2.srcs/sources_1/imports/Desktop/11_INPUT_UNIT_DISPLAY/11_INPUT_UNIT_DISPLAY.srcs/sources_1/imports/sources_1/imports/Display7Seg - Vivado/cathodes_manager.vhd:68]
INFO: [Synth 8-638] synthesizing module 'on_board2' [C:/Users/eliof/Desktop/Esercizi ASDI/Esercizio5.2/Esercizio5.2.srcs/sources_1/new/on_board2.vhd:40]
INFO: [Synth 8-638] synthesizing module 'ButtonDebouncer' [C:/Users/eliof/Desktop/Esercizi ASDI/Esercizio5.2/Esercizio5.2.srcs/sources_1/imports/Desktop/ButtonDebouncer.vhd:46]
	Parameter CLK_period bound to: 10 - type: integer 
	Parameter btn_noise_time bound to: 10000000 - type: integer 
INFO: [Synth 8-226] default block is never used [C:/Users/eliof/Desktop/Esercizi ASDI/Esercizio5.2/Esercizio5.2.srcs/sources_1/imports/Desktop/ButtonDebouncer.vhd:79]
INFO: [Synth 8-256] done synthesizing module 'ButtonDebouncer' (1#1) [C:/Users/eliof/Desktop/Esercizi ASDI/Esercizio5.2/Esercizio5.2.srcs/sources_1/imports/Desktop/ButtonDebouncer.vhd:46]
INFO: [Synth 8-638] synthesizing module 'clock_divider' [C:/Users/eliof/Desktop/Esercizi ASDI/Esercizio5.2/Esercizio5.2.srcs/sources_1/imports/Desktop/11_INPUT_UNIT_DISPLAY/11_INPUT_UNIT_DISPLAY.srcs/sources_1/imports/sources_1/imports/Display7Seg - Vivado/clock_divider.vhd:22]
	Parameter clock_frequency_in bound to: 100000000 - type: integer 
	Parameter clock_frequency_out bound to: 1 - type: integer 
INFO: [Synth 8-256] done synthesizing module 'clock_divider' (2#1) [C:/Users/eliof/Desktop/Esercizi ASDI/Esercizio5.2/Esercizio5.2.srcs/sources_1/imports/Desktop/11_INPUT_UNIT_DISPLAY/11_INPUT_UNIT_DISPLAY.srcs/sources_1/imports/sources_1/imports/Display7Seg - Vivado/clock_divider.vhd:22]
INFO: [Synth 8-638] synthesizing module 'cronometro' [C:/Users/eliof/Desktop/Esercizi ASDI/Esercizio5.2/Esercizio5.2.srcs/sources_1/imports/Desktop/Esercizi ASDI/Esercizio 5.1/Esercizio 5.1.srcs/sources_1/new/cronometro.vhd:47]
INFO: [Synth 8-3491] module 'counter_mod_60' declared at 'C:/Users/eliof/Desktop/Esercizi ASDI/Esercizio5.2/Esercizio5.2.srcs/sources_1/imports/Desktop/Esercizi ASDI/Esercizio 5.1/Esercizio 5.1.srcs/sources_1/new/counter_mod_60.vhd:5' bound to instance 'seconds_counter' of component 'counter_mod_60' [C:/Users/eliof/Desktop/Esercizi ASDI/Esercizio5.2/Esercizio5.2.srcs/sources_1/imports/Desktop/Esercizi ASDI/Esercizio 5.1/Esercizio 5.1.srcs/sources_1/new/cronometro.vhd:62]
INFO: [Synth 8-638] synthesizing module 'counter_mod_60' [C:/Users/eliof/Desktop/Esercizi ASDI/Esercizio5.2/Esercizio5.2.srcs/sources_1/imports/Desktop/Esercizi ASDI/Esercizio 5.1/Esercizio 5.1.srcs/sources_1/new/counter_mod_60.vhd:20]
	Parameter max bound to: 60 - type: integer 
	Parameter depth bound to: 5 - type: integer 
INFO: [Synth 8-256] done synthesizing module 'counter_mod_60' (3#1) [C:/Users/eliof/Desktop/Esercizi ASDI/Esercizio5.2/Esercizio5.2.srcs/sources_1/imports/Desktop/Esercizi ASDI/Esercizio 5.1/Esercizio 5.1.srcs/sources_1/new/counter_mod_60.vhd:20]
INFO: [Synth 8-3491] module 'counter_mod_60' declared at 'C:/Users/eliof/Desktop/Esercizi ASDI/Esercizio5.2/Esercizio5.2.srcs/sources_1/imports/Desktop/Esercizi ASDI/Esercizio 5.1/Esercizio 5.1.srcs/sources_1/new/counter_mod_60.vhd:5' bound to instance 'minutes_counter' of component 'counter_mod_60' [C:/Users/eliof/Desktop/Esercizi ASDI/Esercizio5.2/Esercizio5.2.srcs/sources_1/imports/Desktop/Esercizi ASDI/Esercizio 5.1/Esercizio 5.1.srcs/sources_1/new/cronometro.vhd:72]
INFO: [Synth 8-638] synthesizing module 'counter_mod_60__parameterized1' [C:/Users/eliof/Desktop/Esercizi ASDI/Esercizio5.2/Esercizio5.2.srcs/sources_1/imports/Desktop/Esercizi ASDI/Esercizio 5.1/Esercizio 5.1.srcs/sources_1/new/counter_mod_60.vhd:20]
	Parameter max bound to: 24 - type: integer 
	Parameter depth bound to: 4 - type: integer 
INFO: [Synth 8-256] done synthesizing module 'counter_mod_60__parameterized1' (3#1) [C:/Users/eliof/Desktop/Esercizi ASDI/Esercizio5.2/Esercizio5.2.srcs/sources_1/imports/Desktop/Esercizi ASDI/Esercizio 5.1/Esercizio 5.1.srcs/sources_1/new/counter_mod_60.vhd:20]
INFO: [Synth 8-256] done synthesizing module 'cronometro' (4#1) [C:/Users/eliof/Desktop/Esercizi ASDI/Esercizio5.2/Esercizio5.2.srcs/sources_1/imports/Desktop/Esercizi ASDI/Esercizio 5.1/Esercizio 5.1.srcs/sources_1/new/cronometro.vhd:47]
INFO: [Synth 8-638] synthesizing module 'memory' [C:/Users/eliof/Desktop/Esercizi ASDI/Esercizio5.2/Esercizio5.2.srcs/sources_1/new/memory.vhd:47]
	Parameter n bound to: 8 - type: integer 
	Parameter depth bound to: 3 - type: integer 
INFO: [Synth 8-256] done synthesizing module 'memory' (5#1) [C:/Users/eliof/Desktop/Esercizi ASDI/Esercizio5.2/Esercizio5.2.srcs/sources_1/new/memory.vhd:47]
INFO: [Synth 8-638] synthesizing module 'display_seven_segments' [C:/Users/eliof/Desktop/Esercizi ASDI/Esercizio5.2/Esercizio5.2.srcs/sources_1/imports/Desktop/11_INPUT_UNIT_DISPLAY/11_INPUT_UNIT_DISPLAY.srcs/sources_1/imports/sources_1/imports/Display7Seg - Vivado/display_seven_segments.vhd:46]
	Parameter clock_frequency_in bound to: 100000000 - type: integer 
	Parameter clock_frequency_out bound to: 500 - type: integer 
	Parameter clock_frequency_in bound to: 100000000 - type: integer 
	Parameter clock_frequency_out bound to: 500 - type: integer 
INFO: [Synth 8-3491] module 'clock_divider' declared at 'C:/Users/eliof/Desktop/Esercizi ASDI/Esercizio5.2/Esercizio5.2.srcs/sources_1/imports/Desktop/11_INPUT_UNIT_DISPLAY/11_INPUT_UNIT_DISPLAY.srcs/sources_1/imports/sources_1/imports/Display7Seg - Vivado/clock_divider.vhd:12' bound to instance 'clk_divider_instance' of component 'clock_divider' [C:/Users/eliof/Desktop/Esercizi ASDI/Esercizio5.2/Esercizio5.2.srcs/sources_1/imports/Desktop/11_INPUT_UNIT_DISPLAY/11_INPUT_UNIT_DISPLAY.srcs/sources_1/imports/sources_1/imports/Display7Seg - Vivado/display_seven_segments.vhd:107]
INFO: [Synth 8-638] synthesizing module 'clock_divider__parameterized1' [C:/Users/eliof/Desktop/Esercizi ASDI/Esercizio5.2/Esercizio5.2.srcs/sources_1/imports/Desktop/11_INPUT_UNIT_DISPLAY/11_INPUT_UNIT_DISPLAY.srcs/sources_1/imports/sources_1/imports/Display7Seg - Vivado/clock_divider.vhd:22]
	Parameter clock_frequency_in bound to: 100000000 - type: integer 
	Parameter clock_frequency_out bound to: 500 - type: integer 
INFO: [Synth 8-256] done synthesizing module 'clock_divider__parameterized1' (5#1) [C:/Users/eliof/Desktop/Esercizi ASDI/Esercizio5.2/Esercizio5.2.srcs/sources_1/imports/Desktop/11_INPUT_UNIT_DISPLAY/11_INPUT_UNIT_DISPLAY.srcs/sources_1/imports/sources_1/imports/Display7Seg - Vivado/clock_divider.vhd:22]
INFO: [Synth 8-3491] module 'counter_mod8' declared at 'C:/Users/eliof/Desktop/Esercizi ASDI/Esercizio5.2/Esercizio5.2.srcs/sources_1/imports/Desktop/11_INPUT_UNIT_DISPLAY/11_INPUT_UNIT_DISPLAY.srcs/sources_1/imports/sources_1/new/counter_mod8.vhd:32' bound to instance 'counter_instance' of component 'counter_mod8' [C:/Users/eliof/Desktop/Esercizi ASDI/Esercizio5.2/Esercizio5.2.srcs/sources_1/imports/Desktop/11_INPUT_UNIT_DISPLAY/11_INPUT_UNIT_DISPLAY.srcs/sources_1/imports/sources_1/imports/Display7Seg - Vivado/display_seven_segments.vhd:117]
INFO: [Synth 8-638] synthesizing module 'counter_mod8' [C:/Users/eliof/Desktop/Esercizi ASDI/Esercizio5.2/Esercizio5.2.srcs/sources_1/imports/Desktop/11_INPUT_UNIT_DISPLAY/11_INPUT_UNIT_DISPLAY.srcs/sources_1/imports/sources_1/new/counter_mod8.vhd:39]
INFO: [Synth 8-256] done synthesizing module 'counter_mod8' (6#1) [C:/Users/eliof/Desktop/Esercizi ASDI/Esercizio5.2/Esercizio5.2.srcs/sources_1/imports/Desktop/11_INPUT_UNIT_DISPLAY/11_INPUT_UNIT_DISPLAY.srcs/sources_1/imports/sources_1/new/counter_mod8.vhd:39]
INFO: [Synth 8-3491] module 'cathodes_input_manager' declared at 'C:/Users/eliof/Desktop/Esercizi ASDI/Esercizio5.2/Esercizio5.2.srcs/sources_1/imports/Desktop/11_INPUT_UNIT_DISPLAY/11_INPUT_UNIT_DISPLAY.srcs/sources_1/imports/sources_1/new/cathodes_input_manager.vhd:11' bound to instance 'cathodes_input_man_instance' of component 'cathodes_input_manager' [C:/Users/eliof/Desktop/Esercizi ASDI/Esercizio5.2/Esercizio5.2.srcs/sources_1/imports/Desktop/11_INPUT_UNIT_DISPLAY/11_INPUT_UNIT_DISPLAY.srcs/sources_1/imports/sources_1/imports/Display7Seg - Vivado/display_seven_segments.vhd:124]
INFO: [Synth 8-638] synthesizing module 'cathodes_input_manager' [C:/Users/eliof/Desktop/Esercizi ASDI/Esercizio5.2/Esercizio5.2.srcs/sources_1/imports/Desktop/11_INPUT_UNIT_DISPLAY/11_INPUT_UNIT_DISPLAY.srcs/sources_1/imports/sources_1/new/cathodes_input_manager.vhd:21]
INFO: [Synth 8-226] default block is never used [C:/Users/eliof/Desktop/Esercizi ASDI/Esercizio5.2/Esercizio5.2.srcs/sources_1/imports/Desktop/11_INPUT_UNIT_DISPLAY/11_INPUT_UNIT_DISPLAY.srcs/sources_1/imports/sources_1/new/cathodes_input_manager.vhd:26]
INFO: [Synth 8-226] default block is never used [C:/Users/eliof/Desktop/Esercizi ASDI/Esercizio5.2/Esercizio5.2.srcs/sources_1/imports/Desktop/11_INPUT_UNIT_DISPLAY/11_INPUT_UNIT_DISPLAY.srcs/sources_1/imports/sources_1/new/cathodes_input_manager.vhd:37]
INFO: [Synth 8-256] done synthesizing module 'cathodes_input_manager' (7#1) [C:/Users/eliof/Desktop/Esercizi ASDI/Esercizio5.2/Esercizio5.2.srcs/sources_1/imports/Desktop/11_INPUT_UNIT_DISPLAY/11_INPUT_UNIT_DISPLAY.srcs/sources_1/imports/sources_1/new/cathodes_input_manager.vhd:21]
INFO: [Synth 8-3491] module 'cathodes_manager' declared at 'C:/Users/eliof/Desktop/Esercizi ASDI/Esercizio5.2/Esercizio5.2.srcs/sources_1/imports/Desktop/11_INPUT_UNIT_DISPLAY/11_INPUT_UNIT_DISPLAY.srcs/sources_1/imports/sources_1/imports/Display7Seg - Vivado/cathodes_manager.vhd:32' bound to instance 'cathodes_instance' of component 'cathodes_manager' [C:/Users/eliof/Desktop/Esercizi ASDI/Esercizio5.2/Esercizio5.2.srcs/sources_1/imports/Desktop/11_INPUT_UNIT_DISPLAY/11_INPUT_UNIT_DISPLAY.srcs/sources_1/imports/sources_1/imports/Display7Seg - Vivado/display_seven_segments.vhd:133]
INFO: [Synth 8-638] synthesizing module 'cathodes_manager' [C:/Users/eliof/Desktop/Esercizi ASDI/Esercizio5.2/Esercizio5.2.srcs/sources_1/imports/Desktop/11_INPUT_UNIT_DISPLAY/11_INPUT_UNIT_DISPLAY.srcs/sources_1/imports/sources_1/imports/Display7Seg - Vivado/cathodes_manager.vhd:38]
INFO: [Synth 8-226] default block is never used [C:/Users/eliof/Desktop/Esercizi ASDI/Esercizio5.2/Esercizio5.2.srcs/sources_1/imports/Desktop/11_INPUT_UNIT_DISPLAY/11_INPUT_UNIT_DISPLAY.srcs/sources_1/imports/sources_1/imports/Display7Seg - Vivado/cathodes_manager.vhd:70]
INFO: [Synth 8-256] done synthesizing module 'cathodes_manager' (8#1) [C:/Users/eliof/Desktop/Esercizi ASDI/Esercizio5.2/Esercizio5.2.srcs/sources_1/imports/Desktop/11_INPUT_UNIT_DISPLAY/11_INPUT_UNIT_DISPLAY.srcs/sources_1/imports/sources_1/imports/Display7Seg - Vivado/cathodes_manager.vhd:38]
INFO: [Synth 8-3491] module 'anodes_manager' declared at 'C:/Users/eliof/Desktop/Esercizi ASDI/Esercizio5.2/Esercizio5.2.srcs/sources_1/imports/Desktop/11_INPUT_UNIT_DISPLAY/11_INPUT_UNIT_DISPLAY.srcs/sources_1/imports/sources_1/imports/Display7Seg - Vivado/anodes_manager.vhd:32' bound to instance 'anodes_instance' of component 'anodes_manager' [C:/Users/eliof/Desktop/Esercizi ASDI/Esercizio5.2/Esercizio5.2.srcs/sources_1/imports/Desktop/11_INPUT_UNIT_DISPLAY/11_INPUT_UNIT_DISPLAY.srcs/sources_1/imports/sources_1/imports/Display7Seg - Vivado/display_seven_segments.vhd:139]
INFO: [Synth 8-638] synthesizing module 'anodes_manager' [C:/Users/eliof/Desktop/Esercizi ASDI/Esercizio5.2/Esercizio5.2.srcs/sources_1/imports/Desktop/11_INPUT_UNIT_DISPLAY/11_INPUT_UNIT_DISPLAY.srcs/sources_1/imports/sources_1/imports/Display7Seg - Vivado/anodes_manager.vhd:39]
INFO: [Synth 8-226] default block is never used [C:/Users/eliof/Desktop/Esercizi ASDI/Esercizio5.2/Esercizio5.2.srcs/sources_1/imports/Desktop/11_INPUT_UNIT_DISPLAY/11_INPUT_UNIT_DISPLAY.srcs/sources_1/imports/sources_1/imports/Display7Seg - Vivado/anodes_manager.vhd:50]
INFO: [Synth 8-256] done synthesizing module 'anodes_manager' (9#1) [C:/Users/eliof/Desktop/Esercizi ASDI/Esercizio5.2/Esercizio5.2.srcs/sources_1/imports/Desktop/11_INPUT_UNIT_DISPLAY/11_INPUT_UNIT_DISPLAY.srcs/sources_1/imports/sources_1/imports/Display7Seg - Vivado/anodes_manager.vhd:39]
INFO: [Synth 8-256] done synthesizing module 'display_seven_segments' (10#1) [C:/Users/eliof/Desktop/Esercizi ASDI/Esercizio5.2/Esercizio5.2.srcs/sources_1/imports/Desktop/11_INPUT_UNIT_DISPLAY/11_INPUT_UNIT_DISPLAY.srcs/sources_1/imports/sources_1/imports/Display7Seg - Vivado/display_seven_segments.vhd:46]
INFO: [Synth 8-256] done synthesizing module 'on_board2' (11#1) [C:/Users/eliof/Desktop/Esercizi ASDI/Esercizio5.2/Esercizio5.2.srcs/sources_1/new/on_board2.vhd:40]
---------------------------------------------------------------------------------
Finished RTL Elaboration : Time (s): cpu = 00:00:04 ; elapsed = 00:00:05 . Memory (MB): peak = 1418.453 ; gain = 294.023
---------------------------------------------------------------------------------
---------------------------------------------------------------------------------
Start Handling Custom Attributes
---------------------------------------------------------------------------------
---------------------------------------------------------------------------------
Finished Handling Custom Attributes : Time (s): cpu = 00:00:04 ; elapsed = 00:00:05 . Memory (MB): peak = 1418.453 ; gain = 294.023
---------------------------------------------------------------------------------
---------------------------------------------------------------------------------
Finished RTL Optimization Phase 1 : Time (s): cpu = 00:00:04 ; elapsed = 00:00:05 . Memory (MB): peak = 1418.453 ; gain = 294.023
---------------------------------------------------------------------------------
Netlist sorting complete. Time (s): cpu = 00:00:00 ; elapsed = 00:00:00.008 . Memory (MB): peak = 1418.453 ; gain = 0.000
INFO: [Project 1-570] Preparing netlist for logic optimization

Processing XDC Constraints
Initializing timing engine
Parsing XDC File [C:/Users/eliof/Desktop/Esercizi ASDI/Esercizio5.2/Esercizio5.2.srcs/constrs_1/imports/Desktop/Nexys-A7-50T-Master.xdc]
Finished Parsing XDC File [C:/Users/eliof/Desktop/Esercizi ASDI/Esercizio5.2/Esercizio5.2.srcs/constrs_1/imports/Desktop/Nexys-A7-50T-Master.xdc]
Completed Processing XDC Constraints

INFO: [Opt 31-138] Pushed 0 inverter(s) to 0 load pin(s).
Netlist sorting complete. Time (s): cpu = 00:00:00 ; elapsed = 00:00:00 . Memory (MB): peak = 1549.254 ; gain = 0.000
INFO: [Project 1-111] Unisim Transformation Summary:
No Unisim elements were transformed.

RTL Elaboration Complete:  : Time (s): cpu = 00:00:14 ; elapsed = 00:00:09 . Memory (MB): peak = 1564.551 ; gain = 440.121
42 Infos, 1 Warnings, 0 Critical Warnings and 0 Errors encountered.
synth_design completed successfully
synth_design: Time (s): cpu = 00:00:19 ; elapsed = 00:00:24 . Memory (MB): peak = 1564.551 ; gain = 549.141
exit
INFO: [Common 17-206] Exiting Vivado at Tue Dec  9 19:19:21 2025...
