Vivado Simulator 2020.1
Copyright 1986-1999, 2001-2020 Xilinx, Inc. All Rights Reserved.
Running: C:/Xilinx/Vivado/2020.1/bin/unwrapped/win64.o/xelab.exe -wto c89119277bc94b00801b0a1726d5bb17 --incr --debug typical --relax --mt 2 -L xil_defaultlib -L secureip --snapshot tb_comb_net_behav xil_defaultlib.tb_comb_net -log elaborate.log 
Using 2 slave threads.
Starting static elaboration
Completed static elaboration
Starting simulation data flow analysis
Completed simulation data flow analysis
Time Resolution for simulation is 1ps
Compiling package std.standard
Compiling package std.textio
Compiling package ieee.std_logic_1164
Compiling package ieee.numeric_std
Compiling architecture dataflow of entity xil_defaultlib.MUX8_1 [mux8_1_default]
Compiling architecture behavioral of entity xil_defaultlib.MUX2_1 [mux2_1_default]
Compiling architecture structural of entity xil_defaultlib.MUX32_1 [mux32_1_default]
Compiling architecture dataflow of entity xil_defaultlib.demux1_8 [demux1_8_default]
Compiling architecture structural of entity xil_defaultlib.comb_net [comb_net_default]
Compiling architecture behavior of entity xil_defaultlib.tb_comb_net
Built simulation snapshot tb_comb_net_behav
