#-----------------------------------------------------------
# Vivado v2020.1 (64-bit)
# SW Build 2902540 on Wed May 27 19:54:49 MDT 2020
# IP Build 2902112 on Wed May 27 22:43:36 MDT 2020
# Start of session at: Tue Oct 21 08:40:13 2025
# Process ID: 5108
# Current directory: C:/Users/eliof/Desktop/Esercizi ASDI/Esercizio2.1
# Command line: vivado.exe -gui_launcher_event rodinguilauncherevent12860 C:\Users\eliof\Desktop\Esercizi ASDI\Esercizio2.1\Esercizio2.1.xpr
# Log file: C:/Users/eliof/Desktop/Esercizi ASDI/Esercizio2.1/vivado.log
# Journal file: C:/Users/eliof/Desktop/Esercizi ASDI/Esercizio2.1\vivado.jou
#-----------------------------------------------------------
start_gui
open_project {C:/Users/eliof/Desktop/Esercizi ASDI/Esercizio2.1/Esercizio2.1.xpr}
Scanning sources...
Finished scanning sources
INFO: [IP_Flow 19-234] Refreshing IP repositories
INFO: [IP_Flow 19-1704] No user IP repositories specified
INFO: [IP_Flow 19-2313] Loaded Vivado IP repository 'C:/Xilinx/Vivado/2020.1/data/ip'.
update_compile_order -fileset sources_1
launch_simulation
Command: launch_simulation 
INFO: [Vivado 12-5682] Launching behavioral simulation in 'C:/Users/eliof/Desktop/Esercizi ASDI/Esercizio2.1/Esercizio2.1.sim/sim_1/behav/xsim'
INFO: [SIM-utils-51] Simulation object is 'sim_1'
INFO: [SIM-utils-54] Inspecting design source files for 'tb_comb_net' in fileset 'sim_1'...
INFO: [USF-XSim-97] Finding global include files...
INFO: [USF-XSim-98] Fetching design files from 'sim_1'...
INFO: [USF-XSim-2] XSim::Compile design
INFO: [USF-XSim-61] Executing 'COMPILE and ANALYZE' step in 'C:/Users/eliof/Desktop/Esercizi ASDI/Esercizio2.1/Esercizio2.1.sim/sim_1/behav/xsim'
"xvhdl --incr --relax -prj tb_comb_net_vhdl.prj"
INFO: [VRFC 10-163] Analyzing VHDL file "C:/Users/eliof/Desktop/Esercizi ASDI/Esercizio2.1/Esercizio2.1.srcs/sources_1/new/comb_net.vhd" into library xil_defaultlib
INFO: [VRFC 10-3107] analyzing entity 'comb_net'
INFO: [VRFC 10-163] Analyzing VHDL file "C:/Users/eliof/Desktop/Esercizi ASDI/Esercizio2.1/Esercizio2.1.srcs/sources_1/new/machine.vhd" into library xil_defaultlib
INFO: [VRFC 10-3107] analyzing entity 'machine'
INFO: [VRFC 10-163] Analyzing VHDL file "C:/Users/eliof/Desktop/Esercizi ASDI/Esercizio2.1/Esercizio2.1.srcs/sources_1/new/rom.vhd" into library xil_defaultlib
INFO: [VRFC 10-3107] analyzing entity 'rom'
INFO: [VRFC 10-163] Analyzing VHDL file "C:/Users/eliof/Desktop/Esercizi ASDI/Esercizio2.1/Esercizio2.1.srcs/sim_1/new/test_bench.vhd" into library xil_defaultlib
INFO: [VRFC 10-3107] analyzing entity 'tb_comb_net'
INFO: [USF-XSim-69] 'compile' step finished in '3' seconds
INFO: [USF-XSim-3] XSim::Elaborate design
INFO: [USF-XSim-61] Executing 'ELABORATE' step in 'C:/Users/eliof/Desktop/Esercizi ASDI/Esercizio2.1/Esercizio2.1.sim/sim_1/behav/xsim'
"xelab -wto cc55402b5e9f438e91cc156062601b9f --incr --debug typical --relax --mt 2 -L xil_defaultlib -L secureip --snapshot tb_comb_net_behav xil_defaultlib.tb_comb_net -log elaborate.log"
Vivado Simulator 2020.1
Copyright 1986-1999, 2001-2020 Xilinx, Inc. All Rights Reserved.
Running: C:/Xilinx/Vivado/2020.1/bin/unwrapped/win64.o/xelab.exe -wto cc55402b5e9f438e91cc156062601b9f --incr --debug typical --relax --mt 2 -L xil_defaultlib -L secureip --snapshot tb_comb_net_behav xil_defaultlib.tb_comb_net -log elaborate.log 
Using 2 slave threads.
Starting static elaboration
ERROR: [VRFC 10-664] expression has 4 elements ; expected 8 [C:/Users/eliof/Desktop/Esercizi ASDI/Esercizio2.1/Esercizio2.1.srcs/sources_1/new/comb_net.vhd:49]
ERROR: [XSIM 43-3321] Static elaboration of top level VHDL design unit tb_comb_net in library work failed.
INFO: [USF-XSim-69] 'elaborate' step finished in '2' seconds
INFO: [USF-XSim-99] Step results log file:'C:/Users/eliof/Desktop/Esercizi ASDI/Esercizio2.1/Esercizio2.1.sim/sim_1/behav/xsim/elaborate.log'
ERROR: [USF-XSim-62] 'elaborate' step failed with error(s). Please check the Tcl console output or 'C:/Users/eliof/Desktop/Esercizi ASDI/Esercizio2.1/Esercizio2.1.sim/sim_1/behav/xsim/elaborate.log' file for more information.
ERROR: [Vivado 12-4473] Detected error while running simulation. Please correct the issue and retry this operation.
launch_simulation: Time (s): cpu = 00:00:01 ; elapsed = 00:00:07 . Memory (MB): peak = 1024.680 ; gain = 0.000
ERROR: [Common 17-39] 'launch_simulation' failed due to earlier errors.
exit
INFO: [Common 17-206] Exiting Vivado at Tue Oct 21 08:53:20 2025...
